TimeQuest Timing Analyzer report for Part1
Wed May 04 17:50:43 2016
Quartus II 64-Bit Version 13.0.1 Build 232 06/12/2013 Service Pack 1 SJ Web Edition


---------------------
; Table of Contents ;
---------------------
  1. Legal Notice
  2. TimeQuest Timing Analyzer Summary
  3. Parallel Compilation
  4. Clocks
  5. Slow Model Fmax Summary
  6. Slow Model Setup Summary
  7. Slow Model Hold Summary
  8. Slow Model Recovery Summary
  9. Slow Model Removal Summary
 10. Slow Model Minimum Pulse Width Summary
 11. Propagation Delay
 12. Minimum Propagation Delay
 13. Fast Model Setup Summary
 14. Fast Model Hold Summary
 15. Fast Model Recovery Summary
 16. Fast Model Removal Summary
 17. Fast Model Minimum Pulse Width Summary
 18. Propagation Delay
 19. Minimum Propagation Delay
 20. Multicorner Timing Analysis Summary
 21. Progagation Delay
 22. Minimum Progagation Delay
 23. Clock Transfers
 24. Report TCCS
 25. Report RSKM
 26. Unconstrained Paths
 27. TimeQuest Timing Analyzer Messages



----------------
; Legal Notice ;
----------------
Copyright (C) 1991-2013 Altera Corporation
Your use of Altera Corporation's design tools, logic functions 
and other software and tools, and its AMPP partner logic 
functions, and any output files from any of the foregoing 
(including device programming or simulation files), and any 
associated documentation or information are expressly subject 
to the terms and conditions of the Altera Program License 
Subscription Agreement, Altera MegaCore Function License 
Agreement, or other applicable license agreement, including, 
without limitation, that your use is for the sole purpose of 
programming logic devices manufactured by Altera and sold by 
Altera or its authorized distributors.  Please refer to the 
applicable agreement for further details.



+----------------------------------------------------------------------------------------+
; TimeQuest Timing Analyzer Summary                                                      ;
+--------------------+-------------------------------------------------------------------+
; Quartus II Version ; Version 13.0.1 Build 232 06/12/2013 Service Pack 1 SJ Web Edition ;
; Revision Name      ; Part1                                                             ;
; Device Family      ; Cyclone II                                                        ;
; Device Name        ; EP2C35F672C6                                                      ;
; Timing Models      ; Final                                                             ;
; Delay Model        ; Combined                                                          ;
; Rise/Fall Delays   ; Unavailable                                                       ;
+--------------------+-------------------------------------------------------------------+


Parallel compilation was disabled, but you have multiple processors available. Enable parallel compilation to reduce compilation time.
+-------------------------------------+
; Parallel Compilation                ;
+----------------------------+--------+
; Processors                 ; Number ;
+----------------------------+--------+
; Number detected on machine ; 4      ;
; Maximum allowed            ; 1      ;
+----------------------------+--------+


----------
; Clocks ;
----------
No clocks to report.


---------------------------
; Slow Model Fmax Summary ;
---------------------------
No paths to report.


----------------------------
; Slow Model Setup Summary ;
----------------------------
No paths to report.


---------------------------
; Slow Model Hold Summary ;
---------------------------
No paths to report.


-------------------------------
; Slow Model Recovery Summary ;
-------------------------------
No paths to report.


------------------------------
; Slow Model Removal Summary ;
------------------------------
No paths to report.


------------------------------------------
; Slow Model Minimum Pulse Width Summary ;
------------------------------------------
No paths to report.


+--------------------------------------------------------------+
; Propagation Delay                                            ;
+------------+-------------+--------+--------+--------+--------+
; Input Port ; Output Port ; RR     ; RF     ; FR     ; FF     ;
+------------+-------------+--------+--------+--------+--------+
; SW[0]      ; HEX0[0]     ; 7.365  ; 7.365  ; 7.365  ; 7.365  ;
; SW[0]      ; HEX0[1]     ; 7.290  ; 7.290  ; 7.290  ; 7.290  ;
; SW[0]      ; HEX0[2]     ;        ; 7.283  ; 7.283  ;        ;
; SW[0]      ; HEX0[3]     ; 7.345  ; 7.345  ; 7.345  ; 7.345  ;
; SW[0]      ; HEX0[4]     ; 7.102  ;        ;        ; 7.102  ;
; SW[0]      ; HEX0[5]     ; 7.082  ;        ;        ; 7.082  ;
; SW[0]      ; HEX0[6]     ; 7.087  ;        ;        ; 7.087  ;
; SW[1]      ; HEX0[0]     ;        ; 7.446  ; 7.446  ;        ;
; SW[1]      ; HEX0[1]     ; 7.407  ; 7.407  ; 7.407  ; 7.407  ;
; SW[1]      ; HEX0[2]     ; 7.447  ;        ;        ; 7.447  ;
; SW[1]      ; HEX0[3]     ;        ; 7.426  ; 7.426  ;        ;
; SW[1]      ; HEX0[4]     ; 7.227  ; 7.227  ; 7.227  ; 7.227  ;
; SW[1]      ; HEX0[5]     ; 7.212  ;        ;        ; 7.212  ;
; SW[1]      ; HEX0[6]     ; 7.215  ; 7.215  ; 7.215  ; 7.215  ;
; SW[2]      ; HEX0[0]     ; 6.881  ; 6.881  ; 6.881  ; 6.881  ;
; SW[2]      ; HEX0[1]     ; 6.836  ;        ;        ; 6.836  ;
; SW[2]      ; HEX0[2]     ;        ; 6.838  ; 6.838  ;        ;
; SW[2]      ; HEX0[3]     ; 6.861  ; 6.861  ; 6.861  ; 6.861  ;
; SW[2]      ; HEX0[4]     ; 6.618  ;        ;        ; 6.618  ;
; SW[2]      ; HEX0[5]     ;        ; 6.599  ; 6.599  ;        ;
; SW[2]      ; HEX0[6]     ; 6.602  ; 6.602  ; 6.602  ; 6.602  ;
; SW[3]      ; HEX0[0]     ;        ; 6.179  ; 6.179  ;        ;
; SW[3]      ; HEX0[1]     ;        ; 6.133  ; 6.133  ;        ;
; SW[3]      ; HEX0[2]     ;        ; 6.137  ; 6.137  ;        ;
; SW[3]      ; HEX0[3]     ;        ; 6.159  ; 6.159  ;        ;
; SW[3]      ; HEX0[4]     ; 5.911  ;        ;        ; 5.911  ;
; SW[3]      ; HEX0[5]     ;        ; 5.900  ; 5.900  ;        ;
; SW[3]      ; HEX0[6]     ;        ; 5.872  ; 5.872  ;        ;
; SW[4]      ; HEX1[0]     ; 6.636  ; 6.636  ; 6.636  ; 6.636  ;
; SW[4]      ; HEX1[1]     ; 6.691  ; 6.691  ; 6.691  ; 6.691  ;
; SW[4]      ; HEX1[2]     ;        ; 6.246  ; 6.246  ;        ;
; SW[4]      ; HEX1[3]     ; 6.301  ; 6.301  ; 6.301  ; 6.301  ;
; SW[4]      ; HEX1[4]     ; 6.271  ;        ;        ; 6.271  ;
; SW[4]      ; HEX1[5]     ; 6.469  ;        ;        ; 6.469  ;
; SW[4]      ; HEX1[6]     ; 6.555  ;        ;        ; 6.555  ;
; SW[5]      ; HEX1[0]     ;        ; 6.363  ; 6.363  ;        ;
; SW[5]      ; HEX1[1]     ; 6.420  ; 6.420  ; 6.420  ; 6.420  ;
; SW[5]      ; HEX1[2]     ; 6.019  ;        ;        ; 6.019  ;
; SW[5]      ; HEX1[3]     ;        ; 6.028  ; 6.028  ;        ;
; SW[5]      ; HEX1[4]     ; 5.997  ; 5.997  ; 5.997  ; 5.997  ;
; SW[5]      ; HEX1[5]     ; 6.204  ;        ;        ; 6.204  ;
; SW[5]      ; HEX1[6]     ; 6.285  ; 6.285  ; 6.285  ; 6.285  ;
; SW[6]      ; HEX1[0]     ; 6.586  ; 6.586  ; 6.586  ; 6.586  ;
; SW[6]      ; HEX1[1]     ; 6.639  ;        ;        ; 6.639  ;
; SW[6]      ; HEX1[2]     ;        ; 6.238  ; 6.238  ;        ;
; SW[6]      ; HEX1[3]     ; 6.251  ; 6.251  ; 6.251  ; 6.251  ;
; SW[6]      ; HEX1[4]     ; 6.216  ;        ;        ; 6.216  ;
; SW[6]      ; HEX1[5]     ;        ; 6.410  ; 6.410  ;        ;
; SW[6]      ; HEX1[6]     ; 6.492  ; 6.492  ; 6.492  ; 6.492  ;
; SW[7]      ; HEX1[0]     ;        ; 7.289  ; 7.289  ;        ;
; SW[7]      ; HEX1[1]     ;        ; 7.344  ; 7.344  ;        ;
; SW[7]      ; HEX1[2]     ;        ; 6.944  ; 6.944  ;        ;
; SW[7]      ; HEX1[3]     ;        ; 6.954  ; 6.954  ;        ;
; SW[7]      ; HEX1[4]     ; 6.960  ;        ;        ; 6.960  ;
; SW[7]      ; HEX1[5]     ;        ; 7.116  ; 7.116  ;        ;
; SW[7]      ; HEX1[6]     ;        ; 7.237  ; 7.237  ;        ;
; SW[8]      ; HEX2[0]     ; 7.516  ; 7.516  ; 7.516  ; 7.516  ;
; SW[8]      ; HEX2[1]     ; 7.432  ; 7.432  ; 7.432  ; 7.432  ;
; SW[8]      ; HEX2[2]     ;        ; 7.464  ; 7.464  ;        ;
; SW[8]      ; HEX2[3]     ; 7.472  ; 7.472  ; 7.472  ; 7.472  ;
; SW[8]      ; HEX2[4]     ; 7.176  ;        ;        ; 7.176  ;
; SW[8]      ; HEX2[5]     ; 7.217  ;        ;        ; 7.217  ;
; SW[8]      ; HEX2[6]     ; 7.216  ;        ;        ; 7.216  ;
; SW[9]      ; HEX2[0]     ;        ; 7.032  ; 7.032  ;        ;
; SW[9]      ; HEX2[1]     ; 6.949  ; 6.949  ; 6.949  ; 6.949  ;
; SW[9]      ; HEX2[2]     ; 7.028  ;        ;        ; 7.028  ;
; SW[9]      ; HEX2[3]     ;        ; 6.988  ; 6.988  ;        ;
; SW[9]      ; HEX2[4]     ; 6.694  ; 6.694  ; 6.694  ; 6.694  ;
; SW[9]      ; HEX2[5]     ; 6.739  ;        ;        ; 6.739  ;
; SW[9]      ; HEX2[6]     ; 6.735  ; 6.735  ; 6.735  ; 6.735  ;
; SW[10]     ; HEX2[0]     ; 7.205  ; 7.205  ; 7.205  ; 7.205  ;
; SW[10]     ; HEX2[1]     ; 7.122  ;        ;        ; 7.122  ;
; SW[10]     ; HEX2[2]     ;        ; 7.192  ; 7.192  ;        ;
; SW[10]     ; HEX2[3]     ; 7.161  ; 7.161  ; 7.161  ; 7.161  ;
; SW[10]     ; HEX2[4]     ; 6.860  ;        ;        ; 6.860  ;
; SW[10]     ; HEX2[5]     ;        ; 6.901  ; 6.901  ;        ;
; SW[10]     ; HEX2[6]     ; 6.897  ; 6.897  ; 6.897  ; 6.897  ;
; SW[11]     ; HEX2[0]     ;        ; 7.245  ; 7.245  ;        ;
; SW[11]     ; HEX2[1]     ;        ; 7.161  ; 7.161  ;        ;
; SW[11]     ; HEX2[2]     ;        ; 7.230  ; 7.230  ;        ;
; SW[11]     ; HEX2[3]     ;        ; 7.201  ; 7.201  ;        ;
; SW[11]     ; HEX2[4]     ; 6.941  ;        ;        ; 6.941  ;
; SW[11]     ; HEX2[5]     ;        ; 6.941  ; 6.941  ;        ;
; SW[11]     ; HEX2[6]     ;        ; 6.976  ; 6.976  ;        ;
; SW[12]     ; HEX3[0]     ; 7.022  ; 7.022  ; 7.022  ; 7.022  ;
; SW[12]     ; HEX3[1]     ; 6.902  ; 6.902  ; 6.902  ; 6.902  ;
; SW[12]     ; HEX3[2]     ;        ; 6.900  ; 6.900  ;        ;
; SW[12]     ; HEX3[3]     ; 6.911  ; 6.911  ; 6.911  ; 6.911  ;
; SW[12]     ; HEX3[4]     ; 6.826  ;        ;        ; 6.826  ;
; SW[12]     ; HEX3[5]     ; 7.092  ;        ;        ; 7.092  ;
; SW[12]     ; HEX3[6]     ; 7.106  ;        ;        ; 7.106  ;
; SW[13]     ; HEX3[0]     ;        ; 10.602 ; 10.602 ;        ;
; SW[13]     ; HEX3[1]     ; 10.525 ; 10.525 ; 10.525 ; 10.525 ;
; SW[13]     ; HEX3[2]     ; 10.521 ;        ;        ; 10.521 ;
; SW[13]     ; HEX3[3]     ;        ; 10.491 ; 10.491 ;        ;
; SW[13]     ; HEX3[4]     ; 10.480 ; 10.480 ; 10.480 ; 10.480 ;
; SW[13]     ; HEX3[5]     ; 10.716 ;        ;        ; 10.716 ;
; SW[13]     ; HEX3[6]     ; 10.736 ; 10.736 ; 10.736 ; 10.736 ;
; SW[14]     ; HEX3[0]     ; 10.705 ; 10.705 ; 10.705 ; 10.705 ;
; SW[14]     ; HEX3[1]     ; 10.585 ;        ;        ; 10.585 ;
; SW[14]     ; HEX3[2]     ;        ; 10.544 ; 10.544 ;        ;
; SW[14]     ; HEX3[3]     ; 10.594 ; 10.594 ; 10.594 ; 10.594 ;
; SW[14]     ; HEX3[4]     ; 10.540 ;        ;        ; 10.540 ;
; SW[14]     ; HEX3[5]     ;        ; 10.781 ; 10.781 ;        ;
; SW[14]     ; HEX3[6]     ; 10.799 ; 10.799 ; 10.799 ; 10.799 ;
; SW[15]     ; HEX3[0]     ;        ; 10.396 ; 10.396 ;        ;
; SW[15]     ; HEX3[1]     ;        ; 10.275 ; 10.275 ;        ;
; SW[15]     ; HEX3[2]     ;        ; 10.273 ; 10.273 ;        ;
; SW[15]     ; HEX3[3]     ;        ; 10.285 ; 10.285 ;        ;
; SW[15]     ; HEX3[4]     ; 10.231 ;        ;        ; 10.231 ;
; SW[15]     ; HEX3[5]     ;        ; 10.477 ; 10.477 ;        ;
; SW[15]     ; HEX3[6]     ;        ; 10.493 ; 10.493 ;        ;
+------------+-------------+--------+--------+--------+--------+


+--------------------------------------------------------------+
; Minimum Propagation Delay                                    ;
+------------+-------------+--------+--------+--------+--------+
; Input Port ; Output Port ; RR     ; RF     ; FR     ; FF     ;
+------------+-------------+--------+--------+--------+--------+
; SW[0]      ; HEX0[0]     ; 7.365  ; 7.365  ; 7.365  ; 7.365  ;
; SW[0]      ; HEX0[1]     ; 7.290  ; 7.290  ; 7.290  ; 7.290  ;
; SW[0]      ; HEX0[2]     ;        ; 7.283  ; 7.283  ;        ;
; SW[0]      ; HEX0[3]     ; 7.345  ; 7.345  ; 7.345  ; 7.345  ;
; SW[0]      ; HEX0[4]     ; 7.102  ;        ;        ; 7.102  ;
; SW[0]      ; HEX0[5]     ; 7.082  ;        ;        ; 7.082  ;
; SW[0]      ; HEX0[6]     ; 7.087  ;        ;        ; 7.087  ;
; SW[1]      ; HEX0[0]     ;        ; 7.446  ; 7.446  ;        ;
; SW[1]      ; HEX0[1]     ; 7.407  ; 7.407  ; 7.407  ; 7.407  ;
; SW[1]      ; HEX0[2]     ; 7.447  ;        ;        ; 7.447  ;
; SW[1]      ; HEX0[3]     ;        ; 7.426  ; 7.426  ;        ;
; SW[1]      ; HEX0[4]     ; 7.227  ; 7.227  ; 7.227  ; 7.227  ;
; SW[1]      ; HEX0[5]     ; 7.212  ;        ;        ; 7.212  ;
; SW[1]      ; HEX0[6]     ; 7.215  ; 7.215  ; 7.215  ; 7.215  ;
; SW[2]      ; HEX0[0]     ; 6.881  ; 6.881  ; 6.881  ; 6.881  ;
; SW[2]      ; HEX0[1]     ; 6.836  ;        ;        ; 6.836  ;
; SW[2]      ; HEX0[2]     ;        ; 6.838  ; 6.838  ;        ;
; SW[2]      ; HEX0[3]     ; 6.861  ; 6.861  ; 6.861  ; 6.861  ;
; SW[2]      ; HEX0[4]     ; 6.618  ;        ;        ; 6.618  ;
; SW[2]      ; HEX0[5]     ;        ; 6.599  ; 6.599  ;        ;
; SW[2]      ; HEX0[6]     ; 6.602  ; 6.602  ; 6.602  ; 6.602  ;
; SW[3]      ; HEX0[0]     ;        ; 6.179  ; 6.179  ;        ;
; SW[3]      ; HEX0[1]     ;        ; 6.133  ; 6.133  ;        ;
; SW[3]      ; HEX0[2]     ;        ; 6.137  ; 6.137  ;        ;
; SW[3]      ; HEX0[3]     ;        ; 6.159  ; 6.159  ;        ;
; SW[3]      ; HEX0[4]     ; 5.911  ;        ;        ; 5.911  ;
; SW[3]      ; HEX0[5]     ;        ; 5.900  ; 5.900  ;        ;
; SW[3]      ; HEX0[6]     ;        ; 5.872  ; 5.872  ;        ;
; SW[4]      ; HEX1[0]     ; 6.636  ; 6.636  ; 6.636  ; 6.636  ;
; SW[4]      ; HEX1[1]     ; 6.691  ; 6.691  ; 6.691  ; 6.691  ;
; SW[4]      ; HEX1[2]     ;        ; 6.246  ; 6.246  ;        ;
; SW[4]      ; HEX1[3]     ; 6.301  ; 6.301  ; 6.301  ; 6.301  ;
; SW[4]      ; HEX1[4]     ; 6.271  ;        ;        ; 6.271  ;
; SW[4]      ; HEX1[5]     ; 6.469  ;        ;        ; 6.469  ;
; SW[4]      ; HEX1[6]     ; 6.555  ;        ;        ; 6.555  ;
; SW[5]      ; HEX1[0]     ;        ; 6.363  ; 6.363  ;        ;
; SW[5]      ; HEX1[1]     ; 6.420  ; 6.420  ; 6.420  ; 6.420  ;
; SW[5]      ; HEX1[2]     ; 6.019  ;        ;        ; 6.019  ;
; SW[5]      ; HEX1[3]     ;        ; 6.028  ; 6.028  ;        ;
; SW[5]      ; HEX1[4]     ; 5.997  ; 5.997  ; 5.997  ; 5.997  ;
; SW[5]      ; HEX1[5]     ; 6.204  ;        ;        ; 6.204  ;
; SW[5]      ; HEX1[6]     ; 6.285  ; 6.285  ; 6.285  ; 6.285  ;
; SW[6]      ; HEX1[0]     ; 6.586  ; 6.586  ; 6.586  ; 6.586  ;
; SW[6]      ; HEX1[1]     ; 6.639  ;        ;        ; 6.639  ;
; SW[6]      ; HEX1[2]     ;        ; 6.238  ; 6.238  ;        ;
; SW[6]      ; HEX1[3]     ; 6.251  ; 6.251  ; 6.251  ; 6.251  ;
; SW[6]      ; HEX1[4]     ; 6.216  ;        ;        ; 6.216  ;
; SW[6]      ; HEX1[5]     ;        ; 6.410  ; 6.410  ;        ;
; SW[6]      ; HEX1[6]     ; 6.492  ; 6.492  ; 6.492  ; 6.492  ;
; SW[7]      ; HEX1[0]     ;        ; 7.289  ; 7.289  ;        ;
; SW[7]      ; HEX1[1]     ;        ; 7.344  ; 7.344  ;        ;
; SW[7]      ; HEX1[2]     ;        ; 6.944  ; 6.944  ;        ;
; SW[7]      ; HEX1[3]     ;        ; 6.954  ; 6.954  ;        ;
; SW[7]      ; HEX1[4]     ; 6.960  ;        ;        ; 6.960  ;
; SW[7]      ; HEX1[5]     ;        ; 7.116  ; 7.116  ;        ;
; SW[7]      ; HEX1[6]     ;        ; 7.237  ; 7.237  ;        ;
; SW[8]      ; HEX2[0]     ; 7.516  ; 7.516  ; 7.516  ; 7.516  ;
; SW[8]      ; HEX2[1]     ; 7.432  ; 7.432  ; 7.432  ; 7.432  ;
; SW[8]      ; HEX2[2]     ;        ; 7.464  ; 7.464  ;        ;
; SW[8]      ; HEX2[3]     ; 7.472  ; 7.472  ; 7.472  ; 7.472  ;
; SW[8]      ; HEX2[4]     ; 7.176  ;        ;        ; 7.176  ;
; SW[8]      ; HEX2[5]     ; 7.217  ;        ;        ; 7.217  ;
; SW[8]      ; HEX2[6]     ; 7.216  ;        ;        ; 7.216  ;
; SW[9]      ; HEX2[0]     ;        ; 7.032  ; 7.032  ;        ;
; SW[9]      ; HEX2[1]     ; 6.949  ; 6.949  ; 6.949  ; 6.949  ;
; SW[9]      ; HEX2[2]     ; 7.028  ;        ;        ; 7.028  ;
; SW[9]      ; HEX2[3]     ;        ; 6.988  ; 6.988  ;        ;
; SW[9]      ; HEX2[4]     ; 6.694  ; 6.694  ; 6.694  ; 6.694  ;
; SW[9]      ; HEX2[5]     ; 6.739  ;        ;        ; 6.739  ;
; SW[9]      ; HEX2[6]     ; 6.735  ; 6.735  ; 6.735  ; 6.735  ;
; SW[10]     ; HEX2[0]     ; 7.205  ; 7.205  ; 7.205  ; 7.205  ;
; SW[10]     ; HEX2[1]     ; 7.122  ;        ;        ; 7.122  ;
; SW[10]     ; HEX2[2]     ;        ; 7.192  ; 7.192  ;        ;
; SW[10]     ; HEX2[3]     ; 7.161  ; 7.161  ; 7.161  ; 7.161  ;
; SW[10]     ; HEX2[4]     ; 6.860  ;        ;        ; 6.860  ;
; SW[10]     ; HEX2[5]     ;        ; 6.901  ; 6.901  ;        ;
; SW[10]     ; HEX2[6]     ; 6.897  ; 6.897  ; 6.897  ; 6.897  ;
; SW[11]     ; HEX2[0]     ;        ; 7.245  ; 7.245  ;        ;
; SW[11]     ; HEX2[1]     ;        ; 7.161  ; 7.161  ;        ;
; SW[11]     ; HEX2[2]     ;        ; 7.230  ; 7.230  ;        ;
; SW[11]     ; HEX2[3]     ;        ; 7.201  ; 7.201  ;        ;
; SW[11]     ; HEX2[4]     ; 6.941  ;        ;        ; 6.941  ;
; SW[11]     ; HEX2[5]     ;        ; 6.941  ; 6.941  ;        ;
; SW[11]     ; HEX2[6]     ;        ; 6.976  ; 6.976  ;        ;
; SW[12]     ; HEX3[0]     ; 7.022  ; 7.022  ; 7.022  ; 7.022  ;
; SW[12]     ; HEX3[1]     ; 6.902  ; 6.902  ; 6.902  ; 6.902  ;
; SW[12]     ; HEX3[2]     ;        ; 6.900  ; 6.900  ;        ;
; SW[12]     ; HEX3[3]     ; 6.911  ; 6.911  ; 6.911  ; 6.911  ;
; SW[12]     ; HEX3[4]     ; 6.826  ;        ;        ; 6.826  ;
; SW[12]     ; HEX3[5]     ; 7.092  ;        ;        ; 7.092  ;
; SW[12]     ; HEX3[6]     ; 7.106  ;        ;        ; 7.106  ;
; SW[13]     ; HEX3[0]     ;        ; 10.602 ; 10.602 ;        ;
; SW[13]     ; HEX3[1]     ; 10.525 ; 10.525 ; 10.525 ; 10.525 ;
; SW[13]     ; HEX3[2]     ; 10.521 ;        ;        ; 10.521 ;
; SW[13]     ; HEX3[3]     ;        ; 10.491 ; 10.491 ;        ;
; SW[13]     ; HEX3[4]     ; 10.480 ; 10.480 ; 10.480 ; 10.480 ;
; SW[13]     ; HEX3[5]     ; 10.716 ;        ;        ; 10.716 ;
; SW[13]     ; HEX3[6]     ; 10.736 ; 10.736 ; 10.736 ; 10.736 ;
; SW[14]     ; HEX3[0]     ; 10.705 ; 10.705 ; 10.705 ; 10.705 ;
; SW[14]     ; HEX3[1]     ; 10.585 ;        ;        ; 10.585 ;
; SW[14]     ; HEX3[2]     ;        ; 10.544 ; 10.544 ;        ;
; SW[14]     ; HEX3[3]     ; 10.594 ; 10.594 ; 10.594 ; 10.594 ;
; SW[14]     ; HEX3[4]     ; 10.540 ;        ;        ; 10.540 ;
; SW[14]     ; HEX3[5]     ;        ; 10.781 ; 10.781 ;        ;
; SW[14]     ; HEX3[6]     ; 10.799 ; 10.799 ; 10.799 ; 10.799 ;
; SW[15]     ; HEX3[0]     ;        ; 10.396 ; 10.396 ;        ;
; SW[15]     ; HEX3[1]     ;        ; 10.275 ; 10.275 ;        ;
; SW[15]     ; HEX3[2]     ;        ; 10.273 ; 10.273 ;        ;
; SW[15]     ; HEX3[3]     ;        ; 10.285 ; 10.285 ;        ;
; SW[15]     ; HEX3[4]     ; 10.231 ;        ;        ; 10.231 ;
; SW[15]     ; HEX3[5]     ;        ; 10.477 ; 10.477 ;        ;
; SW[15]     ; HEX3[6]     ;        ; 10.493 ; 10.493 ;        ;
+------------+-------------+--------+--------+--------+--------+


----------------------------
; Fast Model Setup Summary ;
----------------------------
No paths to report.


---------------------------
; Fast Model Hold Summary ;
---------------------------
No paths to report.


-------------------------------
; Fast Model Recovery Summary ;
-------------------------------
No paths to report.


------------------------------
; Fast Model Removal Summary ;
------------------------------
No paths to report.


------------------------------------------
; Fast Model Minimum Pulse Width Summary ;
------------------------------------------
No paths to report.


+----------------------------------------------------------+
; Propagation Delay                                        ;
+------------+-------------+-------+-------+-------+-------+
; Input Port ; Output Port ; RR    ; RF    ; FR    ; FF    ;
+------------+-------------+-------+-------+-------+-------+
; SW[0]      ; HEX0[0]     ; 3.843 ; 3.843 ; 3.843 ; 3.843 ;
; SW[0]      ; HEX0[1]     ; 3.803 ; 3.803 ; 3.803 ; 3.803 ;
; SW[0]      ; HEX0[2]     ;       ; 3.814 ; 3.814 ;       ;
; SW[0]      ; HEX0[3]     ; 3.826 ; 3.826 ; 3.826 ; 3.826 ;
; SW[0]      ; HEX0[4]     ; 3.715 ;       ;       ; 3.715 ;
; SW[0]      ; HEX0[5]     ; 3.705 ;       ;       ; 3.705 ;
; SW[0]      ; HEX0[6]     ; 3.701 ;       ;       ; 3.701 ;
; SW[1]      ; HEX0[0]     ;       ; 3.929 ; 3.929 ;       ;
; SW[1]      ; HEX0[1]     ; 3.889 ; 3.889 ; 3.889 ; 3.889 ;
; SW[1]      ; HEX0[2]     ; 3.902 ;       ;       ; 3.902 ;
; SW[1]      ; HEX0[3]     ;       ; 3.912 ; 3.912 ;       ;
; SW[1]      ; HEX0[4]     ; 3.801 ; 3.801 ; 3.801 ; 3.801 ;
; SW[1]      ; HEX0[5]     ; 3.794 ;       ;       ; 3.794 ;
; SW[1]      ; HEX0[6]     ; 3.791 ; 3.791 ; 3.791 ; 3.791 ;
; SW[2]      ; HEX0[0]     ; 3.648 ; 3.648 ; 3.648 ; 3.648 ;
; SW[2]      ; HEX0[1]     ; 3.607 ;       ;       ; 3.607 ;
; SW[2]      ; HEX0[2]     ;       ; 3.612 ; 3.612 ;       ;
; SW[2]      ; HEX0[3]     ; 3.631 ; 3.631 ; 3.631 ; 3.631 ;
; SW[2]      ; HEX0[4]     ; 3.520 ;       ;       ; 3.520 ;
; SW[2]      ; HEX0[5]     ;       ; 3.505 ; 3.505 ;       ;
; SW[2]      ; HEX0[6]     ; 3.506 ; 3.506 ; 3.506 ; 3.506 ;
; SW[3]      ; HEX0[0]     ;       ; 3.213 ; 3.213 ;       ;
; SW[3]      ; HEX0[1]     ;       ; 3.173 ; 3.173 ;       ;
; SW[3]      ; HEX0[2]     ;       ; 3.183 ; 3.183 ;       ;
; SW[3]      ; HEX0[3]     ;       ; 3.196 ; 3.196 ;       ;
; SW[3]      ; HEX0[4]     ; 3.085 ;       ;       ; 3.085 ;
; SW[3]      ; HEX0[5]     ;       ; 3.073 ; 3.073 ;       ;
; SW[3]      ; HEX0[6]     ;       ; 3.074 ; 3.074 ;       ;
; SW[4]      ; HEX1[0]     ; 3.447 ; 3.447 ; 3.447 ; 3.447 ;
; SW[4]      ; HEX1[1]     ; 3.461 ; 3.461 ; 3.461 ; 3.461 ;
; SW[4]      ; HEX1[2]     ;       ; 3.232 ; 3.232 ;       ;
; SW[4]      ; HEX1[3]     ; 3.242 ; 3.242 ; 3.242 ; 3.242 ;
; SW[4]      ; HEX1[4]     ; 3.230 ;       ;       ; 3.230 ;
; SW[4]      ; HEX1[5]     ; 3.314 ;       ;       ; 3.314 ;
; SW[4]      ; HEX1[6]     ; 3.358 ;       ;       ; 3.358 ;
; SW[5]      ; HEX1[0]     ;       ; 3.321 ; 3.321 ;       ;
; SW[5]      ; HEX1[1]     ; 3.342 ; 3.342 ; 3.342 ; 3.342 ;
; SW[5]      ; HEX1[2]     ; 3.114 ;       ;       ; 3.114 ;
; SW[5]      ; HEX1[3]     ;       ; 3.116 ; 3.116 ;       ;
; SW[5]      ; HEX1[4]     ; 3.109 ; 3.109 ; 3.109 ; 3.109 ;
; SW[5]      ; HEX1[5]     ; 3.200 ;       ;       ; 3.200 ;
; SW[5]      ; HEX1[6]     ; 3.245 ; 3.245 ; 3.245 ; 3.245 ;
; SW[6]      ; HEX1[0]     ; 3.436 ; 3.436 ; 3.436 ; 3.436 ;
; SW[6]      ; HEX1[1]     ; 3.480 ;       ;       ; 3.480 ;
; SW[6]      ; HEX1[2]     ;       ; 3.223 ; 3.223 ;       ;
; SW[6]      ; HEX1[3]     ; 3.231 ; 3.231 ; 3.231 ; 3.231 ;
; SW[6]      ; HEX1[4]     ; 3.218 ;       ;       ; 3.218 ;
; SW[6]      ; HEX1[5]     ;       ; 3.297 ; 3.297 ;       ;
; SW[6]      ; HEX1[6]     ; 3.342 ; 3.342 ; 3.342 ; 3.342 ;
; SW[7]      ; HEX1[0]     ;       ; 3.893 ; 3.893 ;       ;
; SW[7]      ; HEX1[1]     ;       ; 3.905 ; 3.905 ;       ;
; SW[7]      ; HEX1[2]     ;       ; 3.676 ; 3.676 ;       ;
; SW[7]      ; HEX1[3]     ;       ; 3.688 ; 3.688 ;       ;
; SW[7]      ; HEX1[4]     ; 3.672 ;       ;       ; 3.672 ;
; SW[7]      ; HEX1[5]     ;       ; 3.755 ; 3.755 ;       ;
; SW[7]      ; HEX1[6]     ;       ; 3.799 ; 3.799 ;       ;
; SW[8]      ; HEX2[0]     ; 3.972 ; 3.972 ; 3.972 ; 3.972 ;
; SW[8]      ; HEX2[1]     ; 3.901 ; 3.901 ; 3.901 ; 3.901 ;
; SW[8]      ; HEX2[2]     ;       ; 3.961 ; 3.961 ;       ;
; SW[8]      ; HEX2[3]     ; 3.952 ; 3.952 ; 3.952 ; 3.952 ;
; SW[8]      ; HEX2[4]     ; 3.804 ;       ;       ; 3.804 ;
; SW[8]      ; HEX2[5]     ; 3.827 ;       ;       ; 3.827 ;
; SW[8]      ; HEX2[6]     ; 3.818 ;       ;       ; 3.818 ;
; SW[9]      ; HEX2[0]     ;       ; 3.698 ; 3.698 ;       ;
; SW[9]      ; HEX2[1]     ; 3.631 ; 3.631 ; 3.631 ; 3.631 ;
; SW[9]      ; HEX2[2]     ; 3.696 ;       ;       ; 3.696 ;
; SW[9]      ; HEX2[3]     ;       ; 3.678 ; 3.678 ;       ;
; SW[9]      ; HEX2[4]     ; 3.535 ; 3.535 ; 3.535 ; 3.535 ;
; SW[9]      ; HEX2[5]     ; 3.562 ;       ;       ; 3.562 ;
; SW[9]      ; HEX2[6]     ; 3.554 ; 3.554 ; 3.554 ; 3.554 ;
; SW[10]     ; HEX2[0]     ; 3.788 ; 3.788 ; 3.788 ; 3.788 ;
; SW[10]     ; HEX2[1]     ; 3.745 ;       ;       ; 3.745 ;
; SW[10]     ; HEX2[2]     ;       ; 3.774 ; 3.774 ;       ;
; SW[10]     ; HEX2[3]     ; 3.768 ; 3.768 ; 3.768 ; 3.768 ;
; SW[10]     ; HEX2[4]     ; 3.616 ;       ;       ; 3.616 ;
; SW[10]     ; HEX2[5]     ;       ; 3.640 ; 3.640 ;       ;
; SW[10]     ; HEX2[6]     ; 3.632 ; 3.632 ; 3.632 ; 3.632 ;
; SW[11]     ; HEX2[0]     ;       ; 3.797 ; 3.797 ;       ;
; SW[11]     ; HEX2[1]     ;       ; 3.724 ; 3.724 ;       ;
; SW[11]     ; HEX2[2]     ;       ; 3.781 ; 3.781 ;       ;
; SW[11]     ; HEX2[3]     ;       ; 3.777 ; 3.777 ;       ;
; SW[11]     ; HEX2[4]     ; 3.622 ;       ;       ; 3.622 ;
; SW[11]     ; HEX2[5]     ;       ; 3.645 ; 3.645 ;       ;
; SW[11]     ; HEX2[6]     ;       ; 3.636 ; 3.636 ;       ;
; SW[12]     ; HEX3[0]     ; 3.662 ; 3.662 ; 3.662 ; 3.662 ;
; SW[12]     ; HEX3[1]     ; 3.629 ; 3.629 ; 3.629 ; 3.629 ;
; SW[12]     ; HEX3[2]     ;       ; 3.627 ; 3.627 ;       ;
; SW[12]     ; HEX3[3]     ; 3.632 ; 3.632 ; 3.632 ; 3.632 ;
; SW[12]     ; HEX3[4]     ; 3.599 ;       ;       ; 3.599 ;
; SW[12]     ; HEX3[5]     ; 3.687 ;       ;       ; 3.687 ;
; SW[12]     ; HEX3[6]     ; 3.696 ;       ;       ; 3.696 ;
; SW[13]     ; HEX3[0]     ;       ; 5.902 ; 5.902 ;       ;
; SW[13]     ; HEX3[1]     ; 5.869 ; 5.869 ; 5.869 ; 5.869 ;
; SW[13]     ; HEX3[2]     ; 5.868 ;       ;       ; 5.868 ;
; SW[13]     ; HEX3[3]     ;       ; 5.872 ; 5.872 ;       ;
; SW[13]     ; HEX3[4]     ; 5.838 ; 5.838 ; 5.838 ; 5.838 ;
; SW[13]     ; HEX3[5]     ; 5.931 ;       ;       ; 5.931 ;
; SW[13]     ; HEX3[6]     ; 5.937 ; 5.937 ; 5.937 ; 5.937 ;
; SW[14]     ; HEX3[0]     ; 5.951 ; 5.951 ; 5.951 ; 5.951 ;
; SW[14]     ; HEX3[1]     ; 5.917 ;       ;       ; 5.917 ;
; SW[14]     ; HEX3[2]     ;       ; 5.916 ; 5.916 ;       ;
; SW[14]     ; HEX3[3]     ; 5.921 ; 5.921 ; 5.921 ; 5.921 ;
; SW[14]     ; HEX3[4]     ; 5.884 ;       ;       ; 5.884 ;
; SW[14]     ; HEX3[5]     ;       ; 5.984 ; 5.984 ;       ;
; SW[14]     ; HEX3[6]     ; 5.988 ; 5.988 ; 5.988 ; 5.988 ;
; SW[15]     ; HEX3[0]     ;       ; 5.795 ; 5.795 ;       ;
; SW[15]     ; HEX3[1]     ;       ; 5.762 ; 5.762 ;       ;
; SW[15]     ; HEX3[2]     ;       ; 5.762 ; 5.762 ;       ;
; SW[15]     ; HEX3[3]     ;       ; 5.765 ; 5.765 ;       ;
; SW[15]     ; HEX3[4]     ; 5.738 ;       ;       ; 5.738 ;
; SW[15]     ; HEX3[5]     ;       ; 5.833 ; 5.833 ;       ;
; SW[15]     ; HEX3[6]     ;       ; 5.844 ; 5.844 ;       ;
+------------+-------------+-------+-------+-------+-------+


+----------------------------------------------------------+
; Minimum Propagation Delay                                ;
+------------+-------------+-------+-------+-------+-------+
; Input Port ; Output Port ; RR    ; RF    ; FR    ; FF    ;
+------------+-------------+-------+-------+-------+-------+
; SW[0]      ; HEX0[0]     ; 3.843 ; 3.843 ; 3.843 ; 3.843 ;
; SW[0]      ; HEX0[1]     ; 3.803 ; 3.803 ; 3.803 ; 3.803 ;
; SW[0]      ; HEX0[2]     ;       ; 3.814 ; 3.814 ;       ;
; SW[0]      ; HEX0[3]     ; 3.826 ; 3.826 ; 3.826 ; 3.826 ;
; SW[0]      ; HEX0[4]     ; 3.715 ;       ;       ; 3.715 ;
; SW[0]      ; HEX0[5]     ; 3.705 ;       ;       ; 3.705 ;
; SW[0]      ; HEX0[6]     ; 3.701 ;       ;       ; 3.701 ;
; SW[1]      ; HEX0[0]     ;       ; 3.929 ; 3.929 ;       ;
; SW[1]      ; HEX0[1]     ; 3.889 ; 3.889 ; 3.889 ; 3.889 ;
; SW[1]      ; HEX0[2]     ; 3.902 ;       ;       ; 3.902 ;
; SW[1]      ; HEX0[3]     ;       ; 3.912 ; 3.912 ;       ;
; SW[1]      ; HEX0[4]     ; 3.801 ; 3.801 ; 3.801 ; 3.801 ;
; SW[1]      ; HEX0[5]     ; 3.794 ;       ;       ; 3.794 ;
; SW[1]      ; HEX0[6]     ; 3.791 ; 3.791 ; 3.791 ; 3.791 ;
; SW[2]      ; HEX0[0]     ; 3.648 ; 3.648 ; 3.648 ; 3.648 ;
; SW[2]      ; HEX0[1]     ; 3.607 ;       ;       ; 3.607 ;
; SW[2]      ; HEX0[2]     ;       ; 3.612 ; 3.612 ;       ;
; SW[2]      ; HEX0[3]     ; 3.631 ; 3.631 ; 3.631 ; 3.631 ;
; SW[2]      ; HEX0[4]     ; 3.520 ;       ;       ; 3.520 ;
; SW[2]      ; HEX0[5]     ;       ; 3.505 ; 3.505 ;       ;
; SW[2]      ; HEX0[6]     ; 3.506 ; 3.506 ; 3.506 ; 3.506 ;
; SW[3]      ; HEX0[0]     ;       ; 3.213 ; 3.213 ;       ;
; SW[3]      ; HEX0[1]     ;       ; 3.173 ; 3.173 ;       ;
; SW[3]      ; HEX0[2]     ;       ; 3.183 ; 3.183 ;       ;
; SW[3]      ; HEX0[3]     ;       ; 3.196 ; 3.196 ;       ;
; SW[3]      ; HEX0[4]     ; 3.085 ;       ;       ; 3.085 ;
; SW[3]      ; HEX0[5]     ;       ; 3.073 ; 3.073 ;       ;
; SW[3]      ; HEX0[6]     ;       ; 3.074 ; 3.074 ;       ;
; SW[4]      ; HEX1[0]     ; 3.447 ; 3.447 ; 3.447 ; 3.447 ;
; SW[4]      ; HEX1[1]     ; 3.461 ; 3.461 ; 3.461 ; 3.461 ;
; SW[4]      ; HEX1[2]     ;       ; 3.232 ; 3.232 ;       ;
; SW[4]      ; HEX1[3]     ; 3.242 ; 3.242 ; 3.242 ; 3.242 ;
; SW[4]      ; HEX1[4]     ; 3.230 ;       ;       ; 3.230 ;
; SW[4]      ; HEX1[5]     ; 3.314 ;       ;       ; 3.314 ;
; SW[4]      ; HEX1[6]     ; 3.358 ;       ;       ; 3.358 ;
; SW[5]      ; HEX1[0]     ;       ; 3.321 ; 3.321 ;       ;
; SW[5]      ; HEX1[1]     ; 3.342 ; 3.342 ; 3.342 ; 3.342 ;
; SW[5]      ; HEX1[2]     ; 3.114 ;       ;       ; 3.114 ;
; SW[5]      ; HEX1[3]     ;       ; 3.116 ; 3.116 ;       ;
; SW[5]      ; HEX1[4]     ; 3.109 ; 3.109 ; 3.109 ; 3.109 ;
; SW[5]      ; HEX1[5]     ; 3.200 ;       ;       ; 3.200 ;
; SW[5]      ; HEX1[6]     ; 3.245 ; 3.245 ; 3.245 ; 3.245 ;
; SW[6]      ; HEX1[0]     ; 3.436 ; 3.436 ; 3.436 ; 3.436 ;
; SW[6]      ; HEX1[1]     ; 3.480 ;       ;       ; 3.480 ;
; SW[6]      ; HEX1[2]     ;       ; 3.223 ; 3.223 ;       ;
; SW[6]      ; HEX1[3]     ; 3.231 ; 3.231 ; 3.231 ; 3.231 ;
; SW[6]      ; HEX1[4]     ; 3.218 ;       ;       ; 3.218 ;
; SW[6]      ; HEX1[5]     ;       ; 3.297 ; 3.297 ;       ;
; SW[6]      ; HEX1[6]     ; 3.342 ; 3.342 ; 3.342 ; 3.342 ;
; SW[7]      ; HEX1[0]     ;       ; 3.893 ; 3.893 ;       ;
; SW[7]      ; HEX1[1]     ;       ; 3.905 ; 3.905 ;       ;
; SW[7]      ; HEX1[2]     ;       ; 3.676 ; 3.676 ;       ;
; SW[7]      ; HEX1[3]     ;       ; 3.688 ; 3.688 ;       ;
; SW[7]      ; HEX1[4]     ; 3.672 ;       ;       ; 3.672 ;
; SW[7]      ; HEX1[5]     ;       ; 3.755 ; 3.755 ;       ;
; SW[7]      ; HEX1[6]     ;       ; 3.799 ; 3.799 ;       ;
; SW[8]      ; HEX2[0]     ; 3.972 ; 3.972 ; 3.972 ; 3.972 ;
; SW[8]      ; HEX2[1]     ; 3.901 ; 3.901 ; 3.901 ; 3.901 ;
; SW[8]      ; HEX2[2]     ;       ; 3.961 ; 3.961 ;       ;
; SW[8]      ; HEX2[3]     ; 3.952 ; 3.952 ; 3.952 ; 3.952 ;
; SW[8]      ; HEX2[4]     ; 3.804 ;       ;       ; 3.804 ;
; SW[8]      ; HEX2[5]     ; 3.827 ;       ;       ; 3.827 ;
; SW[8]      ; HEX2[6]     ; 3.818 ;       ;       ; 3.818 ;
; SW[9]      ; HEX2[0]     ;       ; 3.698 ; 3.698 ;       ;
; SW[9]      ; HEX2[1]     ; 3.631 ; 3.631 ; 3.631 ; 3.631 ;
; SW[9]      ; HEX2[2]     ; 3.696 ;       ;       ; 3.696 ;
; SW[9]      ; HEX2[3]     ;       ; 3.678 ; 3.678 ;       ;
; SW[9]      ; HEX2[4]     ; 3.535 ; 3.535 ; 3.535 ; 3.535 ;
; SW[9]      ; HEX2[5]     ; 3.562 ;       ;       ; 3.562 ;
; SW[9]      ; HEX2[6]     ; 3.554 ; 3.554 ; 3.554 ; 3.554 ;
; SW[10]     ; HEX2[0]     ; 3.788 ; 3.788 ; 3.788 ; 3.788 ;
; SW[10]     ; HEX2[1]     ; 3.745 ;       ;       ; 3.745 ;
; SW[10]     ; HEX2[2]     ;       ; 3.774 ; 3.774 ;       ;
; SW[10]     ; HEX2[3]     ; 3.768 ; 3.768 ; 3.768 ; 3.768 ;
; SW[10]     ; HEX2[4]     ; 3.616 ;       ;       ; 3.616 ;
; SW[10]     ; HEX2[5]     ;       ; 3.640 ; 3.640 ;       ;
; SW[10]     ; HEX2[6]     ; 3.632 ; 3.632 ; 3.632 ; 3.632 ;
; SW[11]     ; HEX2[0]     ;       ; 3.797 ; 3.797 ;       ;
; SW[11]     ; HEX2[1]     ;       ; 3.724 ; 3.724 ;       ;
; SW[11]     ; HEX2[2]     ;       ; 3.781 ; 3.781 ;       ;
; SW[11]     ; HEX2[3]     ;       ; 3.777 ; 3.777 ;       ;
; SW[11]     ; HEX2[4]     ; 3.622 ;       ;       ; 3.622 ;
; SW[11]     ; HEX2[5]     ;       ; 3.645 ; 3.645 ;       ;
; SW[11]     ; HEX2[6]     ;       ; 3.636 ; 3.636 ;       ;
; SW[12]     ; HEX3[0]     ; 3.662 ; 3.662 ; 3.662 ; 3.662 ;
; SW[12]     ; HEX3[1]     ; 3.629 ; 3.629 ; 3.629 ; 3.629 ;
; SW[12]     ; HEX3[2]     ;       ; 3.627 ; 3.627 ;       ;
; SW[12]     ; HEX3[3]     ; 3.632 ; 3.632 ; 3.632 ; 3.632 ;
; SW[12]     ; HEX3[4]     ; 3.599 ;       ;       ; 3.599 ;
; SW[12]     ; HEX3[5]     ; 3.687 ;       ;       ; 3.687 ;
; SW[12]     ; HEX3[6]     ; 3.696 ;       ;       ; 3.696 ;
; SW[13]     ; HEX3[0]     ;       ; 5.902 ; 5.902 ;       ;
; SW[13]     ; HEX3[1]     ; 5.869 ; 5.869 ; 5.869 ; 5.869 ;
; SW[13]     ; HEX3[2]     ; 5.868 ;       ;       ; 5.868 ;
; SW[13]     ; HEX3[3]     ;       ; 5.872 ; 5.872 ;       ;
; SW[13]     ; HEX3[4]     ; 5.838 ; 5.838 ; 5.838 ; 5.838 ;
; SW[13]     ; HEX3[5]     ; 5.931 ;       ;       ; 5.931 ;
; SW[13]     ; HEX3[6]     ; 5.937 ; 5.937 ; 5.937 ; 5.937 ;
; SW[14]     ; HEX3[0]     ; 5.951 ; 5.951 ; 5.951 ; 5.951 ;
; SW[14]     ; HEX3[1]     ; 5.917 ;       ;       ; 5.917 ;
; SW[14]     ; HEX3[2]     ;       ; 5.916 ; 5.916 ;       ;
; SW[14]     ; HEX3[3]     ; 5.921 ; 5.921 ; 5.921 ; 5.921 ;
; SW[14]     ; HEX3[4]     ; 5.884 ;       ;       ; 5.884 ;
; SW[14]     ; HEX3[5]     ;       ; 5.984 ; 5.984 ;       ;
; SW[14]     ; HEX3[6]     ; 5.988 ; 5.988 ; 5.988 ; 5.988 ;
; SW[15]     ; HEX3[0]     ;       ; 5.795 ; 5.795 ;       ;
; SW[15]     ; HEX3[1]     ;       ; 5.762 ; 5.762 ;       ;
; SW[15]     ; HEX3[2]     ;       ; 5.762 ; 5.762 ;       ;
; SW[15]     ; HEX3[3]     ;       ; 5.765 ; 5.765 ;       ;
; SW[15]     ; HEX3[4]     ; 5.738 ;       ;       ; 5.738 ;
; SW[15]     ; HEX3[5]     ;       ; 5.833 ; 5.833 ;       ;
; SW[15]     ; HEX3[6]     ;       ; 5.844 ; 5.844 ;       ;
+------------+-------------+-------+-------+-------+-------+


+----------------------------------------------------------------------------+
; Multicorner Timing Analysis Summary                                        ;
+------------------+-------+------+----------+---------+---------------------+
; Clock            ; Setup ; Hold ; Recovery ; Removal ; Minimum Pulse Width ;
+------------------+-------+------+----------+---------+---------------------+
; Worst-case Slack ; N/A   ; N/A  ; N/A      ; N/A     ; N/A                 ;
; Design-wide TNS  ; 0.0   ; 0.0  ; 0.0      ; 0.0     ; 0.0                 ;
+------------------+-------+------+----------+---------+---------------------+


+--------------------------------------------------------------+
; Progagation Delay                                            ;
+------------+-------------+--------+--------+--------+--------+
; Input Port ; Output Port ; RR     ; RF     ; FR     ; FF     ;
+------------+-------------+--------+--------+--------+--------+
; SW[0]      ; HEX0[0]     ; 7.365  ; 7.365  ; 7.365  ; 7.365  ;
; SW[0]      ; HEX0[1]     ; 7.290  ; 7.290  ; 7.290  ; 7.290  ;
; SW[0]      ; HEX0[2]     ;        ; 7.283  ; 7.283  ;        ;
; SW[0]      ; HEX0[3]     ; 7.345  ; 7.345  ; 7.345  ; 7.345  ;
; SW[0]      ; HEX0[4]     ; 7.102  ;        ;        ; 7.102  ;
; SW[0]      ; HEX0[5]     ; 7.082  ;        ;        ; 7.082  ;
; SW[0]      ; HEX0[6]     ; 7.087  ;        ;        ; 7.087  ;
; SW[1]      ; HEX0[0]     ;        ; 7.446  ; 7.446  ;        ;
; SW[1]      ; HEX0[1]     ; 7.407  ; 7.407  ; 7.407  ; 7.407  ;
; SW[1]      ; HEX0[2]     ; 7.447  ;        ;        ; 7.447  ;
; SW[1]      ; HEX0[3]     ;        ; 7.426  ; 7.426  ;        ;
; SW[1]      ; HEX0[4]     ; 7.227  ; 7.227  ; 7.227  ; 7.227  ;
; SW[1]      ; HEX0[5]     ; 7.212  ;        ;        ; 7.212  ;
; SW[1]      ; HEX0[6]     ; 7.215  ; 7.215  ; 7.215  ; 7.215  ;
; SW[2]      ; HEX0[0]     ; 6.881  ; 6.881  ; 6.881  ; 6.881  ;
; SW[2]      ; HEX0[1]     ; 6.836  ;        ;        ; 6.836  ;
; SW[2]      ; HEX0[2]     ;        ; 6.838  ; 6.838  ;        ;
; SW[2]      ; HEX0[3]     ; 6.861  ; 6.861  ; 6.861  ; 6.861  ;
; SW[2]      ; HEX0[4]     ; 6.618  ;        ;        ; 6.618  ;
; SW[2]      ; HEX0[5]     ;        ; 6.599  ; 6.599  ;        ;
; SW[2]      ; HEX0[6]     ; 6.602  ; 6.602  ; 6.602  ; 6.602  ;
; SW[3]      ; HEX0[0]     ;        ; 6.179  ; 6.179  ;        ;
; SW[3]      ; HEX0[1]     ;        ; 6.133  ; 6.133  ;        ;
; SW[3]      ; HEX0[2]     ;        ; 6.137  ; 6.137  ;        ;
; SW[3]      ; HEX0[3]     ;        ; 6.159  ; 6.159  ;        ;
; SW[3]      ; HEX0[4]     ; 5.911  ;        ;        ; 5.911  ;
; SW[3]      ; HEX0[5]     ;        ; 5.900  ; 5.900  ;        ;
; SW[3]      ; HEX0[6]     ;        ; 5.872  ; 5.872  ;        ;
; SW[4]      ; HEX1[0]     ; 6.636  ; 6.636  ; 6.636  ; 6.636  ;
; SW[4]      ; HEX1[1]     ; 6.691  ; 6.691  ; 6.691  ; 6.691  ;
; SW[4]      ; HEX1[2]     ;        ; 6.246  ; 6.246  ;        ;
; SW[4]      ; HEX1[3]     ; 6.301  ; 6.301  ; 6.301  ; 6.301  ;
; SW[4]      ; HEX1[4]     ; 6.271  ;        ;        ; 6.271  ;
; SW[4]      ; HEX1[5]     ; 6.469  ;        ;        ; 6.469  ;
; SW[4]      ; HEX1[6]     ; 6.555  ;        ;        ; 6.555  ;
; SW[5]      ; HEX1[0]     ;        ; 6.363  ; 6.363  ;        ;
; SW[5]      ; HEX1[1]     ; 6.420  ; 6.420  ; 6.420  ; 6.420  ;
; SW[5]      ; HEX1[2]     ; 6.019  ;        ;        ; 6.019  ;
; SW[5]      ; HEX1[3]     ;        ; 6.028  ; 6.028  ;        ;
; SW[5]      ; HEX1[4]     ; 5.997  ; 5.997  ; 5.997  ; 5.997  ;
; SW[5]      ; HEX1[5]     ; 6.204  ;        ;        ; 6.204  ;
; SW[5]      ; HEX1[6]     ; 6.285  ; 6.285  ; 6.285  ; 6.285  ;
; SW[6]      ; HEX1[0]     ; 6.586  ; 6.586  ; 6.586  ; 6.586  ;
; SW[6]      ; HEX1[1]     ; 6.639  ;        ;        ; 6.639  ;
; SW[6]      ; HEX1[2]     ;        ; 6.238  ; 6.238  ;        ;
; SW[6]      ; HEX1[3]     ; 6.251  ; 6.251  ; 6.251  ; 6.251  ;
; SW[6]      ; HEX1[4]     ; 6.216  ;        ;        ; 6.216  ;
; SW[6]      ; HEX1[5]     ;        ; 6.410  ; 6.410  ;        ;
; SW[6]      ; HEX1[6]     ; 6.492  ; 6.492  ; 6.492  ; 6.492  ;
; SW[7]      ; HEX1[0]     ;        ; 7.289  ; 7.289  ;        ;
; SW[7]      ; HEX1[1]     ;        ; 7.344  ; 7.344  ;        ;
; SW[7]      ; HEX1[2]     ;        ; 6.944  ; 6.944  ;        ;
; SW[7]      ; HEX1[3]     ;        ; 6.954  ; 6.954  ;        ;
; SW[7]      ; HEX1[4]     ; 6.960  ;        ;        ; 6.960  ;
; SW[7]      ; HEX1[5]     ;        ; 7.116  ; 7.116  ;        ;
; SW[7]      ; HEX1[6]     ;        ; 7.237  ; 7.237  ;        ;
; SW[8]      ; HEX2[0]     ; 7.516  ; 7.516  ; 7.516  ; 7.516  ;
; SW[8]      ; HEX2[1]     ; 7.432  ; 7.432  ; 7.432  ; 7.432  ;
; SW[8]      ; HEX2[2]     ;        ; 7.464  ; 7.464  ;        ;
; SW[8]      ; HEX2[3]     ; 7.472  ; 7.472  ; 7.472  ; 7.472  ;
; SW[8]      ; HEX2[4]     ; 7.176  ;        ;        ; 7.176  ;
; SW[8]      ; HEX2[5]     ; 7.217  ;        ;        ; 7.217  ;
; SW[8]      ; HEX2[6]     ; 7.216  ;        ;        ; 7.216  ;
; SW[9]      ; HEX2[0]     ;        ; 7.032  ; 7.032  ;        ;
; SW[9]      ; HEX2[1]     ; 6.949  ; 6.949  ; 6.949  ; 6.949  ;
; SW[9]      ; HEX2[2]     ; 7.028  ;        ;        ; 7.028  ;
; SW[9]      ; HEX2[3]     ;        ; 6.988  ; 6.988  ;        ;
; SW[9]      ; HEX2[4]     ; 6.694  ; 6.694  ; 6.694  ; 6.694  ;
; SW[9]      ; HEX2[5]     ; 6.739  ;        ;        ; 6.739  ;
; SW[9]      ; HEX2[6]     ; 6.735  ; 6.735  ; 6.735  ; 6.735  ;
; SW[10]     ; HEX2[0]     ; 7.205  ; 7.205  ; 7.205  ; 7.205  ;
; SW[10]     ; HEX2[1]     ; 7.122  ;        ;        ; 7.122  ;
; SW[10]     ; HEX2[2]     ;        ; 7.192  ; 7.192  ;        ;
; SW[10]     ; HEX2[3]     ; 7.161  ; 7.161  ; 7.161  ; 7.161  ;
; SW[10]     ; HEX2[4]     ; 6.860  ;        ;        ; 6.860  ;
; SW[10]     ; HEX2[5]     ;        ; 6.901  ; 6.901  ;        ;
; SW[10]     ; HEX2[6]     ; 6.897  ; 6.897  ; 6.897  ; 6.897  ;
; SW[11]     ; HEX2[0]     ;        ; 7.245  ; 7.245  ;        ;
; SW[11]     ; HEX2[1]     ;        ; 7.161  ; 7.161  ;        ;
; SW[11]     ; HEX2[2]     ;        ; 7.230  ; 7.230  ;        ;
; SW[11]     ; HEX2[3]     ;        ; 7.201  ; 7.201  ;        ;
; SW[11]     ; HEX2[4]     ; 6.941  ;        ;        ; 6.941  ;
; SW[11]     ; HEX2[5]     ;        ; 6.941  ; 6.941  ;        ;
; SW[11]     ; HEX2[6]     ;        ; 6.976  ; 6.976  ;        ;
; SW[12]     ; HEX3[0]     ; 7.022  ; 7.022  ; 7.022  ; 7.022  ;
; SW[12]     ; HEX3[1]     ; 6.902  ; 6.902  ; 6.902  ; 6.902  ;
; SW[12]     ; HEX3[2]     ;        ; 6.900  ; 6.900  ;        ;
; SW[12]     ; HEX3[3]     ; 6.911  ; 6.911  ; 6.911  ; 6.911  ;
; SW[12]     ; HEX3[4]     ; 6.826  ;        ;        ; 6.826  ;
; SW[12]     ; HEX3[5]     ; 7.092  ;        ;        ; 7.092  ;
; SW[12]     ; HEX3[6]     ; 7.106  ;        ;        ; 7.106  ;
; SW[13]     ; HEX3[0]     ;        ; 10.602 ; 10.602 ;        ;
; SW[13]     ; HEX3[1]     ; 10.525 ; 10.525 ; 10.525 ; 10.525 ;
; SW[13]     ; HEX3[2]     ; 10.521 ;        ;        ; 10.521 ;
; SW[13]     ; HEX3[3]     ;        ; 10.491 ; 10.491 ;        ;
; SW[13]     ; HEX3[4]     ; 10.480 ; 10.480 ; 10.480 ; 10.480 ;
; SW[13]     ; HEX3[5]     ; 10.716 ;        ;        ; 10.716 ;
; SW[13]     ; HEX3[6]     ; 10.736 ; 10.736 ; 10.736 ; 10.736 ;
; SW[14]     ; HEX3[0]     ; 10.705 ; 10.705 ; 10.705 ; 10.705 ;
; SW[14]     ; HEX3[1]     ; 10.585 ;        ;        ; 10.585 ;
; SW[14]     ; HEX3[2]     ;        ; 10.544 ; 10.544 ;        ;
; SW[14]     ; HEX3[3]     ; 10.594 ; 10.594 ; 10.594 ; 10.594 ;
; SW[14]     ; HEX3[4]     ; 10.540 ;        ;        ; 10.540 ;
; SW[14]     ; HEX3[5]     ;        ; 10.781 ; 10.781 ;        ;
; SW[14]     ; HEX3[6]     ; 10.799 ; 10.799 ; 10.799 ; 10.799 ;
; SW[15]     ; HEX3[0]     ;        ; 10.396 ; 10.396 ;        ;
; SW[15]     ; HEX3[1]     ;        ; 10.275 ; 10.275 ;        ;
; SW[15]     ; HEX3[2]     ;        ; 10.273 ; 10.273 ;        ;
; SW[15]     ; HEX3[3]     ;        ; 10.285 ; 10.285 ;        ;
; SW[15]     ; HEX3[4]     ; 10.231 ;        ;        ; 10.231 ;
; SW[15]     ; HEX3[5]     ;        ; 10.477 ; 10.477 ;        ;
; SW[15]     ; HEX3[6]     ;        ; 10.493 ; 10.493 ;        ;
+------------+-------------+--------+--------+--------+--------+


+----------------------------------------------------------+
; Minimum Progagation Delay                                ;
+------------+-------------+-------+-------+-------+-------+
; Input Port ; Output Port ; RR    ; RF    ; FR    ; FF    ;
+------------+-------------+-------+-------+-------+-------+
; SW[0]      ; HEX0[0]     ; 3.843 ; 3.843 ; 3.843 ; 3.843 ;
; SW[0]      ; HEX0[1]     ; 3.803 ; 3.803 ; 3.803 ; 3.803 ;
; SW[0]      ; HEX0[2]     ;       ; 3.814 ; 3.814 ;       ;
; SW[0]      ; HEX0[3]     ; 3.826 ; 3.826 ; 3.826 ; 3.826 ;
; SW[0]      ; HEX0[4]     ; 3.715 ;       ;       ; 3.715 ;
; SW[0]      ; HEX0[5]     ; 3.705 ;       ;       ; 3.705 ;
; SW[0]      ; HEX0[6]     ; 3.701 ;       ;       ; 3.701 ;
; SW[1]      ; HEX0[0]     ;       ; 3.929 ; 3.929 ;       ;
; SW[1]      ; HEX0[1]     ; 3.889 ; 3.889 ; 3.889 ; 3.889 ;
; SW[1]      ; HEX0[2]     ; 3.902 ;       ;       ; 3.902 ;
; SW[1]      ; HEX0[3]     ;       ; 3.912 ; 3.912 ;       ;
; SW[1]      ; HEX0[4]     ; 3.801 ; 3.801 ; 3.801 ; 3.801 ;
; SW[1]      ; HEX0[5]     ; 3.794 ;       ;       ; 3.794 ;
; SW[1]      ; HEX0[6]     ; 3.791 ; 3.791 ; 3.791 ; 3.791 ;
; SW[2]      ; HEX0[0]     ; 3.648 ; 3.648 ; 3.648 ; 3.648 ;
; SW[2]      ; HEX0[1]     ; 3.607 ;       ;       ; 3.607 ;
; SW[2]      ; HEX0[2]     ;       ; 3.612 ; 3.612 ;       ;
; SW[2]      ; HEX0[3]     ; 3.631 ; 3.631 ; 3.631 ; 3.631 ;
; SW[2]      ; HEX0[4]     ; 3.520 ;       ;       ; 3.520 ;
; SW[2]      ; HEX0[5]     ;       ; 3.505 ; 3.505 ;       ;
; SW[2]      ; HEX0[6]     ; 3.506 ; 3.506 ; 3.506 ; 3.506 ;
; SW[3]      ; HEX0[0]     ;       ; 3.213 ; 3.213 ;       ;
; SW[3]      ; HEX0[1]     ;       ; 3.173 ; 3.173 ;       ;
; SW[3]      ; HEX0[2]     ;       ; 3.183 ; 3.183 ;       ;
; SW[3]      ; HEX0[3]     ;       ; 3.196 ; 3.196 ;       ;
; SW[3]      ; HEX0[4]     ; 3.085 ;       ;       ; 3.085 ;
; SW[3]      ; HEX0[5]     ;       ; 3.073 ; 3.073 ;       ;
; SW[3]      ; HEX0[6]     ;       ; 3.074 ; 3.074 ;       ;
; SW[4]      ; HEX1[0]     ; 3.447 ; 3.447 ; 3.447 ; 3.447 ;
; SW[4]      ; HEX1[1]     ; 3.461 ; 3.461 ; 3.461 ; 3.461 ;
; SW[4]      ; HEX1[2]     ;       ; 3.232 ; 3.232 ;       ;
; SW[4]      ; HEX1[3]     ; 3.242 ; 3.242 ; 3.242 ; 3.242 ;
; SW[4]      ; HEX1[4]     ; 3.230 ;       ;       ; 3.230 ;
; SW[4]      ; HEX1[5]     ; 3.314 ;       ;       ; 3.314 ;
; SW[4]      ; HEX1[6]     ; 3.358 ;       ;       ; 3.358 ;
; SW[5]      ; HEX1[0]     ;       ; 3.321 ; 3.321 ;       ;
; SW[5]      ; HEX1[1]     ; 3.342 ; 3.342 ; 3.342 ; 3.342 ;
; SW[5]      ; HEX1[2]     ; 3.114 ;       ;       ; 3.114 ;
; SW[5]      ; HEX1[3]     ;       ; 3.116 ; 3.116 ;       ;
; SW[5]      ; HEX1[4]     ; 3.109 ; 3.109 ; 3.109 ; 3.109 ;
; SW[5]      ; HEX1[5]     ; 3.200 ;       ;       ; 3.200 ;
; SW[5]      ; HEX1[6]     ; 3.245 ; 3.245 ; 3.245 ; 3.245 ;
; SW[6]      ; HEX1[0]     ; 3.436 ; 3.436 ; 3.436 ; 3.436 ;
; SW[6]      ; HEX1[1]     ; 3.480 ;       ;       ; 3.480 ;
; SW[6]      ; HEX1[2]     ;       ; 3.223 ; 3.223 ;       ;
; SW[6]      ; HEX1[3]     ; 3.231 ; 3.231 ; 3.231 ; 3.231 ;
; SW[6]      ; HEX1[4]     ; 3.218 ;       ;       ; 3.218 ;
; SW[6]      ; HEX1[5]     ;       ; 3.297 ; 3.297 ;       ;
; SW[6]      ; HEX1[6]     ; 3.342 ; 3.342 ; 3.342 ; 3.342 ;
; SW[7]      ; HEX1[0]     ;       ; 3.893 ; 3.893 ;       ;
; SW[7]      ; HEX1[1]     ;       ; 3.905 ; 3.905 ;       ;
; SW[7]      ; HEX1[2]     ;       ; 3.676 ; 3.676 ;       ;
; SW[7]      ; HEX1[3]     ;       ; 3.688 ; 3.688 ;       ;
; SW[7]      ; HEX1[4]     ; 3.672 ;       ;       ; 3.672 ;
; SW[7]      ; HEX1[5]     ;       ; 3.755 ; 3.755 ;       ;
; SW[7]      ; HEX1[6]     ;       ; 3.799 ; 3.799 ;       ;
; SW[8]      ; HEX2[0]     ; 3.972 ; 3.972 ; 3.972 ; 3.972 ;
; SW[8]      ; HEX2[1]     ; 3.901 ; 3.901 ; 3.901 ; 3.901 ;
; SW[8]      ; HEX2[2]     ;       ; 3.961 ; 3.961 ;       ;
; SW[8]      ; HEX2[3]     ; 3.952 ; 3.952 ; 3.952 ; 3.952 ;
; SW[8]      ; HEX2[4]     ; 3.804 ;       ;       ; 3.804 ;
; SW[8]      ; HEX2[5]     ; 3.827 ;       ;       ; 3.827 ;
; SW[8]      ; HEX2[6]     ; 3.818 ;       ;       ; 3.818 ;
; SW[9]      ; HEX2[0]     ;       ; 3.698 ; 3.698 ;       ;
; SW[9]      ; HEX2[1]     ; 3.631 ; 3.631 ; 3.631 ; 3.631 ;
; SW[9]      ; HEX2[2]     ; 3.696 ;       ;       ; 3.696 ;
; SW[9]      ; HEX2[3]     ;       ; 3.678 ; 3.678 ;       ;
; SW[9]      ; HEX2[4]     ; 3.535 ; 3.535 ; 3.535 ; 3.535 ;
; SW[9]      ; HEX2[5]     ; 3.562 ;       ;       ; 3.562 ;
; SW[9]      ; HEX2[6]     ; 3.554 ; 3.554 ; 3.554 ; 3.554 ;
; SW[10]     ; HEX2[0]     ; 3.788 ; 3.788 ; 3.788 ; 3.788 ;
; SW[10]     ; HEX2[1]     ; 3.745 ;       ;       ; 3.745 ;
; SW[10]     ; HEX2[2]     ;       ; 3.774 ; 3.774 ;       ;
; SW[10]     ; HEX2[3]     ; 3.768 ; 3.768 ; 3.768 ; 3.768 ;
; SW[10]     ; HEX2[4]     ; 3.616 ;       ;       ; 3.616 ;
; SW[10]     ; HEX2[5]     ;       ; 3.640 ; 3.640 ;       ;
; SW[10]     ; HEX2[6]     ; 3.632 ; 3.632 ; 3.632 ; 3.632 ;
; SW[11]     ; HEX2[0]     ;       ; 3.797 ; 3.797 ;       ;
; SW[11]     ; HEX2[1]     ;       ; 3.724 ; 3.724 ;       ;
; SW[11]     ; HEX2[2]     ;       ; 3.781 ; 3.781 ;       ;
; SW[11]     ; HEX2[3]     ;       ; 3.777 ; 3.777 ;       ;
; SW[11]     ; HEX2[4]     ; 3.622 ;       ;       ; 3.622 ;
; SW[11]     ; HEX2[5]     ;       ; 3.645 ; 3.645 ;       ;
; SW[11]     ; HEX2[6]     ;       ; 3.636 ; 3.636 ;       ;
; SW[12]     ; HEX3[0]     ; 3.662 ; 3.662 ; 3.662 ; 3.662 ;
; SW[12]     ; HEX3[1]     ; 3.629 ; 3.629 ; 3.629 ; 3.629 ;
; SW[12]     ; HEX3[2]     ;       ; 3.627 ; 3.627 ;       ;
; SW[12]     ; HEX3[3]     ; 3.632 ; 3.632 ; 3.632 ; 3.632 ;
; SW[12]     ; HEX3[4]     ; 3.599 ;       ;       ; 3.599 ;
; SW[12]     ; HEX3[5]     ; 3.687 ;       ;       ; 3.687 ;
; SW[12]     ; HEX3[6]     ; 3.696 ;       ;       ; 3.696 ;
; SW[13]     ; HEX3[0]     ;       ; 5.902 ; 5.902 ;       ;
; SW[13]     ; HEX3[1]     ; 5.869 ; 5.869 ; 5.869 ; 5.869 ;
; SW[13]     ; HEX3[2]     ; 5.868 ;       ;       ; 5.868 ;
; SW[13]     ; HEX3[3]     ;       ; 5.872 ; 5.872 ;       ;
; SW[13]     ; HEX3[4]     ; 5.838 ; 5.838 ; 5.838 ; 5.838 ;
; SW[13]     ; HEX3[5]     ; 5.931 ;       ;       ; 5.931 ;
; SW[13]     ; HEX3[6]     ; 5.937 ; 5.937 ; 5.937 ; 5.937 ;
; SW[14]     ; HEX3[0]     ; 5.951 ; 5.951 ; 5.951 ; 5.951 ;
; SW[14]     ; HEX3[1]     ; 5.917 ;       ;       ; 5.917 ;
; SW[14]     ; HEX3[2]     ;       ; 5.916 ; 5.916 ;       ;
; SW[14]     ; HEX3[3]     ; 5.921 ; 5.921 ; 5.921 ; 5.921 ;
; SW[14]     ; HEX3[4]     ; 5.884 ;       ;       ; 5.884 ;
; SW[14]     ; HEX3[5]     ;       ; 5.984 ; 5.984 ;       ;
; SW[14]     ; HEX3[6]     ; 5.988 ; 5.988 ; 5.988 ; 5.988 ;
; SW[15]     ; HEX3[0]     ;       ; 5.795 ; 5.795 ;       ;
; SW[15]     ; HEX3[1]     ;       ; 5.762 ; 5.762 ;       ;
; SW[15]     ; HEX3[2]     ;       ; 5.762 ; 5.762 ;       ;
; SW[15]     ; HEX3[3]     ;       ; 5.765 ; 5.765 ;       ;
; SW[15]     ; HEX3[4]     ; 5.738 ;       ;       ; 5.738 ;
; SW[15]     ; HEX3[5]     ;       ; 5.833 ; 5.833 ;       ;
; SW[15]     ; HEX3[6]     ;       ; 5.844 ; 5.844 ;       ;
+------------+-------------+-------+-------+-------+-------+


-------------------
; Clock Transfers ;
-------------------
Nothing to report.


---------------
; Report TCCS ;
---------------
No dedicated SERDES Transmitter circuitry present in device or used in design


---------------
; Report RSKM ;
---------------
No dedicated SERDES Receiver circuitry present in device or used in design


+------------------------------------------------+
; Unconstrained Paths                            ;
+---------------------------------+-------+------+
; Property                        ; Setup ; Hold ;
+---------------------------------+-------+------+
; Illegal Clocks                  ; 0     ; 0    ;
; Unconstrained Clocks            ; 0     ; 0    ;
; Unconstrained Input Ports       ; 16    ; 16   ;
; Unconstrained Input Port Paths  ; 112   ; 112  ;
; Unconstrained Output Ports      ; 28    ; 28   ;
; Unconstrained Output Port Paths ; 112   ; 112  ;
+---------------------------------+-------+------+


+------------------------------------+
; TimeQuest Timing Analyzer Messages ;
+------------------------------------+
Info: *******************************************************************
Info: Running Quartus II 64-Bit TimeQuest Timing Analyzer
    Info: Version 13.0.1 Build 232 06/12/2013 Service Pack 1 SJ Web Edition
    Info: Processing started: Wed May 04 17:50:42 2016
Info: Command: quartus_sta Part1 -c Part1
Info: qsta_default_script.tcl version: #1
Warning (20028): Parallel compilation is not licensed and has been disabled
Info (21077): Low junction temperature is 0 degrees C
Info (21077): High junction temperature is 85 degrees C
Critical Warning (332012): Synopsys Design Constraints File file not found: 'Part1.sdc'. A Synopsys Design Constraints File is required by the TimeQuest Timing Analyzer to get proper timing constraints. Without it, the Compiler will not properly optimize the design.
Info (332142): No user constrained base clocks found in the design. Calling "derive_clocks -period 1.0"
Info (332096): The command derive_clocks did not find any clocks to derive.  No clocks were created or changed.
Warning (332068): No clocks defined in design.
Info: Found TIMEQUEST_REPORT_SCRIPT_INCLUDE_DEFAULT_ANALYSIS = ON
Info (332159): No clocks to report
Info: Analyzing Slow Model
Info (332140): No fmax paths to report
Info (332140): No Setup paths to report
Info (332140): No Hold paths to report
Info (332140): No Recovery paths to report
Info (332140): No Removal paths to report
Info (332140): No Minimum Pulse Width paths to report
Info (332001): The selected device family is not supported by the report_metastability command.
Info: Analyzing Fast Model
Info (332142): No user constrained base clocks found in the design. Calling "derive_clocks -period 1.0"
Info (332096): The command derive_clocks did not find any clocks to derive.  No clocks were created or changed.
Warning (332068): No clocks defined in design.
Info (332140): No Setup paths to report
Info (332140): No Hold paths to report
Info (332140): No Recovery paths to report
Info (332140): No Removal paths to report
Info (332140): No Minimum Pulse Width paths to report
Info (332001): The selected device family is not supported by the report_metastability command.
Info (332102): Design is not fully constrained for setup requirements
Info (332102): Design is not fully constrained for hold requirements
Info: Quartus II 64-Bit TimeQuest Timing Analyzer was successful. 0 errors, 4 warnings
    Info: Peak virtual memory: 440 megabytes
    Info: Processing ended: Wed May 04 17:50:43 2016
    Info: Elapsed time: 00:00:01
    Info: Total CPU time (on all processors): 00:00:01


