TimeQuest Timing Analyzer report for Part4
Wed May 04 17:57:19 2016
Quartus II 64-Bit Version 13.0.1 Build 232 06/12/2013 Service Pack 1 SJ Web Edition


---------------------
; Table of Contents ;
---------------------
  1. Legal Notice
  2. TimeQuest Timing Analyzer Summary
  3. Parallel Compilation
  4. Clocks
  5. Slow Model Fmax Summary
  6. Slow Model Setup Summary
  7. Slow Model Hold Summary
  8. Slow Model Recovery Summary
  9. Slow Model Removal Summary
 10. Slow Model Minimum Pulse Width Summary
 11. Propagation Delay
 12. Minimum Propagation Delay
 13. Fast Model Setup Summary
 14. Fast Model Hold Summary
 15. Fast Model Recovery Summary
 16. Fast Model Removal Summary
 17. Fast Model Minimum Pulse Width Summary
 18. Propagation Delay
 19. Minimum Propagation Delay
 20. Multicorner Timing Analysis Summary
 21. Progagation Delay
 22. Minimum Progagation Delay
 23. Clock Transfers
 24. Report TCCS
 25. Report RSKM
 26. Unconstrained Paths
 27. TimeQuest Timing Analyzer Messages



----------------
; Legal Notice ;
----------------
Copyright (C) 1991-2013 Altera Corporation
Your use of Altera Corporation's design tools, logic functions 
and other software and tools, and its AMPP partner logic 
functions, and any output files from any of the foregoing 
(including device programming or simulation files), and any 
associated documentation or information are expressly subject 
to the terms and conditions of the Altera Program License 
Subscription Agreement, Altera MegaCore Function License 
Agreement, or other applicable license agreement, including, 
without limitation, that your use is for the sole purpose of 
programming logic devices manufactured by Altera and sold by 
Altera or its authorized distributors.  Please refer to the 
applicable agreement for further details.



+----------------------------------------------------------------------------------------+
; TimeQuest Timing Analyzer Summary                                                      ;
+--------------------+-------------------------------------------------------------------+
; Quartus II Version ; Version 13.0.1 Build 232 06/12/2013 Service Pack 1 SJ Web Edition ;
; Revision Name      ; Part4                                                             ;
; Device Family      ; Cyclone II                                                        ;
; Device Name        ; EP2C35F672C6                                                      ;
; Timing Models      ; Final                                                             ;
; Delay Model        ; Combined                                                          ;
; Rise/Fall Delays   ; Unavailable                                                       ;
+--------------------+-------------------------------------------------------------------+


Parallel compilation was disabled, but you have multiple processors available. Enable parallel compilation to reduce compilation time.
+-------------------------------------+
; Parallel Compilation                ;
+----------------------------+--------+
; Processors                 ; Number ;
+----------------------------+--------+
; Number detected on machine ; 4      ;
; Maximum allowed            ; 1      ;
+----------------------------+--------+


----------
; Clocks ;
----------
No clocks to report.


---------------------------
; Slow Model Fmax Summary ;
---------------------------
No paths to report.


----------------------------
; Slow Model Setup Summary ;
----------------------------
No paths to report.


---------------------------
; Slow Model Hold Summary ;
---------------------------
No paths to report.


-------------------------------
; Slow Model Recovery Summary ;
-------------------------------
No paths to report.


------------------------------
; Slow Model Removal Summary ;
------------------------------
No paths to report.


------------------------------------------
; Slow Model Minimum Pulse Width Summary ;
------------------------------------------
No paths to report.


+--------------------------------------------------------------+
; Propagation Delay                                            ;
+------------+-------------+--------+--------+--------+--------+
; Input Port ; Output Port ; RR     ; RF     ; FR     ; FF     ;
+------------+-------------+--------+--------+--------+--------+
; SW[0]      ; HEX0[0]     ; 11.978 ; 11.978 ; 11.978 ; 11.978 ;
; SW[0]      ; HEX0[1]     ; 12.610 ; 12.610 ; 12.610 ; 12.610 ;
; SW[0]      ; HEX0[2]     ; 11.954 ; 11.954 ; 11.954 ; 11.954 ;
; SW[0]      ; HEX0[3]     ; 11.958 ; 11.958 ; 11.958 ; 11.958 ;
; SW[0]      ; HEX0[4]     ; 12.705 ; 12.705 ; 12.705 ; 12.705 ;
; SW[0]      ; HEX0[5]     ; 12.430 ; 12.430 ; 12.430 ; 12.430 ;
; SW[0]      ; HEX0[6]     ; 11.747 ; 11.747 ; 11.747 ; 11.747 ;
; SW[0]      ; HEX1[0]     ; 14.216 ; 14.216 ; 14.216 ; 14.216 ;
; SW[0]      ; HEX1[3]     ; 14.032 ; 14.032 ; 14.032 ; 14.032 ;
; SW[0]      ; HEX1[4]     ; 14.052 ; 14.052 ; 14.052 ; 14.052 ;
; SW[0]      ; HEX1[5]     ; 13.586 ; 13.586 ; 13.586 ; 13.586 ;
; SW[0]      ; HEX6[0]     ; 8.318  ; 8.318  ; 8.318  ; 8.318  ;
; SW[0]      ; HEX6[1]     ; 8.687  ; 8.687  ; 8.687  ; 8.687  ;
; SW[0]      ; HEX6[2]     ;        ; 8.069  ; 8.069  ;        ;
; SW[0]      ; HEX6[3]     ; 8.596  ; 8.596  ; 8.596  ; 8.596  ;
; SW[0]      ; HEX6[4]     ; 7.928  ;        ;        ; 7.928  ;
; SW[0]      ; HEX6[5]     ; 7.713  ;        ;        ; 7.713  ;
; SW[0]      ; HEX6[6]     ; 7.697  ;        ;        ; 7.697  ;
; SW[0]      ; LEDG[0]     ; 10.363 ; 10.363 ; 10.363 ; 10.363 ;
; SW[0]      ; LEDG[1]     ; 10.574 ; 10.574 ; 10.574 ; 10.574 ;
; SW[0]      ; LEDG[2]     ; 10.829 ; 10.829 ; 10.829 ; 10.829 ;
; SW[0]      ; LEDG[3]     ; 10.711 ; 10.711 ; 10.711 ; 10.711 ;
; SW[0]      ; LEDG[4]     ; 9.880  ;        ;        ; 9.880  ;
; SW[0]      ; LEDR[0]     ; 5.611  ;        ;        ; 5.611  ;
; SW[1]      ; HEX0[0]     ; 11.765 ; 11.765 ; 11.765 ; 11.765 ;
; SW[1]      ; HEX0[1]     ; 12.397 ; 12.397 ; 12.397 ; 12.397 ;
; SW[1]      ; HEX0[2]     ; 11.741 ; 11.741 ; 11.741 ; 11.741 ;
; SW[1]      ; HEX0[3]     ; 11.745 ; 11.745 ; 11.745 ; 11.745 ;
; SW[1]      ; HEX0[4]     ; 12.492 ; 12.492 ; 12.492 ; 12.492 ;
; SW[1]      ; HEX0[5]     ; 12.217 ; 12.217 ; 12.217 ; 12.217 ;
; SW[1]      ; HEX0[6]     ; 11.534 ; 11.534 ; 11.534 ; 11.534 ;
; SW[1]      ; HEX1[0]     ; 14.003 ; 14.003 ; 14.003 ; 14.003 ;
; SW[1]      ; HEX1[3]     ; 13.819 ; 13.819 ; 13.819 ; 13.819 ;
; SW[1]      ; HEX1[4]     ; 13.839 ; 13.839 ; 13.839 ; 13.839 ;
; SW[1]      ; HEX1[5]     ; 13.373 ; 13.373 ; 13.373 ; 13.373 ;
; SW[1]      ; HEX6[0]     ;        ; 8.104  ; 8.104  ;        ;
; SW[1]      ; HEX6[1]     ; 8.504  ; 8.504  ; 8.504  ; 8.504  ;
; SW[1]      ; HEX6[2]     ; 7.896  ;        ;        ; 7.896  ;
; SW[1]      ; HEX6[3]     ;        ; 8.382  ; 8.382  ;        ;
; SW[1]      ; HEX6[4]     ;        ; 7.715  ; 7.715  ;        ;
; SW[1]      ; HEX6[5]     ; 7.499  ;        ;        ; 7.499  ;
; SW[1]      ; HEX6[6]     ; 7.484  ; 7.484  ; 7.484  ; 7.484  ;
; SW[1]      ; LEDG[0]     ; 10.150 ; 10.150 ; 10.150 ; 10.150 ;
; SW[1]      ; LEDG[1]     ; 10.361 ; 10.361 ; 10.361 ; 10.361 ;
; SW[1]      ; LEDG[2]     ; 10.616 ; 10.616 ; 10.616 ; 10.616 ;
; SW[1]      ; LEDG[3]     ; 10.498 ; 10.498 ; 10.498 ; 10.498 ;
; SW[1]      ; LEDG[4]     ; 9.629  ; 9.667  ; 9.667  ; 9.629  ;
; SW[1]      ; LEDR[1]     ; 5.673  ;        ;        ; 5.673  ;
; SW[2]      ; HEX0[0]     ; 11.686 ; 11.686 ; 11.686 ; 11.686 ;
; SW[2]      ; HEX0[1]     ; 12.318 ; 12.318 ; 12.318 ; 12.318 ;
; SW[2]      ; HEX0[2]     ; 11.662 ; 11.662 ; 11.662 ; 11.662 ;
; SW[2]      ; HEX0[3]     ; 11.666 ; 11.666 ; 11.666 ; 11.666 ;
; SW[2]      ; HEX0[4]     ; 12.413 ; 12.413 ; 12.413 ; 12.413 ;
; SW[2]      ; HEX0[5]     ; 12.138 ; 12.138 ; 12.138 ; 12.138 ;
; SW[2]      ; HEX0[6]     ; 11.455 ; 11.455 ; 11.455 ; 11.455 ;
; SW[2]      ; HEX1[0]     ; 13.924 ; 13.924 ; 13.924 ; 13.924 ;
; SW[2]      ; HEX1[3]     ; 13.740 ; 13.740 ; 13.740 ; 13.740 ;
; SW[2]      ; HEX1[4]     ; 13.760 ; 13.760 ; 13.760 ; 13.760 ;
; SW[2]      ; HEX1[5]     ; 13.294 ; 13.294 ; 13.294 ; 13.294 ;
; SW[2]      ; HEX6[0]     ; 8.041  ; 8.041  ; 8.041  ; 8.041  ;
; SW[2]      ; HEX6[1]     ; 8.425  ;        ;        ; 8.425  ;
; SW[2]      ; HEX6[2]     ;        ; 7.826  ; 7.826  ;        ;
; SW[2]      ; HEX6[3]     ; 8.319  ; 8.319  ; 8.319  ; 8.319  ;
; SW[2]      ; HEX6[4]     ; 7.648  ; 7.648  ; 7.648  ; 7.648  ;
; SW[2]      ; HEX6[5]     ;        ; 7.432  ; 7.432  ;        ;
; SW[2]      ; HEX6[6]     ; 7.419  ; 7.419  ; 7.419  ; 7.419  ;
; SW[2]      ; LEDG[0]     ; 10.071 ; 10.071 ; 10.071 ; 10.071 ;
; SW[2]      ; LEDG[1]     ; 10.282 ; 10.282 ; 10.282 ; 10.282 ;
; SW[2]      ; LEDG[2]     ; 10.537 ; 10.537 ; 10.537 ; 10.537 ;
; SW[2]      ; LEDG[3]     ; 10.419 ; 10.419 ; 10.419 ; 10.419 ;
; SW[2]      ; LEDG[4]     ; 9.453  ; 9.588  ; 9.588  ; 9.453  ;
; SW[2]      ; LEDR[2]     ; 5.135  ;        ;        ; 5.135  ;
; SW[3]      ; HEX0[0]     ; 12.047 ; 12.047 ; 12.047 ; 12.047 ;
; SW[3]      ; HEX0[1]     ; 12.679 ; 12.679 ; 12.679 ; 12.679 ;
; SW[3]      ; HEX0[2]     ; 12.023 ; 12.023 ; 12.023 ; 12.023 ;
; SW[3]      ; HEX0[3]     ; 12.027 ; 12.027 ; 12.027 ; 12.027 ;
; SW[3]      ; HEX0[4]     ; 12.774 ; 12.774 ; 12.774 ; 12.774 ;
; SW[3]      ; HEX0[5]     ; 12.499 ; 12.499 ; 12.499 ; 12.499 ;
; SW[3]      ; HEX0[6]     ; 11.816 ; 11.816 ; 11.816 ; 11.816 ;
; SW[3]      ; HEX1[0]     ; 14.285 ; 14.285 ; 14.285 ; 14.285 ;
; SW[3]      ; HEX1[3]     ; 14.101 ; 14.101 ; 14.101 ; 14.101 ;
; SW[3]      ; HEX1[4]     ; 14.121 ; 14.121 ; 14.121 ; 14.121 ;
; SW[3]      ; HEX1[5]     ; 13.655 ; 13.655 ; 13.655 ; 13.655 ;
; SW[3]      ; HEX6[0]     ;        ; 8.361  ; 8.361  ;        ;
; SW[3]      ; HEX6[1]     ;        ; 8.739  ; 8.739  ;        ;
; SW[3]      ; HEX6[2]     ;        ; 8.140  ; 8.140  ;        ;
; SW[3]      ; HEX6[3]     ;        ; 8.639  ; 8.639  ;        ;
; SW[3]      ; HEX6[4]     ;        ; 8.012  ; 8.012  ;        ;
; SW[3]      ; HEX6[5]     ;        ; 7.754  ; 7.754  ;        ;
; SW[3]      ; HEX6[6]     ; 7.784  ; 7.784  ; 7.784  ; 7.784  ;
; SW[3]      ; LEDG[0]     ; 10.432 ; 10.432 ; 10.432 ; 10.432 ;
; SW[3]      ; LEDG[1]     ; 10.643 ; 10.643 ; 10.643 ; 10.643 ;
; SW[3]      ; LEDG[2]     ; 10.898 ; 10.898 ; 10.898 ; 10.898 ;
; SW[3]      ; LEDG[3]     ; 10.780 ; 10.780 ; 10.780 ; 10.780 ;
; SW[3]      ; LEDG[4]     ; 9.741  ; 9.949  ; 9.949  ; 9.741  ;
; SW[3]      ; LEDR[3]     ; 6.441  ;        ;        ; 6.441  ;
; SW[4]      ; HEX0[0]     ; 11.119 ; 11.119 ; 11.119 ; 11.119 ;
; SW[4]      ; HEX0[1]     ; 11.751 ; 11.751 ; 11.751 ; 11.751 ;
; SW[4]      ; HEX0[2]     ; 11.095 ; 11.095 ; 11.095 ; 11.095 ;
; SW[4]      ; HEX0[3]     ; 11.099 ; 11.099 ; 11.099 ; 11.099 ;
; SW[4]      ; HEX0[4]     ; 11.846 ; 11.846 ; 11.846 ; 11.846 ;
; SW[4]      ; HEX0[5]     ; 11.571 ; 11.571 ; 11.571 ; 11.571 ;
; SW[4]      ; HEX0[6]     ; 10.888 ; 10.888 ; 10.888 ; 10.888 ;
; SW[4]      ; HEX1[0]     ; 13.357 ; 13.357 ; 13.357 ; 13.357 ;
; SW[4]      ; HEX1[3]     ; 13.173 ; 13.173 ; 13.173 ; 13.173 ;
; SW[4]      ; HEX1[4]     ; 13.193 ; 13.193 ; 13.193 ; 13.193 ;
; SW[4]      ; HEX1[5]     ; 12.727 ; 12.727 ; 12.727 ; 12.727 ;
; SW[4]      ; HEX4[0]     ; 7.284  ; 7.284  ; 7.284  ; 7.284  ;
; SW[4]      ; HEX4[1]     ; 7.734  ; 7.734  ; 7.734  ; 7.734  ;
; SW[4]      ; HEX4[2]     ;        ; 8.388  ; 8.388  ;        ;
; SW[4]      ; HEX4[3]     ; 6.988  ; 6.988  ; 6.988  ; 6.988  ;
; SW[4]      ; HEX4[4]     ; 7.670  ;        ;        ; 7.670  ;
; SW[4]      ; HEX4[5]     ; 8.119  ;        ;        ; 8.119  ;
; SW[4]      ; HEX4[6]     ; 7.059  ;        ;        ; 7.059  ;
; SW[4]      ; LEDG[0]     ; 9.505  ; 9.505  ; 9.505  ; 9.505  ;
; SW[4]      ; LEDG[1]     ; 9.715  ; 9.715  ; 9.715  ; 9.715  ;
; SW[4]      ; LEDG[2]     ; 9.970  ; 9.970  ; 9.970  ; 9.970  ;
; SW[4]      ; LEDG[3]     ; 9.852  ; 9.852  ; 9.852  ; 9.852  ;
; SW[4]      ; LEDG[4]     ; 9.021  ;        ;        ; 9.021  ;
; SW[4]      ; LEDR[4]     ; 5.280  ;        ;        ; 5.280  ;
; SW[5]      ; HEX0[0]     ; 11.201 ; 11.201 ; 11.201 ; 11.201 ;
; SW[5]      ; HEX0[1]     ; 11.833 ; 11.833 ; 11.833 ; 11.833 ;
; SW[5]      ; HEX0[2]     ; 11.177 ; 11.177 ; 11.177 ; 11.177 ;
; SW[5]      ; HEX0[3]     ; 11.181 ; 11.181 ; 11.181 ; 11.181 ;
; SW[5]      ; HEX0[4]     ; 11.928 ; 11.928 ; 11.928 ; 11.928 ;
; SW[5]      ; HEX0[5]     ; 11.653 ; 11.653 ; 11.653 ; 11.653 ;
; SW[5]      ; HEX0[6]     ; 10.970 ; 10.970 ; 10.970 ; 10.970 ;
; SW[5]      ; HEX1[0]     ; 13.439 ; 13.439 ; 13.439 ; 13.439 ;
; SW[5]      ; HEX1[3]     ; 13.255 ; 13.255 ; 13.255 ; 13.255 ;
; SW[5]      ; HEX1[4]     ; 13.275 ; 13.275 ; 13.275 ; 13.275 ;
; SW[5]      ; HEX1[5]     ; 12.809 ; 12.809 ; 12.809 ; 12.809 ;
; SW[5]      ; HEX4[0]     ;        ; 7.360  ; 7.360  ;        ;
; SW[5]      ; HEX4[1]     ; 7.848  ; 7.848  ; 7.848  ; 7.848  ;
; SW[5]      ; HEX4[2]     ; 8.496  ;        ;        ; 8.496  ;
; SW[5]      ; HEX4[3]     ;        ; 7.064  ; 7.064  ;        ;
; SW[5]      ; HEX4[4]     ;        ; 7.752  ; 7.752  ;        ;
; SW[5]      ; HEX4[5]     ; 8.227  ;        ;        ; 8.227  ;
; SW[5]      ; HEX4[6]     ; 7.165  ; 7.165  ; 7.165  ; 7.165  ;
; SW[5]      ; LEDG[0]     ; 9.587  ; 9.587  ; 9.587  ; 9.587  ;
; SW[5]      ; LEDG[1]     ; 9.797  ; 9.797  ; 9.797  ; 9.797  ;
; SW[5]      ; LEDG[2]     ; 10.052 ; 10.052 ; 10.052 ; 10.052 ;
; SW[5]      ; LEDG[3]     ; 9.934  ; 9.934  ; 9.934  ; 9.934  ;
; SW[5]      ; LEDG[4]     ; 8.841  ; 9.316  ; 9.316  ; 8.841  ;
; SW[5]      ; LEDR[5]     ; 5.704  ;        ;        ; 5.704  ;
; SW[6]      ; HEX0[0]     ; 11.186 ; 11.186 ; 11.186 ; 11.186 ;
; SW[6]      ; HEX0[1]     ; 11.818 ; 11.818 ; 11.818 ; 11.818 ;
; SW[6]      ; HEX0[2]     ; 11.162 ; 11.162 ; 11.162 ; 11.162 ;
; SW[6]      ; HEX0[3]     ; 11.166 ; 11.166 ; 11.166 ; 11.166 ;
; SW[6]      ; HEX0[4]     ; 11.913 ; 11.913 ; 11.913 ; 11.913 ;
; SW[6]      ; HEX0[5]     ; 11.638 ; 11.638 ; 11.638 ; 11.638 ;
; SW[6]      ; HEX0[6]     ; 10.955 ; 10.955 ; 10.955 ; 10.955 ;
; SW[6]      ; HEX1[0]     ; 13.424 ; 13.424 ; 13.424 ; 13.424 ;
; SW[6]      ; HEX1[3]     ; 13.240 ; 13.240 ; 13.240 ; 13.240 ;
; SW[6]      ; HEX1[4]     ; 13.260 ; 13.260 ; 13.260 ; 13.260 ;
; SW[6]      ; HEX1[5]     ; 12.794 ; 12.794 ; 12.794 ; 12.794 ;
; SW[6]      ; HEX4[0]     ; 7.365  ; 7.365  ; 7.365  ; 7.365  ;
; SW[6]      ; HEX4[1]     ; 7.813  ;        ;        ; 7.813  ;
; SW[6]      ; HEX4[2]     ;        ; 8.452  ; 8.452  ;        ;
; SW[6]      ; HEX4[3]     ; 7.069  ; 7.069  ; 7.069  ; 7.069  ;
; SW[6]      ; HEX4[4]     ; 7.735  ; 7.735  ; 7.735  ; 7.735  ;
; SW[6]      ; HEX4[5]     ;        ; 8.193  ; 8.193  ;        ;
; SW[6]      ; HEX4[6]     ; 7.127  ; 7.127  ; 7.127  ; 7.127  ;
; SW[6]      ; LEDG[0]     ; 9.572  ; 9.572  ; 9.572  ; 9.572  ;
; SW[6]      ; LEDG[1]     ; 9.782  ; 9.782  ; 9.782  ; 9.782  ;
; SW[6]      ; LEDG[2]     ; 10.037 ; 10.037 ; 10.037 ; 10.037 ;
; SW[6]      ; LEDG[3]     ; 9.919  ; 9.919  ; 9.919  ; 9.919  ;
; SW[6]      ; LEDG[4]     ; 8.947  ; 9.322  ; 9.322  ; 8.947  ;
; SW[6]      ; LEDR[6]     ; 5.338  ;        ;        ; 5.338  ;
; SW[7]      ; HEX0[0]     ; 11.866 ; 11.866 ; 11.866 ; 11.866 ;
; SW[7]      ; HEX0[1]     ; 12.498 ; 12.498 ; 12.498 ; 12.498 ;
; SW[7]      ; HEX0[2]     ; 11.842 ; 11.842 ; 11.842 ; 11.842 ;
; SW[7]      ; HEX0[3]     ; 11.846 ; 11.846 ; 11.846 ; 11.846 ;
; SW[7]      ; HEX0[4]     ; 12.593 ; 12.593 ; 12.593 ; 12.593 ;
; SW[7]      ; HEX0[5]     ; 12.318 ; 12.318 ; 12.318 ; 12.318 ;
; SW[7]      ; HEX0[6]     ; 11.635 ; 11.635 ; 11.635 ; 11.635 ;
; SW[7]      ; HEX1[0]     ; 14.104 ; 14.104 ; 14.104 ; 14.104 ;
; SW[7]      ; HEX1[3]     ; 13.920 ; 13.920 ; 13.920 ; 13.920 ;
; SW[7]      ; HEX1[4]     ; 13.940 ; 13.940 ; 13.940 ; 13.940 ;
; SW[7]      ; HEX1[5]     ; 13.474 ; 13.474 ; 13.474 ; 13.474 ;
; SW[7]      ; HEX4[0]     ;        ; 8.015  ; 8.015  ;        ;
; SW[7]      ; HEX4[1]     ;        ; 8.471  ; 8.471  ;        ;
; SW[7]      ; HEX4[2]     ;        ; 9.126  ; 9.126  ;        ;
; SW[7]      ; HEX4[3]     ;        ; 7.719  ; 7.719  ;        ;
; SW[7]      ; HEX4[4]     ;        ; 8.416  ; 8.416  ;        ;
; SW[7]      ; HEX4[5]     ;        ; 8.857  ; 8.857  ;        ;
; SW[7]      ; HEX4[6]     ; 7.836  ; 7.836  ; 7.836  ; 7.836  ;
; SW[7]      ; LEDG[0]     ; 10.252 ; 10.252 ; 10.252 ; 10.252 ;
; SW[7]      ; LEDG[1]     ; 10.462 ; 10.462 ; 10.462 ; 10.462 ;
; SW[7]      ; LEDG[2]     ; 10.717 ; 10.717 ; 10.717 ; 10.717 ;
; SW[7]      ; LEDG[3]     ; 10.599 ; 10.599 ; 10.599 ; 10.599 ;
; SW[7]      ; LEDG[4]     ; 10.027 ; 9.768  ; 9.768  ; 10.027 ;
; SW[7]      ; LEDR[7]     ; 6.300  ;        ;        ; 6.300  ;
; SW[8]      ; HEX0[0]     ; 11.771 ; 11.771 ; 11.771 ; 11.771 ;
; SW[8]      ; HEX0[1]     ; 12.403 ; 12.403 ; 12.403 ; 12.403 ;
; SW[8]      ; HEX0[2]     ; 11.747 ; 11.747 ; 11.747 ; 11.747 ;
; SW[8]      ; HEX0[3]     ; 11.751 ; 11.751 ; 11.751 ; 11.751 ;
; SW[8]      ; HEX0[4]     ; 12.498 ; 12.498 ; 12.498 ; 12.498 ;
; SW[8]      ; HEX0[5]     ; 12.223 ; 12.223 ; 12.223 ; 12.223 ;
; SW[8]      ; HEX0[6]     ; 11.540 ; 11.540 ; 11.540 ; 11.540 ;
; SW[8]      ; HEX1[0]     ; 14.009 ; 14.009 ; 14.009 ; 14.009 ;
; SW[8]      ; HEX1[3]     ; 13.825 ; 13.825 ; 13.825 ; 13.825 ;
; SW[8]      ; HEX1[4]     ; 13.845 ; 13.845 ; 13.845 ; 13.845 ;
; SW[8]      ; HEX1[5]     ; 13.379 ; 13.379 ; 13.379 ; 13.379 ;
; SW[8]      ; LEDG[0]     ; 10.472 ; 10.472 ; 10.472 ; 10.472 ;
; SW[8]      ; LEDG[1]     ; 10.367 ; 10.367 ; 10.367 ; 10.367 ;
; SW[8]      ; LEDG[2]     ; 10.622 ; 10.622 ; 10.622 ; 10.622 ;
; SW[8]      ; LEDG[3]     ; 10.504 ; 10.504 ; 10.504 ; 10.504 ;
; SW[8]      ; LEDG[4]     ; 9.673  ;        ;        ; 9.673  ;
; SW[8]      ; LEDR[8]     ; 5.894  ;        ;        ; 5.894  ;
+------------+-------------+--------+--------+--------+--------+


+--------------------------------------------------------------+
; Minimum Propagation Delay                                    ;
+------------+-------------+--------+--------+--------+--------+
; Input Port ; Output Port ; RR     ; RF     ; FR     ; FF     ;
+------------+-------------+--------+--------+--------+--------+
; SW[0]      ; HEX0[0]     ; 9.989  ; 9.989  ; 9.989  ; 9.989  ;
; SW[0]      ; HEX0[1]     ; 9.872  ; 9.872  ; 9.872  ; 9.872  ;
; SW[0]      ; HEX0[2]     ; 9.880  ; 9.880  ; 9.880  ; 9.880  ;
; SW[0]      ; HEX0[3]     ; 9.969  ; 9.969  ; 9.969  ; 9.969  ;
; SW[0]      ; HEX0[4]     ; 9.663  ; 9.663  ; 9.663  ; 9.663  ;
; SW[0]      ; HEX0[5]     ; 9.876  ; 9.876  ; 9.876  ; 9.876  ;
; SW[0]      ; HEX0[6]     ; 9.641  ; 9.641  ; 9.641  ; 9.641  ;
; SW[0]      ; HEX1[0]     ; 12.110 ; 12.110 ; 12.110 ; 12.110 ;
; SW[0]      ; HEX1[3]     ; 11.926 ; 11.926 ; 11.926 ; 11.926 ;
; SW[0]      ; HEX1[4]     ; 11.946 ; 11.946 ; 11.946 ; 11.946 ;
; SW[0]      ; HEX1[5]     ; 11.480 ; 11.480 ; 11.480 ; 11.480 ;
; SW[0]      ; HEX6[0]     ; 8.318  ; 8.318  ; 8.318  ; 8.318  ;
; SW[0]      ; HEX6[1]     ; 8.687  ; 8.687  ; 8.687  ; 8.687  ;
; SW[0]      ; HEX6[2]     ;        ; 8.069  ; 8.069  ;        ;
; SW[0]      ; HEX6[3]     ; 8.596  ; 8.596  ; 8.596  ; 8.596  ;
; SW[0]      ; HEX6[4]     ; 7.928  ;        ;        ; 7.928  ;
; SW[0]      ; HEX6[5]     ; 7.713  ;        ;        ; 7.713  ;
; SW[0]      ; HEX6[6]     ; 7.697  ;        ;        ; 7.697  ;
; SW[0]      ; LEDG[0]     ; 10.363 ; 10.363 ; 10.363 ; 10.363 ;
; SW[0]      ; LEDG[1]     ; 10.574 ; 10.574 ; 10.574 ; 10.574 ;
; SW[0]      ; LEDG[2]     ; 10.829 ; 10.829 ; 10.829 ; 10.829 ;
; SW[0]      ; LEDG[3]     ; 10.711 ; 10.711 ; 10.711 ; 10.711 ;
; SW[0]      ; LEDG[4]     ; 9.880  ;        ;        ; 9.880  ;
; SW[0]      ; LEDR[0]     ; 5.611  ;        ;        ; 5.611  ;
; SW[1]      ; HEX0[0]     ; 9.423  ; 9.423  ; 9.423  ; 9.423  ;
; SW[1]      ; HEX0[1]     ; 9.621  ; 9.621  ; 9.621  ; 9.621  ;
; SW[1]      ; HEX0[2]     ; 9.629  ; 9.629  ; 9.629  ; 9.629  ;
; SW[1]      ; HEX0[3]     ; 9.403  ; 9.403  ; 9.403  ; 9.403  ;
; SW[1]      ; HEX0[4]     ; 9.412  ; 9.412  ; 9.412  ; 9.412  ;
; SW[1]      ; HEX0[5]     ; 9.310  ; 9.310  ; 9.310  ; 9.310  ;
; SW[1]      ; HEX0[6]     ; 9.390  ; 9.390  ; 9.390  ; 9.390  ;
; SW[1]      ; HEX1[0]     ; 11.781 ; 11.781 ; 11.781 ; 11.781 ;
; SW[1]      ; HEX1[3]     ; 11.597 ; 11.597 ; 11.597 ; 11.597 ;
; SW[1]      ; HEX1[4]     ; 11.617 ; 11.617 ; 11.617 ; 11.617 ;
; SW[1]      ; HEX1[5]     ; 11.151 ; 11.151 ; 11.151 ; 11.151 ;
; SW[1]      ; HEX6[0]     ;        ; 8.104  ; 8.104  ;        ;
; SW[1]      ; HEX6[1]     ; 8.504  ; 8.504  ; 8.504  ; 8.504  ;
; SW[1]      ; HEX6[2]     ; 7.896  ;        ;        ; 7.896  ;
; SW[1]      ; HEX6[3]     ;        ; 8.382  ; 8.382  ;        ;
; SW[1]      ; HEX6[4]     ;        ; 7.715  ; 7.715  ;        ;
; SW[1]      ; HEX6[5]     ; 7.499  ;        ;        ; 7.499  ;
; SW[1]      ; HEX6[6]     ; 7.484  ; 7.484  ; 7.484  ; 7.484  ;
; SW[1]      ; LEDG[0]     ; 10.150 ; 10.150 ; 10.150 ; 10.150 ;
; SW[1]      ; LEDG[1]     ; 10.008 ; 10.008 ; 10.008 ; 10.008 ;
; SW[1]      ; LEDG[2]     ; 10.578 ; 10.578 ; 10.578 ; 10.578 ;
; SW[1]      ; LEDG[3]     ; 9.979  ; 9.979  ; 9.979  ; 9.979  ;
; SW[1]      ; LEDG[4]     ; 9.629  ; 9.460  ; 9.460  ; 9.629  ;
; SW[1]      ; LEDR[1]     ; 5.673  ;        ;        ; 5.673  ;
; SW[2]      ; HEX0[0]     ; 9.697  ; 9.697  ; 9.697  ; 9.697  ;
; SW[2]      ; HEX0[1]     ; 9.129  ; 9.129  ; 9.129  ; 9.129  ;
; SW[2]      ; HEX0[2]     ; 9.137  ; 9.137  ; 9.137  ; 9.137  ;
; SW[2]      ; HEX0[3]     ; 9.677  ; 9.677  ; 9.677  ; 9.677  ;
; SW[2]      ; HEX0[4]     ; 8.920  ; 8.920  ; 8.920  ; 8.920  ;
; SW[2]      ; HEX0[5]     ; 9.441  ; 9.513  ; 9.513  ; 9.441  ;
; SW[2]      ; HEX0[6]     ; 8.898  ; 8.898  ; 8.898  ; 8.898  ;
; SW[2]      ; HEX1[0]     ; 11.367 ; 11.367 ; 11.367 ; 11.367 ;
; SW[2]      ; HEX1[3]     ; 11.183 ; 11.183 ; 11.183 ; 11.183 ;
; SW[2]      ; HEX1[4]     ; 11.203 ; 11.203 ; 11.203 ; 11.203 ;
; SW[2]      ; HEX1[5]     ; 10.737 ; 10.737 ; 10.737 ; 10.737 ;
; SW[2]      ; HEX6[0]     ; 8.041  ; 8.041  ; 8.041  ; 8.041  ;
; SW[2]      ; HEX6[1]     ; 8.425  ;        ;        ; 8.425  ;
; SW[2]      ; HEX6[2]     ;        ; 7.826  ; 7.826  ;        ;
; SW[2]      ; HEX6[3]     ; 8.319  ; 8.319  ; 8.319  ; 8.319  ;
; SW[2]      ; HEX6[4]     ; 7.648  ; 7.648  ; 7.648  ; 7.648  ;
; SW[2]      ; HEX6[5]     ;        ; 7.432  ; 7.432  ;        ;
; SW[2]      ; HEX6[6]     ; 7.419  ; 7.419  ; 7.419  ; 7.419  ;
; SW[2]      ; LEDG[0]     ; 10.071 ; 10.071 ; 10.071 ; 10.071 ;
; SW[2]      ; LEDG[1]     ; 10.282 ; 10.282 ; 10.282 ; 10.282 ;
; SW[2]      ; LEDG[2]     ; 10.086 ; 10.086 ; 10.086 ; 10.086 ;
; SW[2]      ; LEDG[3]     ; 9.900  ; 9.900  ; 9.900  ; 9.900  ;
; SW[2]      ; LEDG[4]     ; 9.453  ; 9.381  ; 9.381  ; 9.453  ;
; SW[2]      ; LEDR[2]     ; 5.135  ;        ;        ; 5.135  ;
; SW[3]      ; HEX0[0]     ; 9.445  ; 9.445  ; 9.445  ; 9.445  ;
; SW[3]      ; HEX0[1]     ; 9.437  ; 9.437  ; 9.437  ; 9.437  ;
; SW[3]      ; HEX0[2]     ; 9.445  ; 9.445  ; 9.445  ; 9.445  ;
; SW[3]      ; HEX0[3]     ; 9.425  ; 9.425  ; 9.425  ; 9.425  ;
; SW[3]      ; HEX0[4]     ; 9.228  ; 9.228  ; 9.228  ; 9.228  ;
; SW[3]      ; HEX0[5]     ; 9.332  ; 9.332  ; 9.332  ; 9.332  ;
; SW[3]      ; HEX0[6]     ; 9.206  ; 9.206  ; 9.206  ; 9.206  ;
; SW[3]      ; HEX1[0]     ; 11.675 ; 11.675 ; 11.675 ; 11.675 ;
; SW[3]      ; HEX1[3]     ; 11.491 ; 11.491 ; 11.491 ; 11.491 ;
; SW[3]      ; HEX1[4]     ; 11.511 ; 11.511 ; 11.511 ; 11.511 ;
; SW[3]      ; HEX1[5]     ; 11.045 ; 11.045 ; 11.045 ; 11.045 ;
; SW[3]      ; HEX6[0]     ;        ; 8.361  ; 8.361  ;        ;
; SW[3]      ; HEX6[1]     ;        ; 8.739  ; 8.739  ;        ;
; SW[3]      ; HEX6[2]     ;        ; 8.140  ; 8.140  ;        ;
; SW[3]      ; HEX6[3]     ;        ; 8.639  ; 8.639  ;        ;
; SW[3]      ; HEX6[4]     ;        ; 8.012  ; 8.012  ;        ;
; SW[3]      ; HEX6[5]     ;        ; 7.754  ; 7.754  ;        ;
; SW[3]      ; HEX6[6]     ; 7.784  ; 7.784  ; 7.784  ; 7.784  ;
; SW[3]      ; LEDG[0]     ; 10.432 ; 10.432 ; 10.432 ; 10.432 ;
; SW[3]      ; LEDG[1]     ; 10.030 ; 10.030 ; 10.030 ; 10.030 ;
; SW[3]      ; LEDG[2]     ; 10.394 ; 10.394 ; 10.394 ; 10.394 ;
; SW[3]      ; LEDG[3]     ; 10.260 ; 10.260 ; 10.260 ; 10.260 ;
; SW[3]      ; LEDG[4]     ; 9.741  ; 9.651  ; 9.651  ; 9.741  ;
; SW[3]      ; LEDR[3]     ; 6.441  ;        ;        ; 6.441  ;
; SW[4]      ; HEX0[0]     ; 9.130  ; 9.130  ; 9.130  ; 9.130  ;
; SW[4]      ; HEX0[1]     ; 9.013  ; 9.013  ; 9.013  ; 9.013  ;
; SW[4]      ; HEX0[2]     ; 9.021  ; 9.021  ; 9.021  ; 9.021  ;
; SW[4]      ; HEX0[3]     ; 9.110  ; 9.110  ; 9.110  ; 9.110  ;
; SW[4]      ; HEX0[4]     ; 8.804  ; 8.804  ; 8.804  ; 8.804  ;
; SW[4]      ; HEX0[5]     ; 9.017  ; 9.017  ; 9.017  ; 9.017  ;
; SW[4]      ; HEX0[6]     ; 8.782  ; 8.782  ; 8.782  ; 8.782  ;
; SW[4]      ; HEX1[0]     ; 11.251 ; 11.251 ; 11.251 ; 11.251 ;
; SW[4]      ; HEX1[3]     ; 11.067 ; 11.067 ; 11.067 ; 11.067 ;
; SW[4]      ; HEX1[4]     ; 11.087 ; 11.087 ; 11.087 ; 11.087 ;
; SW[4]      ; HEX1[5]     ; 10.621 ; 10.621 ; 10.621 ; 10.621 ;
; SW[4]      ; HEX4[0]     ; 7.284  ; 7.284  ; 7.284  ; 7.284  ;
; SW[4]      ; HEX4[1]     ; 7.734  ; 7.734  ; 7.734  ; 7.734  ;
; SW[4]      ; HEX4[2]     ;        ; 8.388  ; 8.388  ;        ;
; SW[4]      ; HEX4[3]     ; 6.988  ; 6.988  ; 6.988  ; 6.988  ;
; SW[4]      ; HEX4[4]     ; 7.670  ;        ;        ; 7.670  ;
; SW[4]      ; HEX4[5]     ; 8.119  ;        ;        ; 8.119  ;
; SW[4]      ; HEX4[6]     ; 7.059  ;        ;        ; 7.059  ;
; SW[4]      ; LEDG[0]     ; 9.505  ; 9.505  ; 9.505  ; 9.505  ;
; SW[4]      ; LEDG[1]     ; 9.715  ; 9.715  ; 9.715  ; 9.715  ;
; SW[4]      ; LEDG[2]     ; 9.970  ; 9.970  ; 9.970  ; 9.970  ;
; SW[4]      ; LEDG[3]     ; 9.852  ; 9.852  ; 9.852  ; 9.852  ;
; SW[4]      ; LEDG[4]     ; 9.021  ;        ;        ; 9.021  ;
; SW[4]      ; LEDR[4]     ; 5.280  ;        ;        ; 5.280  ;
; SW[5]      ; HEX0[0]     ; 8.638  ; 8.638  ; 8.638  ; 8.638  ;
; SW[5]      ; HEX0[1]     ; 8.833  ; 8.833  ; 8.833  ; 8.833  ;
; SW[5]      ; HEX0[2]     ; 8.841  ; 8.841  ; 8.841  ; 8.841  ;
; SW[5]      ; HEX0[3]     ; 8.618  ; 8.618  ; 8.618  ; 8.618  ;
; SW[5]      ; HEX0[4]     ; 8.624  ; 8.624  ; 8.624  ; 8.624  ;
; SW[5]      ; HEX0[5]     ; 8.525  ; 8.525  ; 8.525  ; 8.525  ;
; SW[5]      ; HEX0[6]     ; 8.602  ; 8.602  ; 8.602  ; 8.602  ;
; SW[5]      ; HEX1[0]     ; 10.996 ; 10.996 ; 10.996 ; 10.996 ;
; SW[5]      ; HEX1[3]     ; 10.812 ; 10.812 ; 10.812 ; 10.812 ;
; SW[5]      ; HEX1[4]     ; 10.832 ; 10.832 ; 10.832 ; 10.832 ;
; SW[5]      ; HEX1[5]     ; 10.366 ; 10.366 ; 10.366 ; 10.366 ;
; SW[5]      ; HEX4[0]     ;        ; 7.360  ; 7.360  ;        ;
; SW[5]      ; HEX4[1]     ; 7.848  ; 7.848  ; 7.848  ; 7.848  ;
; SW[5]      ; HEX4[2]     ; 8.496  ;        ;        ; 8.496  ;
; SW[5]      ; HEX4[3]     ;        ; 7.064  ; 7.064  ;        ;
; SW[5]      ; HEX4[4]     ;        ; 7.752  ; 7.752  ;        ;
; SW[5]      ; HEX4[5]     ; 8.227  ;        ;        ; 8.227  ;
; SW[5]      ; HEX4[6]     ; 7.165  ; 7.165  ; 7.165  ; 7.165  ;
; SW[5]      ; LEDG[0]     ; 9.587  ; 9.587  ; 9.587  ; 9.587  ;
; SW[5]      ; LEDG[1]     ; 9.223  ; 9.223  ; 9.223  ; 9.223  ;
; SW[5]      ; LEDG[2]     ; 9.790  ; 9.790  ; 9.790  ; 9.790  ;
; SW[5]      ; LEDG[3]     ; 9.672  ; 9.672  ; 9.672  ; 9.672  ;
; SW[5]      ; LEDG[4]     ; 8.841  ; 9.103  ; 9.103  ; 8.841  ;
; SW[5]      ; LEDR[5]     ; 5.704  ;        ;        ; 5.704  ;
; SW[6]      ; HEX0[0]     ; 9.197  ; 9.197  ; 9.197  ; 9.197  ;
; SW[6]      ; HEX0[1]     ; 8.624  ; 8.624  ; 8.624  ; 8.624  ;
; SW[6]      ; HEX0[2]     ; 8.632  ; 8.632  ; 8.632  ; 8.632  ;
; SW[6]      ; HEX0[3]     ; 9.177  ; 9.177  ; 9.177  ; 9.177  ;
; SW[6]      ; HEX0[4]     ; 8.415  ; 8.415  ; 8.415  ; 8.415  ;
; SW[6]      ; HEX0[5]     ; 9.077  ; 9.007  ; 9.007  ; 9.077  ;
; SW[6]      ; HEX0[6]     ; 8.393  ; 8.393  ; 8.393  ; 8.393  ;
; SW[6]      ; HEX1[0]     ; 10.862 ; 10.862 ; 10.862 ; 10.862 ;
; SW[6]      ; HEX1[3]     ; 10.678 ; 10.678 ; 10.678 ; 10.678 ;
; SW[6]      ; HEX1[4]     ; 10.698 ; 10.698 ; 10.698 ; 10.698 ;
; SW[6]      ; HEX1[5]     ; 10.232 ; 10.232 ; 10.232 ; 10.232 ;
; SW[6]      ; HEX4[0]     ; 7.365  ; 7.365  ; 7.365  ; 7.365  ;
; SW[6]      ; HEX4[1]     ; 7.813  ;        ;        ; 7.813  ;
; SW[6]      ; HEX4[2]     ;        ; 8.452  ; 8.452  ;        ;
; SW[6]      ; HEX4[3]     ; 7.069  ; 7.069  ; 7.069  ; 7.069  ;
; SW[6]      ; HEX4[4]     ; 7.735  ; 7.735  ; 7.735  ; 7.735  ;
; SW[6]      ; HEX4[5]     ;        ; 8.193  ; 8.193  ;        ;
; SW[6]      ; HEX4[6]     ; 7.127  ; 7.127  ; 7.127  ; 7.127  ;
; SW[6]      ; LEDG[0]     ; 9.572  ; 9.572  ; 9.572  ; 9.572  ;
; SW[6]      ; LEDG[1]     ; 9.782  ; 9.782  ; 9.782  ; 9.782  ;
; SW[6]      ; LEDG[2]     ; 9.581  ; 9.581  ; 9.581  ; 9.581  ;
; SW[6]      ; LEDG[3]     ; 9.778  ; 9.778  ; 9.778  ; 9.778  ;
; SW[6]      ; LEDG[4]     ; 8.947  ; 9.088  ; 9.088  ; 8.947  ;
; SW[6]      ; LEDR[6]     ; 5.338  ;        ;        ; 5.338  ;
; SW[7]      ; HEX0[0]     ; 9.439  ; 9.439  ; 9.439  ; 9.439  ;
; SW[7]      ; HEX0[1]     ; 9.294  ; 9.294  ; 9.294  ; 9.294  ;
; SW[7]      ; HEX0[2]     ; 9.302  ; 9.302  ; 9.302  ; 9.302  ;
; SW[7]      ; HEX0[3]     ; 9.419  ; 9.419  ; 9.419  ; 9.419  ;
; SW[7]      ; HEX0[4]     ; 9.085  ; 9.085  ; 9.085  ; 9.085  ;
; SW[7]      ; HEX0[5]     ; 9.326  ; 9.326  ; 9.326  ; 9.326  ;
; SW[7]      ; HEX0[6]     ; 9.063  ; 9.063  ; 9.063  ; 9.063  ;
; SW[7]      ; HEX1[0]     ; 11.532 ; 11.532 ; 11.532 ; 11.532 ;
; SW[7]      ; HEX1[3]     ; 11.348 ; 11.348 ; 11.348 ; 11.348 ;
; SW[7]      ; HEX1[4]     ; 11.368 ; 11.368 ; 11.368 ; 11.368 ;
; SW[7]      ; HEX1[5]     ; 10.902 ; 10.902 ; 10.902 ; 10.902 ;
; SW[7]      ; HEX4[0]     ;        ; 8.015  ; 8.015  ;        ;
; SW[7]      ; HEX4[1]     ;        ; 8.471  ; 8.471  ;        ;
; SW[7]      ; HEX4[2]     ;        ; 9.126  ; 9.126  ;        ;
; SW[7]      ; HEX4[3]     ;        ; 7.719  ; 7.719  ;        ;
; SW[7]      ; HEX4[4]     ;        ; 8.416  ; 8.416  ;        ;
; SW[7]      ; HEX4[5]     ;        ; 8.857  ; 8.857  ;        ;
; SW[7]      ; HEX4[6]     ; 7.836  ; 7.836  ; 7.836  ; 7.836  ;
; SW[7]      ; LEDG[0]     ; 10.252 ; 10.252 ; 10.252 ; 10.252 ;
; SW[7]      ; LEDG[1]     ; 10.024 ; 10.024 ; 10.024 ; 10.024 ;
; SW[7]      ; LEDG[2]     ; 10.251 ; 10.251 ; 10.251 ; 10.251 ;
; SW[7]      ; LEDG[3]     ; 10.448 ; 10.448 ; 10.448 ; 10.448 ;
; SW[7]      ; LEDG[4]     ; 10.027 ; 9.617  ; 9.617  ; 10.027 ;
; SW[7]      ; LEDR[7]     ; 6.300  ;        ;        ; 6.300  ;
; SW[8]      ; HEX0[0]     ; 9.782  ; 9.782  ; 9.782  ; 9.782  ;
; SW[8]      ; HEX0[1]     ; 9.665  ; 9.665  ; 9.665  ; 9.665  ;
; SW[8]      ; HEX0[2]     ; 9.673  ; 9.673  ; 9.673  ; 9.673  ;
; SW[8]      ; HEX0[3]     ; 9.762  ; 9.762  ; 9.762  ; 9.762  ;
; SW[8]      ; HEX0[4]     ; 9.456  ; 9.456  ; 9.456  ; 9.456  ;
; SW[8]      ; HEX0[5]     ; 9.669  ; 9.669  ; 9.669  ; 9.669  ;
; SW[8]      ; HEX0[6]     ; 9.434  ; 9.434  ; 9.434  ; 9.434  ;
; SW[8]      ; HEX1[0]     ; 11.903 ; 11.903 ; 11.903 ; 11.903 ;
; SW[8]      ; HEX1[3]     ; 11.719 ; 11.719 ; 11.719 ; 11.719 ;
; SW[8]      ; HEX1[4]     ; 11.739 ; 11.739 ; 11.739 ; 11.739 ;
; SW[8]      ; HEX1[5]     ; 11.273 ; 11.273 ; 11.273 ; 11.273 ;
; SW[8]      ; LEDG[0]     ; 10.472 ; 10.472 ; 10.472 ; 10.472 ;
; SW[8]      ; LEDG[1]     ; 10.367 ; 10.367 ; 10.367 ; 10.367 ;
; SW[8]      ; LEDG[2]     ; 10.622 ; 10.622 ; 10.622 ; 10.622 ;
; SW[8]      ; LEDG[3]     ; 10.504 ; 10.504 ; 10.504 ; 10.504 ;
; SW[8]      ; LEDG[4]     ; 9.673  ;        ;        ; 9.673  ;
; SW[8]      ; LEDR[8]     ; 5.894  ;        ;        ; 5.894  ;
+------------+-------------+--------+--------+--------+--------+


----------------------------
; Fast Model Setup Summary ;
----------------------------
No paths to report.


---------------------------
; Fast Model Hold Summary ;
---------------------------
No paths to report.


-------------------------------
; Fast Model Recovery Summary ;
-------------------------------
No paths to report.


------------------------------
; Fast Model Removal Summary ;
------------------------------
No paths to report.


------------------------------------------
; Fast Model Minimum Pulse Width Summary ;
------------------------------------------
No paths to report.


+----------------------------------------------------------+
; Propagation Delay                                        ;
+------------+-------------+-------+-------+-------+-------+
; Input Port ; Output Port ; RR    ; RF    ; FR    ; FF    ;
+------------+-------------+-------+-------+-------+-------+
; SW[0]      ; HEX0[0]     ; 5.937 ; 5.937 ; 5.937 ; 5.937 ;
; SW[0]      ; HEX0[1]     ; 6.196 ; 6.196 ; 6.196 ; 6.196 ;
; SW[0]      ; HEX0[2]     ; 5.929 ; 5.929 ; 5.929 ; 5.929 ;
; SW[0]      ; HEX0[3]     ; 5.920 ; 5.920 ; 5.920 ; 5.920 ;
; SW[0]      ; HEX0[4]     ; 6.245 ; 6.245 ; 6.245 ; 6.245 ;
; SW[0]      ; HEX0[5]     ; 6.101 ; 6.101 ; 6.101 ; 6.101 ;
; SW[0]      ; HEX0[6]     ; 5.814 ; 5.814 ; 5.814 ; 5.814 ;
; SW[0]      ; HEX1[0]     ; 6.958 ; 6.958 ; 6.958 ; 6.958 ;
; SW[0]      ; HEX1[3]     ; 6.813 ; 6.813 ; 6.813 ; 6.813 ;
; SW[0]      ; HEX1[4]     ; 6.833 ; 6.833 ; 6.833 ; 6.833 ;
; SW[0]      ; HEX1[5]     ; 6.633 ; 6.633 ; 6.633 ; 6.633 ;
; SW[0]      ; HEX6[0]     ; 4.212 ; 4.212 ; 4.212 ; 4.212 ;
; SW[0]      ; HEX6[1]     ; 4.511 ; 4.511 ; 4.511 ; 4.511 ;
; SW[0]      ; HEX6[2]     ;       ; 4.135 ; 4.135 ;       ;
; SW[0]      ; HEX6[3]     ; 4.341 ; 4.341 ; 4.341 ; 4.341 ;
; SW[0]      ; HEX6[4]     ; 4.061 ;       ;       ; 4.061 ;
; SW[0]      ; HEX6[5]     ; 3.975 ;       ;       ; 3.975 ;
; SW[0]      ; HEX6[6]     ; 3.951 ;       ;       ; 3.951 ;
; SW[0]      ; LEDG[0]     ; 5.174 ; 5.174 ; 5.174 ; 5.174 ;
; SW[0]      ; LEDG[1]     ; 5.248 ; 5.248 ; 5.248 ; 5.248 ;
; SW[0]      ; LEDG[2]     ; 5.340 ; 5.340 ; 5.340 ; 5.340 ;
; SW[0]      ; LEDG[3]     ; 5.339 ; 5.339 ; 5.339 ; 5.339 ;
; SW[0]      ; LEDG[4]     ; 4.998 ;       ;       ; 4.998 ;
; SW[0]      ; LEDR[0]     ; 2.994 ;       ;       ; 2.994 ;
; SW[1]      ; HEX0[0]     ; 5.833 ; 5.833 ; 5.833 ; 5.833 ;
; SW[1]      ; HEX0[1]     ; 6.092 ; 6.092 ; 6.092 ; 6.092 ;
; SW[1]      ; HEX0[2]     ; 5.825 ; 5.825 ; 5.825 ; 5.825 ;
; SW[1]      ; HEX0[3]     ; 5.816 ; 5.816 ; 5.816 ; 5.816 ;
; SW[1]      ; HEX0[4]     ; 6.141 ; 6.141 ; 6.141 ; 6.141 ;
; SW[1]      ; HEX0[5]     ; 5.997 ; 5.997 ; 5.997 ; 5.997 ;
; SW[1]      ; HEX0[6]     ; 5.710 ; 5.710 ; 5.710 ; 5.710 ;
; SW[1]      ; HEX1[0]     ; 6.854 ; 6.854 ; 6.854 ; 6.854 ;
; SW[1]      ; HEX1[3]     ; 6.709 ; 6.709 ; 6.709 ; 6.709 ;
; SW[1]      ; HEX1[4]     ; 6.729 ; 6.729 ; 6.729 ; 6.729 ;
; SW[1]      ; HEX1[5]     ; 6.529 ; 6.529 ; 6.529 ; 6.529 ;
; SW[1]      ; HEX6[0]     ;       ; 4.110 ; 4.110 ;       ;
; SW[1]      ; HEX6[1]     ; 4.413 ; 4.413 ; 4.413 ; 4.413 ;
; SW[1]      ; HEX6[2]     ; 4.057 ;       ;       ; 4.057 ;
; SW[1]      ; HEX6[3]     ;       ; 4.239 ; 4.239 ;       ;
; SW[1]      ; HEX6[4]     ;       ; 3.961 ; 3.961 ;       ;
; SW[1]      ; HEX6[5]     ; 3.871 ;       ;       ; 3.871 ;
; SW[1]      ; HEX6[6]     ; 3.851 ; 3.851 ; 3.851 ; 3.851 ;
; SW[1]      ; LEDG[0]     ; 5.069 ; 5.069 ; 5.069 ; 5.069 ;
; SW[1]      ; LEDG[1]     ; 5.143 ; 5.143 ; 5.143 ; 5.143 ;
; SW[1]      ; LEDG[2]     ; 5.236 ; 5.236 ; 5.236 ; 5.236 ;
; SW[1]      ; LEDG[3]     ; 5.235 ; 5.235 ; 5.235 ; 5.235 ;
; SW[1]      ; LEDG[4]     ; 4.894 ; 4.893 ; 4.893 ; 4.894 ;
; SW[1]      ; LEDR[1]     ; 3.023 ;       ;       ; 3.023 ;
; SW[2]      ; HEX0[0]     ; 5.816 ; 5.816 ; 5.816 ; 5.816 ;
; SW[2]      ; HEX0[1]     ; 6.075 ; 6.075 ; 6.075 ; 6.075 ;
; SW[2]      ; HEX0[2]     ; 5.808 ; 5.808 ; 5.808 ; 5.808 ;
; SW[2]      ; HEX0[3]     ; 5.799 ; 5.799 ; 5.799 ; 5.799 ;
; SW[2]      ; HEX0[4]     ; 6.124 ; 6.124 ; 6.124 ; 6.124 ;
; SW[2]      ; HEX0[5]     ; 5.980 ; 5.980 ; 5.980 ; 5.980 ;
; SW[2]      ; HEX0[6]     ; 5.693 ; 5.693 ; 5.693 ; 5.693 ;
; SW[2]      ; HEX1[0]     ; 6.837 ; 6.837 ; 6.837 ; 6.837 ;
; SW[2]      ; HEX1[3]     ; 6.692 ; 6.692 ; 6.692 ; 6.692 ;
; SW[2]      ; HEX1[4]     ; 6.712 ; 6.712 ; 6.712 ; 6.712 ;
; SW[2]      ; HEX1[5]     ; 6.512 ; 6.512 ; 6.512 ; 6.512 ;
; SW[2]      ; HEX6[0]     ; 4.110 ; 4.110 ; 4.110 ; 4.110 ;
; SW[2]      ; HEX6[1]     ; 4.398 ;       ;       ; 4.398 ;
; SW[2]      ; HEX6[2]     ;       ; 4.019 ; 4.019 ;       ;
; SW[2]      ; HEX6[3]     ; 4.239 ; 4.239 ; 4.239 ; 4.239 ;
; SW[2]      ; HEX6[4]     ; 3.956 ; 3.956 ; 3.956 ; 3.956 ;
; SW[2]      ; HEX6[5]     ;       ; 3.861 ; 3.861 ;       ;
; SW[2]      ; HEX6[6]     ; 3.850 ; 3.850 ; 3.850 ; 3.850 ;
; SW[2]      ; LEDG[0]     ; 5.053 ; 5.053 ; 5.053 ; 5.053 ;
; SW[2]      ; LEDG[1]     ; 5.127 ; 5.127 ; 5.127 ; 5.127 ;
; SW[2]      ; LEDG[2]     ; 5.219 ; 5.219 ; 5.219 ; 5.219 ;
; SW[2]      ; LEDG[3]     ; 5.218 ; 5.218 ; 5.218 ; 5.218 ;
; SW[2]      ; LEDG[4]     ; 4.810 ; 4.877 ; 4.877 ; 4.810 ;
; SW[2]      ; LEDR[2]     ; 2.794 ;       ;       ; 2.794 ;
; SW[3]      ; HEX0[0]     ; 5.960 ; 5.960 ; 5.960 ; 5.960 ;
; SW[3]      ; HEX0[1]     ; 6.219 ; 6.219 ; 6.219 ; 6.219 ;
; SW[3]      ; HEX0[2]     ; 5.952 ; 5.952 ; 5.952 ; 5.952 ;
; SW[3]      ; HEX0[3]     ; 5.943 ; 5.943 ; 5.943 ; 5.943 ;
; SW[3]      ; HEX0[4]     ; 6.268 ; 6.268 ; 6.268 ; 6.268 ;
; SW[3]      ; HEX0[5]     ; 6.124 ; 6.124 ; 6.124 ; 6.124 ;
; SW[3]      ; HEX0[6]     ; 5.837 ; 5.837 ; 5.837 ; 5.837 ;
; SW[3]      ; HEX1[0]     ; 6.981 ; 6.981 ; 6.981 ; 6.981 ;
; SW[3]      ; HEX1[3]     ; 6.836 ; 6.836 ; 6.836 ; 6.836 ;
; SW[3]      ; HEX1[4]     ; 6.856 ; 6.856 ; 6.856 ; 6.856 ;
; SW[3]      ; HEX1[5]     ; 6.656 ; 6.656 ; 6.656 ; 6.656 ;
; SW[3]      ; HEX6[0]     ;       ; 4.255 ; 4.255 ;       ;
; SW[3]      ; HEX6[1]     ;       ; 4.540 ; 4.540 ;       ;
; SW[3]      ; HEX6[2]     ;       ; 4.169 ; 4.169 ;       ;
; SW[3]      ; HEX6[3]     ;       ; 4.384 ; 4.384 ;       ;
; SW[3]      ; HEX6[4]     ;       ; 4.101 ; 4.101 ;       ;
; SW[3]      ; HEX6[5]     ;       ; 4.010 ; 4.010 ;       ;
; SW[3]      ; HEX6[6]     ; 3.995 ; 3.995 ; 3.995 ; 3.995 ;
; SW[3]      ; LEDG[0]     ; 5.197 ; 5.197 ; 5.197 ; 5.197 ;
; SW[3]      ; LEDG[1]     ; 5.271 ; 5.271 ; 5.271 ; 5.271 ;
; SW[3]      ; LEDG[2]     ; 5.363 ; 5.363 ; 5.363 ; 5.363 ;
; SW[3]      ; LEDG[3]     ; 5.362 ; 5.362 ; 5.362 ; 5.362 ;
; SW[3]      ; LEDG[4]     ; 4.920 ; 5.021 ; 5.021 ; 4.920 ;
; SW[3]      ; LEDR[3]     ; 3.493 ;       ;       ; 3.493 ;
; SW[4]      ; HEX0[0]     ; 5.554 ; 5.554 ; 5.554 ; 5.554 ;
; SW[4]      ; HEX0[1]     ; 5.813 ; 5.813 ; 5.813 ; 5.813 ;
; SW[4]      ; HEX0[2]     ; 5.546 ; 5.546 ; 5.546 ; 5.546 ;
; SW[4]      ; HEX0[3]     ; 5.537 ; 5.537 ; 5.537 ; 5.537 ;
; SW[4]      ; HEX0[4]     ; 5.862 ; 5.862 ; 5.862 ; 5.862 ;
; SW[4]      ; HEX0[5]     ; 5.718 ; 5.718 ; 5.718 ; 5.718 ;
; SW[4]      ; HEX0[6]     ; 5.431 ; 5.431 ; 5.431 ; 5.431 ;
; SW[4]      ; HEX1[0]     ; 6.575 ; 6.575 ; 6.575 ; 6.575 ;
; SW[4]      ; HEX1[3]     ; 6.430 ; 6.430 ; 6.430 ; 6.430 ;
; SW[4]      ; HEX1[4]     ; 6.450 ; 6.450 ; 6.450 ; 6.450 ;
; SW[4]      ; HEX1[5]     ; 6.250 ; 6.250 ; 6.250 ; 6.250 ;
; SW[4]      ; HEX4[0]     ; 3.776 ; 3.776 ; 3.776 ; 3.776 ;
; SW[4]      ; HEX4[1]     ; 3.955 ; 3.955 ; 3.955 ; 3.955 ;
; SW[4]      ; HEX4[2]     ;       ; 4.351 ; 4.351 ;       ;
; SW[4]      ; HEX4[3]     ; 3.638 ; 3.638 ; 3.638 ; 3.638 ;
; SW[4]      ; HEX4[4]     ; 3.919 ;       ;       ; 3.919 ;
; SW[4]      ; HEX4[5]     ; 4.264 ;       ;       ; 4.264 ;
; SW[4]      ; HEX4[6]     ; 3.682 ;       ;       ; 3.682 ;
; SW[4]      ; LEDG[0]     ; 4.789 ; 4.789 ; 4.789 ; 4.789 ;
; SW[4]      ; LEDG[1]     ; 4.865 ; 4.865 ; 4.865 ; 4.865 ;
; SW[4]      ; LEDG[2]     ; 4.957 ; 4.957 ; 4.957 ; 4.957 ;
; SW[4]      ; LEDG[3]     ; 4.956 ; 4.956 ; 4.956 ; 4.956 ;
; SW[4]      ; LEDG[4]     ; 4.615 ;       ;       ; 4.615 ;
; SW[4]      ; LEDR[4]     ; 2.842 ;       ;       ; 2.842 ;
; SW[5]      ; HEX0[0]     ; 5.540 ; 5.540 ; 5.540 ; 5.540 ;
; SW[5]      ; HEX0[1]     ; 5.799 ; 5.799 ; 5.799 ; 5.799 ;
; SW[5]      ; HEX0[2]     ; 5.532 ; 5.532 ; 5.532 ; 5.532 ;
; SW[5]      ; HEX0[3]     ; 5.523 ; 5.523 ; 5.523 ; 5.523 ;
; SW[5]      ; HEX0[4]     ; 5.848 ; 5.848 ; 5.848 ; 5.848 ;
; SW[5]      ; HEX0[5]     ; 5.704 ; 5.704 ; 5.704 ; 5.704 ;
; SW[5]      ; HEX0[6]     ; 5.417 ; 5.417 ; 5.417 ; 5.417 ;
; SW[5]      ; HEX1[0]     ; 6.561 ; 6.561 ; 6.561 ; 6.561 ;
; SW[5]      ; HEX1[3]     ; 6.416 ; 6.416 ; 6.416 ; 6.416 ;
; SW[5]      ; HEX1[4]     ; 6.436 ; 6.436 ; 6.436 ; 6.436 ;
; SW[5]      ; HEX1[5]     ; 6.236 ; 6.236 ; 6.236 ; 6.236 ;
; SW[5]      ; HEX4[0]     ;       ; 3.770 ; 3.770 ;       ;
; SW[5]      ; HEX4[1]     ; 3.947 ; 3.947 ; 3.947 ; 3.947 ;
; SW[5]      ; HEX4[2]     ; 4.344 ;       ;       ; 4.344 ;
; SW[5]      ; HEX4[3]     ;       ; 3.632 ; 3.632 ;       ;
; SW[5]      ; HEX4[4]     ;       ; 3.905 ; 3.905 ;       ;
; SW[5]      ; HEX4[5]     ; 4.254 ;       ;       ; 4.254 ;
; SW[5]      ; HEX4[6]     ; 3.668 ; 3.668 ; 3.668 ; 3.668 ;
; SW[5]      ; LEDG[0]     ; 4.775 ; 4.775 ; 4.775 ; 4.775 ;
; SW[5]      ; LEDG[1]     ; 4.851 ; 4.851 ; 4.851 ; 4.851 ;
; SW[5]      ; LEDG[2]     ; 4.943 ; 4.943 ; 4.943 ; 4.943 ;
; SW[5]      ; LEDG[3]     ; 4.942 ; 4.942 ; 4.942 ; 4.942 ;
; SW[5]      ; LEDG[4]     ; 4.496 ; 4.696 ; 4.696 ; 4.496 ;
; SW[5]      ; LEDR[5]     ; 3.062 ;       ;       ; 3.062 ;
; SW[6]      ; HEX0[0]     ; 5.556 ; 5.556 ; 5.556 ; 5.556 ;
; SW[6]      ; HEX0[1]     ; 5.815 ; 5.815 ; 5.815 ; 5.815 ;
; SW[6]      ; HEX0[2]     ; 5.548 ; 5.548 ; 5.548 ; 5.548 ;
; SW[6]      ; HEX0[3]     ; 5.539 ; 5.539 ; 5.539 ; 5.539 ;
; SW[6]      ; HEX0[4]     ; 5.864 ; 5.864 ; 5.864 ; 5.864 ;
; SW[6]      ; HEX0[5]     ; 5.720 ; 5.720 ; 5.720 ; 5.720 ;
; SW[6]      ; HEX0[6]     ; 5.433 ; 5.433 ; 5.433 ; 5.433 ;
; SW[6]      ; HEX1[0]     ; 6.577 ; 6.577 ; 6.577 ; 6.577 ;
; SW[6]      ; HEX1[3]     ; 6.432 ; 6.432 ; 6.432 ; 6.432 ;
; SW[6]      ; HEX1[4]     ; 6.452 ; 6.452 ; 6.452 ; 6.452 ;
; SW[6]      ; HEX1[5]     ; 6.252 ; 6.252 ; 6.252 ; 6.252 ;
; SW[6]      ; HEX4[0]     ; 3.790 ; 3.790 ; 3.790 ; 3.790 ;
; SW[6]      ; HEX4[1]     ; 3.994 ;       ;       ; 3.994 ;
; SW[6]      ; HEX4[2]     ;       ; 4.352 ; 4.352 ;       ;
; SW[6]      ; HEX4[3]     ; 3.652 ; 3.652 ; 3.652 ; 3.652 ;
; SW[6]      ; HEX4[4]     ; 3.921 ; 3.921 ; 3.921 ; 3.921 ;
; SW[6]      ; HEX4[5]     ;       ; 4.272 ; 4.272 ;       ;
; SW[6]      ; HEX4[6]     ; 3.688 ; 3.688 ; 3.688 ; 3.688 ;
; SW[6]      ; LEDG[0]     ; 4.791 ; 4.791 ; 4.791 ; 4.791 ;
; SW[6]      ; LEDG[1]     ; 4.867 ; 4.867 ; 4.867 ; 4.867 ;
; SW[6]      ; LEDG[2]     ; 4.959 ; 4.959 ; 4.959 ; 4.959 ;
; SW[6]      ; LEDG[3]     ; 4.958 ; 4.958 ; 4.958 ; 4.958 ;
; SW[6]      ; LEDG[4]     ; 4.574 ; 4.715 ; 4.715 ; 4.574 ;
; SW[6]      ; LEDR[6]     ; 2.870 ;       ;       ; 2.870 ;
; SW[7]      ; HEX0[0]     ; 5.951 ; 5.951 ; 5.951 ; 5.951 ;
; SW[7]      ; HEX0[1]     ; 6.210 ; 6.210 ; 6.210 ; 6.210 ;
; SW[7]      ; HEX0[2]     ; 5.943 ; 5.943 ; 5.943 ; 5.943 ;
; SW[7]      ; HEX0[3]     ; 5.934 ; 5.934 ; 5.934 ; 5.934 ;
; SW[7]      ; HEX0[4]     ; 6.259 ; 6.259 ; 6.259 ; 6.259 ;
; SW[7]      ; HEX0[5]     ; 6.115 ; 6.115 ; 6.115 ; 6.115 ;
; SW[7]      ; HEX0[6]     ; 5.828 ; 5.828 ; 5.828 ; 5.828 ;
; SW[7]      ; HEX1[0]     ; 6.972 ; 6.972 ; 6.972 ; 6.972 ;
; SW[7]      ; HEX1[3]     ; 6.827 ; 6.827 ; 6.827 ; 6.827 ;
; SW[7]      ; HEX1[4]     ; 6.847 ; 6.847 ; 6.847 ; 6.847 ;
; SW[7]      ; HEX1[5]     ; 6.647 ; 6.647 ; 6.647 ; 6.647 ;
; SW[7]      ; HEX4[0]     ;       ; 4.173 ; 4.173 ;       ;
; SW[7]      ; HEX4[1]     ;       ; 4.351 ; 4.351 ;       ;
; SW[7]      ; HEX4[2]     ;       ; 4.753 ; 4.753 ;       ;
; SW[7]      ; HEX4[3]     ;       ; 4.035 ; 4.035 ;       ;
; SW[7]      ; HEX4[4]     ;       ; 4.316 ; 4.316 ;       ;
; SW[7]      ; HEX4[5]     ;       ; 4.661 ; 4.661 ;       ;
; SW[7]      ; HEX4[6]     ; 4.079 ; 4.079 ; 4.079 ; 4.079 ;
; SW[7]      ; LEDG[0]     ; 5.186 ; 5.186 ; 5.186 ; 5.186 ;
; SW[7]      ; LEDG[1]     ; 5.262 ; 5.262 ; 5.262 ; 5.262 ;
; SW[7]      ; LEDG[2]     ; 5.354 ; 5.354 ; 5.354 ; 5.354 ;
; SW[7]      ; LEDG[3]     ; 5.353 ; 5.353 ; 5.353 ; 5.353 ;
; SW[7]      ; LEDG[4]     ; 5.110 ; 5.012 ; 5.012 ; 5.110 ;
; SW[7]      ; LEDR[7]     ; 3.448 ;       ;       ; 3.448 ;
; SW[8]      ; HEX0[0]     ; 5.919 ; 5.919 ; 5.919 ; 5.919 ;
; SW[8]      ; HEX0[1]     ; 6.178 ; 6.178 ; 6.178 ; 6.178 ;
; SW[8]      ; HEX0[2]     ; 5.911 ; 5.911 ; 5.911 ; 5.911 ;
; SW[8]      ; HEX0[3]     ; 5.902 ; 5.902 ; 5.902 ; 5.902 ;
; SW[8]      ; HEX0[4]     ; 6.227 ; 6.227 ; 6.227 ; 6.227 ;
; SW[8]      ; HEX0[5]     ; 6.083 ; 6.083 ; 6.083 ; 6.083 ;
; SW[8]      ; HEX0[6]     ; 5.796 ; 5.796 ; 5.796 ; 5.796 ;
; SW[8]      ; HEX1[0]     ; 6.940 ; 6.940 ; 6.940 ; 6.940 ;
; SW[8]      ; HEX1[3]     ; 6.795 ; 6.795 ; 6.795 ; 6.795 ;
; SW[8]      ; HEX1[4]     ; 6.815 ; 6.815 ; 6.815 ; 6.815 ;
; SW[8]      ; HEX1[5]     ; 6.615 ; 6.615 ; 6.615 ; 6.615 ;
; SW[8]      ; LEDG[0]     ; 5.259 ; 5.259 ; 5.259 ; 5.259 ;
; SW[8]      ; LEDG[1]     ; 5.230 ; 5.230 ; 5.230 ; 5.230 ;
; SW[8]      ; LEDG[2]     ; 5.322 ; 5.322 ; 5.322 ; 5.322 ;
; SW[8]      ; LEDG[3]     ; 5.321 ; 5.321 ; 5.321 ; 5.321 ;
; SW[8]      ; LEDG[4]     ; 4.980 ;       ;       ; 4.980 ;
; SW[8]      ; LEDR[8]     ; 3.227 ;       ;       ; 3.227 ;
+------------+-------------+-------+-------+-------+-------+


+----------------------------------------------------------+
; Minimum Propagation Delay                                ;
+------------+-------------+-------+-------+-------+-------+
; Input Port ; Output Port ; RR    ; RF    ; FR    ; FF    ;
+------------+-------------+-------+-------+-------+-------+
; SW[0]      ; HEX0[0]     ; 4.959 ; 4.959 ; 4.959 ; 4.959 ;
; SW[0]      ; HEX0[1]     ; 4.907 ; 4.907 ; 4.907 ; 4.907 ;
; SW[0]      ; HEX0[2]     ; 4.916 ; 4.916 ; 4.916 ; 4.916 ;
; SW[0]      ; HEX0[3]     ; 4.942 ; 4.942 ; 4.942 ; 4.942 ;
; SW[0]      ; HEX0[4]     ; 4.824 ; 4.824 ; 4.824 ; 4.824 ;
; SW[0]      ; HEX0[5]     ; 4.910 ; 4.910 ; 4.910 ; 4.910 ;
; SW[0]      ; HEX0[6]     ; 4.808 ; 4.808 ; 4.808 ; 4.808 ;
; SW[0]      ; HEX1[0]     ; 5.952 ; 5.952 ; 5.952 ; 5.952 ;
; SW[0]      ; HEX1[3]     ; 5.807 ; 5.807 ; 5.807 ; 5.807 ;
; SW[0]      ; HEX1[4]     ; 5.827 ; 5.827 ; 5.827 ; 5.827 ;
; SW[0]      ; HEX1[5]     ; 5.627 ; 5.627 ; 5.627 ; 5.627 ;
; SW[0]      ; HEX6[0]     ; 4.212 ; 4.212 ; 4.212 ; 4.212 ;
; SW[0]      ; HEX6[1]     ; 4.511 ; 4.511 ; 4.511 ; 4.511 ;
; SW[0]      ; HEX6[2]     ;       ; 4.135 ; 4.135 ;       ;
; SW[0]      ; HEX6[3]     ; 4.341 ; 4.341 ; 4.341 ; 4.341 ;
; SW[0]      ; HEX6[4]     ; 4.061 ;       ;       ; 4.061 ;
; SW[0]      ; HEX6[5]     ; 3.975 ;       ;       ; 3.975 ;
; SW[0]      ; HEX6[6]     ; 3.951 ;       ;       ; 3.951 ;
; SW[0]      ; LEDG[0]     ; 5.174 ; 5.174 ; 5.174 ; 5.174 ;
; SW[0]      ; LEDG[1]     ; 5.248 ; 5.248 ; 5.248 ; 5.248 ;
; SW[0]      ; LEDG[2]     ; 5.340 ; 5.340 ; 5.340 ; 5.340 ;
; SW[0]      ; LEDG[3]     ; 5.339 ; 5.339 ; 5.339 ; 5.339 ;
; SW[0]      ; LEDG[4]     ; 4.998 ;       ;       ; 4.998 ;
; SW[0]      ; LEDR[0]     ; 2.994 ;       ;       ; 2.994 ;
; SW[1]      ; HEX0[0]     ; 4.750 ; 4.750 ; 4.750 ; 4.750 ;
; SW[1]      ; HEX0[1]     ; 4.802 ; 4.802 ; 4.802 ; 4.802 ;
; SW[1]      ; HEX0[2]     ; 4.811 ; 4.811 ; 4.811 ; 4.811 ;
; SW[1]      ; HEX0[3]     ; 4.733 ; 4.733 ; 4.733 ; 4.733 ;
; SW[1]      ; HEX0[4]     ; 4.719 ; 4.719 ; 4.719 ; 4.719 ;
; SW[1]      ; HEX0[5]     ; 4.701 ; 4.701 ; 4.701 ; 4.701 ;
; SW[1]      ; HEX0[6]     ; 4.703 ; 4.703 ; 4.703 ; 4.703 ;
; SW[1]      ; HEX1[0]     ; 5.843 ; 5.843 ; 5.843 ; 5.843 ;
; SW[1]      ; HEX1[3]     ; 5.698 ; 5.698 ; 5.698 ; 5.698 ;
; SW[1]      ; HEX1[4]     ; 5.718 ; 5.718 ; 5.718 ; 5.718 ;
; SW[1]      ; HEX1[5]     ; 5.518 ; 5.518 ; 5.518 ; 5.518 ;
; SW[1]      ; HEX6[0]     ;       ; 4.110 ; 4.110 ;       ;
; SW[1]      ; HEX6[1]     ; 4.413 ; 4.413 ; 4.413 ; 4.413 ;
; SW[1]      ; HEX6[2]     ; 4.057 ;       ;       ; 4.057 ;
; SW[1]      ; HEX6[3]     ;       ; 4.239 ; 4.239 ;       ;
; SW[1]      ; HEX6[4]     ;       ; 3.961 ; 3.961 ;       ;
; SW[1]      ; HEX6[5]     ; 3.871 ;       ;       ; 3.871 ;
; SW[1]      ; HEX6[6]     ; 3.851 ; 3.851 ; 3.851 ; 3.851 ;
; SW[1]      ; LEDG[0]     ; 5.069 ; 5.069 ; 5.069 ; 5.069 ;
; SW[1]      ; LEDG[1]     ; 5.039 ; 5.039 ; 5.039 ; 5.039 ;
; SW[1]      ; LEDG[2]     ; 5.235 ; 5.235 ; 5.235 ; 5.235 ;
; SW[1]      ; LEDG[3]     ; 5.033 ; 5.033 ; 5.033 ; 5.033 ;
; SW[1]      ; LEDG[4]     ; 4.894 ; 4.795 ; 4.795 ; 4.894 ;
; SW[1]      ; LEDR[1]     ; 3.023 ;       ;       ; 3.023 ;
; SW[2]      ; HEX0[0]     ; 4.838 ; 4.838 ; 4.838 ; 4.838 ;
; SW[2]      ; HEX0[1]     ; 4.616 ; 4.616 ; 4.616 ; 4.616 ;
; SW[2]      ; HEX0[2]     ; 4.625 ; 4.625 ; 4.625 ; 4.625 ;
; SW[2]      ; HEX0[3]     ; 4.821 ; 4.821 ; 4.821 ; 4.821 ;
; SW[2]      ; HEX0[4]     ; 4.533 ; 4.533 ; 4.533 ; 4.533 ;
; SW[2]      ; HEX0[5]     ; 4.716 ; 4.753 ; 4.753 ; 4.716 ;
; SW[2]      ; HEX0[6]     ; 4.517 ; 4.517 ; 4.517 ; 4.517 ;
; SW[2]      ; HEX1[0]     ; 5.661 ; 5.661 ; 5.661 ; 5.661 ;
; SW[2]      ; HEX1[3]     ; 5.516 ; 5.516 ; 5.516 ; 5.516 ;
; SW[2]      ; HEX1[4]     ; 5.536 ; 5.536 ; 5.536 ; 5.536 ;
; SW[2]      ; HEX1[5]     ; 5.336 ; 5.336 ; 5.336 ; 5.336 ;
; SW[2]      ; HEX6[0]     ; 4.110 ; 4.110 ; 4.110 ; 4.110 ;
; SW[2]      ; HEX6[1]     ; 4.398 ;       ;       ; 4.398 ;
; SW[2]      ; HEX6[2]     ;       ; 4.019 ; 4.019 ;       ;
; SW[2]      ; HEX6[3]     ; 4.239 ; 4.239 ; 4.239 ; 4.239 ;
; SW[2]      ; HEX6[4]     ; 3.956 ; 3.956 ; 3.956 ; 3.956 ;
; SW[2]      ; HEX6[5]     ;       ; 3.861 ; 3.861 ;       ;
; SW[2]      ; HEX6[6]     ; 3.850 ; 3.850 ; 3.850 ; 3.850 ;
; SW[2]      ; LEDG[0]     ; 5.053 ; 5.053 ; 5.053 ; 5.053 ;
; SW[2]      ; LEDG[1]     ; 5.127 ; 5.127 ; 5.127 ; 5.127 ;
; SW[2]      ; LEDG[2]     ; 5.049 ; 5.049 ; 5.049 ; 5.049 ;
; SW[2]      ; LEDG[3]     ; 5.011 ; 5.011 ; 5.011 ; 5.011 ;
; SW[2]      ; LEDG[4]     ; 4.810 ; 4.773 ; 4.773 ; 4.810 ;
; SW[2]      ; LEDR[2]     ; 2.794 ;       ;       ; 2.794 ;
; SW[3]      ; HEX0[0]     ; 4.742 ; 4.742 ; 4.742 ; 4.742 ;
; SW[3]      ; HEX0[1]     ; 4.756 ; 4.756 ; 4.756 ; 4.756 ;
; SW[3]      ; HEX0[2]     ; 4.765 ; 4.765 ; 4.765 ; 4.765 ;
; SW[3]      ; HEX0[3]     ; 4.725 ; 4.725 ; 4.725 ; 4.725 ;
; SW[3]      ; HEX0[4]     ; 4.673 ; 4.673 ; 4.673 ; 4.673 ;
; SW[3]      ; HEX0[5]     ; 4.693 ; 4.693 ; 4.693 ; 4.693 ;
; SW[3]      ; HEX0[6]     ; 4.657 ; 4.657 ; 4.657 ; 4.657 ;
; SW[3]      ; HEX1[0]     ; 5.801 ; 5.801 ; 5.801 ; 5.801 ;
; SW[3]      ; HEX1[3]     ; 5.656 ; 5.656 ; 5.656 ; 5.656 ;
; SW[3]      ; HEX1[4]     ; 5.676 ; 5.676 ; 5.676 ; 5.676 ;
; SW[3]      ; HEX1[5]     ; 5.476 ; 5.476 ; 5.476 ; 5.476 ;
; SW[3]      ; HEX6[0]     ;       ; 4.255 ; 4.255 ;       ;
; SW[3]      ; HEX6[1]     ;       ; 4.540 ; 4.540 ;       ;
; SW[3]      ; HEX6[2]     ;       ; 4.169 ; 4.169 ;       ;
; SW[3]      ; HEX6[3]     ;       ; 4.384 ; 4.384 ;       ;
; SW[3]      ; HEX6[4]     ;       ; 4.101 ; 4.101 ;       ;
; SW[3]      ; HEX6[5]     ;       ; 4.010 ; 4.010 ;       ;
; SW[3]      ; HEX6[6]     ; 3.995 ; 3.995 ; 3.995 ; 3.995 ;
; SW[3]      ; LEDG[0]     ; 5.197 ; 5.197 ; 5.197 ; 5.197 ;
; SW[3]      ; LEDG[1]     ; 5.031 ; 5.031 ; 5.031 ; 5.031 ;
; SW[3]      ; LEDG[2]     ; 5.189 ; 5.189 ; 5.189 ; 5.189 ;
; SW[3]      ; LEDG[3]     ; 5.158 ; 5.158 ; 5.158 ; 5.158 ;
; SW[3]      ; LEDG[4]     ; 4.920 ; 4.886 ; 4.886 ; 4.920 ;
; SW[3]      ; LEDR[3]     ; 3.493 ;       ;       ; 3.493 ;
; SW[4]      ; HEX0[0]     ; 4.576 ; 4.576 ; 4.576 ; 4.576 ;
; SW[4]      ; HEX0[1]     ; 4.524 ; 4.524 ; 4.524 ; 4.524 ;
; SW[4]      ; HEX0[2]     ; 4.533 ; 4.533 ; 4.533 ; 4.533 ;
; SW[4]      ; HEX0[3]     ; 4.559 ; 4.559 ; 4.559 ; 4.559 ;
; SW[4]      ; HEX0[4]     ; 4.441 ; 4.441 ; 4.441 ; 4.441 ;
; SW[4]      ; HEX0[5]     ; 4.527 ; 4.527 ; 4.527 ; 4.527 ;
; SW[4]      ; HEX0[6]     ; 4.425 ; 4.425 ; 4.425 ; 4.425 ;
; SW[4]      ; HEX1[0]     ; 5.569 ; 5.569 ; 5.569 ; 5.569 ;
; SW[4]      ; HEX1[3]     ; 5.424 ; 5.424 ; 5.424 ; 5.424 ;
; SW[4]      ; HEX1[4]     ; 5.444 ; 5.444 ; 5.444 ; 5.444 ;
; SW[4]      ; HEX1[5]     ; 5.244 ; 5.244 ; 5.244 ; 5.244 ;
; SW[4]      ; HEX4[0]     ; 3.776 ; 3.776 ; 3.776 ; 3.776 ;
; SW[4]      ; HEX4[1]     ; 3.955 ; 3.955 ; 3.955 ; 3.955 ;
; SW[4]      ; HEX4[2]     ;       ; 4.351 ; 4.351 ;       ;
; SW[4]      ; HEX4[3]     ; 3.638 ; 3.638 ; 3.638 ; 3.638 ;
; SW[4]      ; HEX4[4]     ; 3.919 ;       ;       ; 3.919 ;
; SW[4]      ; HEX4[5]     ; 4.264 ;       ;       ; 4.264 ;
; SW[4]      ; HEX4[6]     ; 3.682 ;       ;       ; 3.682 ;
; SW[4]      ; LEDG[0]     ; 4.789 ; 4.789 ; 4.789 ; 4.789 ;
; SW[4]      ; LEDG[1]     ; 4.865 ; 4.865 ; 4.865 ; 4.865 ;
; SW[4]      ; LEDG[2]     ; 4.957 ; 4.957 ; 4.957 ; 4.957 ;
; SW[4]      ; LEDG[3]     ; 4.956 ; 4.956 ; 4.956 ; 4.956 ;
; SW[4]      ; LEDG[4]     ; 4.615 ;       ;       ; 4.615 ;
; SW[4]      ; LEDR[4]     ; 2.842 ;       ;       ; 2.842 ;
; SW[5]      ; HEX0[0]     ; 4.354 ; 4.354 ; 4.354 ; 4.354 ;
; SW[5]      ; HEX0[1]     ; 4.405 ; 4.405 ; 4.405 ; 4.405 ;
; SW[5]      ; HEX0[2]     ; 4.414 ; 4.414 ; 4.414 ; 4.414 ;
; SW[5]      ; HEX0[3]     ; 4.337 ; 4.337 ; 4.337 ; 4.337 ;
; SW[5]      ; HEX0[4]     ; 4.322 ; 4.322 ; 4.322 ; 4.322 ;
; SW[5]      ; HEX0[5]     ; 4.305 ; 4.305 ; 4.305 ; 4.305 ;
; SW[5]      ; HEX0[6]     ; 4.306 ; 4.306 ; 4.306 ; 4.306 ;
; SW[5]      ; HEX1[0]     ; 5.447 ; 5.447 ; 5.447 ; 5.447 ;
; SW[5]      ; HEX1[3]     ; 5.302 ; 5.302 ; 5.302 ; 5.302 ;
; SW[5]      ; HEX1[4]     ; 5.322 ; 5.322 ; 5.322 ; 5.322 ;
; SW[5]      ; HEX1[5]     ; 5.122 ; 5.122 ; 5.122 ; 5.122 ;
; SW[5]      ; HEX4[0]     ;       ; 3.770 ; 3.770 ;       ;
; SW[5]      ; HEX4[1]     ; 3.947 ; 3.947 ; 3.947 ; 3.947 ;
; SW[5]      ; HEX4[2]     ; 4.344 ;       ;       ; 4.344 ;
; SW[5]      ; HEX4[3]     ;       ; 3.632 ; 3.632 ;       ;
; SW[5]      ; HEX4[4]     ;       ; 3.905 ; 3.905 ;       ;
; SW[5]      ; HEX4[5]     ; 4.254 ;       ;       ; 4.254 ;
; SW[5]      ; HEX4[6]     ; 3.668 ; 3.668 ; 3.668 ; 3.668 ;
; SW[5]      ; LEDG[0]     ; 4.775 ; 4.775 ; 4.775 ; 4.775 ;
; SW[5]      ; LEDG[1]     ; 4.643 ; 4.643 ; 4.643 ; 4.643 ;
; SW[5]      ; LEDG[2]     ; 4.838 ; 4.838 ; 4.838 ; 4.838 ;
; SW[5]      ; LEDG[3]     ; 4.837 ; 4.837 ; 4.837 ; 4.837 ;
; SW[5]      ; LEDG[4]     ; 4.496 ; 4.601 ; 4.601 ; 4.496 ;
; SW[5]      ; LEDR[5]     ; 3.062 ;       ;       ; 3.062 ;
; SW[6]      ; HEX0[0]     ; 4.578 ; 4.578 ; 4.578 ; 4.578 ;
; SW[6]      ; HEX0[1]     ; 4.378 ; 4.378 ; 4.378 ; 4.378 ;
; SW[6]      ; HEX0[2]     ; 4.387 ; 4.387 ; 4.387 ; 4.387 ;
; SW[6]      ; HEX0[3]     ; 4.561 ; 4.561 ; 4.561 ; 4.561 ;
; SW[6]      ; HEX0[4]     ; 4.295 ; 4.295 ; 4.295 ; 4.295 ;
; SW[6]      ; HEX0[5]     ; 4.529 ; 4.517 ; 4.517 ; 4.529 ;
; SW[6]      ; HEX0[6]     ; 4.279 ; 4.279 ; 4.279 ; 4.279 ;
; SW[6]      ; HEX1[0]     ; 5.423 ; 5.423 ; 5.423 ; 5.423 ;
; SW[6]      ; HEX1[3]     ; 5.278 ; 5.278 ; 5.278 ; 5.278 ;
; SW[6]      ; HEX1[4]     ; 5.298 ; 5.298 ; 5.298 ; 5.298 ;
; SW[6]      ; HEX1[5]     ; 5.098 ; 5.098 ; 5.098 ; 5.098 ;
; SW[6]      ; HEX4[0]     ; 3.790 ; 3.790 ; 3.790 ; 3.790 ;
; SW[6]      ; HEX4[1]     ; 3.994 ;       ;       ; 3.994 ;
; SW[6]      ; HEX4[2]     ;       ; 4.352 ; 4.352 ;       ;
; SW[6]      ; HEX4[3]     ; 3.652 ; 3.652 ; 3.652 ; 3.652 ;
; SW[6]      ; HEX4[4]     ; 3.921 ; 3.921 ; 3.921 ; 3.921 ;
; SW[6]      ; HEX4[5]     ;       ; 4.272 ; 4.272 ;       ;
; SW[6]      ; HEX4[6]     ; 3.688 ; 3.688 ; 3.688 ; 3.688 ;
; SW[6]      ; LEDG[0]     ; 4.791 ; 4.791 ; 4.791 ; 4.791 ;
; SW[6]      ; LEDG[1]     ; 4.867 ; 4.867 ; 4.867 ; 4.867 ;
; SW[6]      ; LEDG[2]     ; 4.811 ; 4.811 ; 4.811 ; 4.811 ;
; SW[6]      ; LEDG[3]     ; 4.915 ; 4.915 ; 4.915 ; 4.915 ;
; SW[6]      ; LEDG[4]     ; 4.574 ; 4.617 ; 4.617 ; 4.574 ;
; SW[6]      ; LEDR[6]     ; 2.870 ;       ;       ; 2.870 ;
; SW[7]      ; HEX0[0]     ; 4.814 ; 4.814 ; 4.814 ; 4.814 ;
; SW[7]      ; HEX0[1]     ; 4.743 ; 4.743 ; 4.743 ; 4.743 ;
; SW[7]      ; HEX0[2]     ; 4.752 ; 4.752 ; 4.752 ; 4.752 ;
; SW[7]      ; HEX0[3]     ; 4.797 ; 4.797 ; 4.797 ; 4.797 ;
; SW[7]      ; HEX0[4]     ; 4.660 ; 4.660 ; 4.660 ; 4.660 ;
; SW[7]      ; HEX0[5]     ; 4.765 ; 4.765 ; 4.765 ; 4.765 ;
; SW[7]      ; HEX0[6]     ; 4.644 ; 4.644 ; 4.644 ; 4.644 ;
; SW[7]      ; HEX1[0]     ; 5.788 ; 5.788 ; 5.788 ; 5.788 ;
; SW[7]      ; HEX1[3]     ; 5.643 ; 5.643 ; 5.643 ; 5.643 ;
; SW[7]      ; HEX1[4]     ; 5.663 ; 5.663 ; 5.663 ; 5.663 ;
; SW[7]      ; HEX1[5]     ; 5.463 ; 5.463 ; 5.463 ; 5.463 ;
; SW[7]      ; HEX4[0]     ;       ; 4.173 ; 4.173 ;       ;
; SW[7]      ; HEX4[1]     ;       ; 4.351 ; 4.351 ;       ;
; SW[7]      ; HEX4[2]     ;       ; 4.753 ; 4.753 ;       ;
; SW[7]      ; HEX4[3]     ;       ; 4.035 ; 4.035 ;       ;
; SW[7]      ; HEX4[4]     ;       ; 4.316 ; 4.316 ;       ;
; SW[7]      ; HEX4[5]     ;       ; 4.661 ; 4.661 ;       ;
; SW[7]      ; HEX4[6]     ; 4.079 ; 4.079 ; 4.079 ; 4.079 ;
; SW[7]      ; LEDG[0]     ; 5.186 ; 5.186 ; 5.186 ; 5.186 ;
; SW[7]      ; LEDG[1]     ; 5.103 ; 5.103 ; 5.103 ; 5.103 ;
; SW[7]      ; LEDG[2]     ; 5.176 ; 5.176 ; 5.176 ; 5.176 ;
; SW[7]      ; LEDG[3]     ; 5.280 ; 5.280 ; 5.280 ; 5.280 ;
; SW[7]      ; LEDG[4]     ; 5.110 ; 4.939 ; 4.939 ; 5.110 ;
; SW[7]      ; LEDR[7]     ; 3.448 ;       ;       ; 3.448 ;
; SW[8]      ; HEX0[0]     ; 4.941 ; 4.941 ; 4.941 ; 4.941 ;
; SW[8]      ; HEX0[1]     ; 4.889 ; 4.889 ; 4.889 ; 4.889 ;
; SW[8]      ; HEX0[2]     ; 4.898 ; 4.898 ; 4.898 ; 4.898 ;
; SW[8]      ; HEX0[3]     ; 4.924 ; 4.924 ; 4.924 ; 4.924 ;
; SW[8]      ; HEX0[4]     ; 4.806 ; 4.806 ; 4.806 ; 4.806 ;
; SW[8]      ; HEX0[5]     ; 4.892 ; 4.892 ; 4.892 ; 4.892 ;
; SW[8]      ; HEX0[6]     ; 4.790 ; 4.790 ; 4.790 ; 4.790 ;
; SW[8]      ; HEX1[0]     ; 5.934 ; 5.934 ; 5.934 ; 5.934 ;
; SW[8]      ; HEX1[3]     ; 5.789 ; 5.789 ; 5.789 ; 5.789 ;
; SW[8]      ; HEX1[4]     ; 5.809 ; 5.809 ; 5.809 ; 5.809 ;
; SW[8]      ; HEX1[5]     ; 5.609 ; 5.609 ; 5.609 ; 5.609 ;
; SW[8]      ; LEDG[0]     ; 5.259 ; 5.259 ; 5.259 ; 5.259 ;
; SW[8]      ; LEDG[1]     ; 5.230 ; 5.230 ; 5.230 ; 5.230 ;
; SW[8]      ; LEDG[2]     ; 5.322 ; 5.322 ; 5.322 ; 5.322 ;
; SW[8]      ; LEDG[3]     ; 5.321 ; 5.321 ; 5.321 ; 5.321 ;
; SW[8]      ; LEDG[4]     ; 4.980 ;       ;       ; 4.980 ;
; SW[8]      ; LEDR[8]     ; 3.227 ;       ;       ; 3.227 ;
+------------+-------------+-------+-------+-------+-------+


+----------------------------------------------------------------------------+
; Multicorner Timing Analysis Summary                                        ;
+------------------+-------+------+----------+---------+---------------------+
; Clock            ; Setup ; Hold ; Recovery ; Removal ; Minimum Pulse Width ;
+------------------+-------+------+----------+---------+---------------------+
; Worst-case Slack ; N/A   ; N/A  ; N/A      ; N/A     ; N/A                 ;
; Design-wide TNS  ; 0.0   ; 0.0  ; 0.0      ; 0.0     ; 0.0                 ;
+------------------+-------+------+----------+---------+---------------------+


+--------------------------------------------------------------+
; Progagation Delay                                            ;
+------------+-------------+--------+--------+--------+--------+
; Input Port ; Output Port ; RR     ; RF     ; FR     ; FF     ;
+------------+-------------+--------+--------+--------+--------+
; SW[0]      ; HEX0[0]     ; 11.978 ; 11.978 ; 11.978 ; 11.978 ;
; SW[0]      ; HEX0[1]     ; 12.610 ; 12.610 ; 12.610 ; 12.610 ;
; SW[0]      ; HEX0[2]     ; 11.954 ; 11.954 ; 11.954 ; 11.954 ;
; SW[0]      ; HEX0[3]     ; 11.958 ; 11.958 ; 11.958 ; 11.958 ;
; SW[0]      ; HEX0[4]     ; 12.705 ; 12.705 ; 12.705 ; 12.705 ;
; SW[0]      ; HEX0[5]     ; 12.430 ; 12.430 ; 12.430 ; 12.430 ;
; SW[0]      ; HEX0[6]     ; 11.747 ; 11.747 ; 11.747 ; 11.747 ;
; SW[0]      ; HEX1[0]     ; 14.216 ; 14.216 ; 14.216 ; 14.216 ;
; SW[0]      ; HEX1[3]     ; 14.032 ; 14.032 ; 14.032 ; 14.032 ;
; SW[0]      ; HEX1[4]     ; 14.052 ; 14.052 ; 14.052 ; 14.052 ;
; SW[0]      ; HEX1[5]     ; 13.586 ; 13.586 ; 13.586 ; 13.586 ;
; SW[0]      ; HEX6[0]     ; 8.318  ; 8.318  ; 8.318  ; 8.318  ;
; SW[0]      ; HEX6[1]     ; 8.687  ; 8.687  ; 8.687  ; 8.687  ;
; SW[0]      ; HEX6[2]     ;        ; 8.069  ; 8.069  ;        ;
; SW[0]      ; HEX6[3]     ; 8.596  ; 8.596  ; 8.596  ; 8.596  ;
; SW[0]      ; HEX6[4]     ; 7.928  ;        ;        ; 7.928  ;
; SW[0]      ; HEX6[5]     ; 7.713  ;        ;        ; 7.713  ;
; SW[0]      ; HEX6[6]     ; 7.697  ;        ;        ; 7.697  ;
; SW[0]      ; LEDG[0]     ; 10.363 ; 10.363 ; 10.363 ; 10.363 ;
; SW[0]      ; LEDG[1]     ; 10.574 ; 10.574 ; 10.574 ; 10.574 ;
; SW[0]      ; LEDG[2]     ; 10.829 ; 10.829 ; 10.829 ; 10.829 ;
; SW[0]      ; LEDG[3]     ; 10.711 ; 10.711 ; 10.711 ; 10.711 ;
; SW[0]      ; LEDG[4]     ; 9.880  ;        ;        ; 9.880  ;
; SW[0]      ; LEDR[0]     ; 5.611  ;        ;        ; 5.611  ;
; SW[1]      ; HEX0[0]     ; 11.765 ; 11.765 ; 11.765 ; 11.765 ;
; SW[1]      ; HEX0[1]     ; 12.397 ; 12.397 ; 12.397 ; 12.397 ;
; SW[1]      ; HEX0[2]     ; 11.741 ; 11.741 ; 11.741 ; 11.741 ;
; SW[1]      ; HEX0[3]     ; 11.745 ; 11.745 ; 11.745 ; 11.745 ;
; SW[1]      ; HEX0[4]     ; 12.492 ; 12.492 ; 12.492 ; 12.492 ;
; SW[1]      ; HEX0[5]     ; 12.217 ; 12.217 ; 12.217 ; 12.217 ;
; SW[1]      ; HEX0[6]     ; 11.534 ; 11.534 ; 11.534 ; 11.534 ;
; SW[1]      ; HEX1[0]     ; 14.003 ; 14.003 ; 14.003 ; 14.003 ;
; SW[1]      ; HEX1[3]     ; 13.819 ; 13.819 ; 13.819 ; 13.819 ;
; SW[1]      ; HEX1[4]     ; 13.839 ; 13.839 ; 13.839 ; 13.839 ;
; SW[1]      ; HEX1[5]     ; 13.373 ; 13.373 ; 13.373 ; 13.373 ;
; SW[1]      ; HEX6[0]     ;        ; 8.104  ; 8.104  ;        ;
; SW[1]      ; HEX6[1]     ; 8.504  ; 8.504  ; 8.504  ; 8.504  ;
; SW[1]      ; HEX6[2]     ; 7.896  ;        ;        ; 7.896  ;
; SW[1]      ; HEX6[3]     ;        ; 8.382  ; 8.382  ;        ;
; SW[1]      ; HEX6[4]     ;        ; 7.715  ; 7.715  ;        ;
; SW[1]      ; HEX6[5]     ; 7.499  ;        ;        ; 7.499  ;
; SW[1]      ; HEX6[6]     ; 7.484  ; 7.484  ; 7.484  ; 7.484  ;
; SW[1]      ; LEDG[0]     ; 10.150 ; 10.150 ; 10.150 ; 10.150 ;
; SW[1]      ; LEDG[1]     ; 10.361 ; 10.361 ; 10.361 ; 10.361 ;
; SW[1]      ; LEDG[2]     ; 10.616 ; 10.616 ; 10.616 ; 10.616 ;
; SW[1]      ; LEDG[3]     ; 10.498 ; 10.498 ; 10.498 ; 10.498 ;
; SW[1]      ; LEDG[4]     ; 9.629  ; 9.667  ; 9.667  ; 9.629  ;
; SW[1]      ; LEDR[1]     ; 5.673  ;        ;        ; 5.673  ;
; SW[2]      ; HEX0[0]     ; 11.686 ; 11.686 ; 11.686 ; 11.686 ;
; SW[2]      ; HEX0[1]     ; 12.318 ; 12.318 ; 12.318 ; 12.318 ;
; SW[2]      ; HEX0[2]     ; 11.662 ; 11.662 ; 11.662 ; 11.662 ;
; SW[2]      ; HEX0[3]     ; 11.666 ; 11.666 ; 11.666 ; 11.666 ;
; SW[2]      ; HEX0[4]     ; 12.413 ; 12.413 ; 12.413 ; 12.413 ;
; SW[2]      ; HEX0[5]     ; 12.138 ; 12.138 ; 12.138 ; 12.138 ;
; SW[2]      ; HEX0[6]     ; 11.455 ; 11.455 ; 11.455 ; 11.455 ;
; SW[2]      ; HEX1[0]     ; 13.924 ; 13.924 ; 13.924 ; 13.924 ;
; SW[2]      ; HEX1[3]     ; 13.740 ; 13.740 ; 13.740 ; 13.740 ;
; SW[2]      ; HEX1[4]     ; 13.760 ; 13.760 ; 13.760 ; 13.760 ;
; SW[2]      ; HEX1[5]     ; 13.294 ; 13.294 ; 13.294 ; 13.294 ;
; SW[2]      ; HEX6[0]     ; 8.041  ; 8.041  ; 8.041  ; 8.041  ;
; SW[2]      ; HEX6[1]     ; 8.425  ;        ;        ; 8.425  ;
; SW[2]      ; HEX6[2]     ;        ; 7.826  ; 7.826  ;        ;
; SW[2]      ; HEX6[3]     ; 8.319  ; 8.319  ; 8.319  ; 8.319  ;
; SW[2]      ; HEX6[4]     ; 7.648  ; 7.648  ; 7.648  ; 7.648  ;
; SW[2]      ; HEX6[5]     ;        ; 7.432  ; 7.432  ;        ;
; SW[2]      ; HEX6[6]     ; 7.419  ; 7.419  ; 7.419  ; 7.419  ;
; SW[2]      ; LEDG[0]     ; 10.071 ; 10.071 ; 10.071 ; 10.071 ;
; SW[2]      ; LEDG[1]     ; 10.282 ; 10.282 ; 10.282 ; 10.282 ;
; SW[2]      ; LEDG[2]     ; 10.537 ; 10.537 ; 10.537 ; 10.537 ;
; SW[2]      ; LEDG[3]     ; 10.419 ; 10.419 ; 10.419 ; 10.419 ;
; SW[2]      ; LEDG[4]     ; 9.453  ; 9.588  ; 9.588  ; 9.453  ;
; SW[2]      ; LEDR[2]     ; 5.135  ;        ;        ; 5.135  ;
; SW[3]      ; HEX0[0]     ; 12.047 ; 12.047 ; 12.047 ; 12.047 ;
; SW[3]      ; HEX0[1]     ; 12.679 ; 12.679 ; 12.679 ; 12.679 ;
; SW[3]      ; HEX0[2]     ; 12.023 ; 12.023 ; 12.023 ; 12.023 ;
; SW[3]      ; HEX0[3]     ; 12.027 ; 12.027 ; 12.027 ; 12.027 ;
; SW[3]      ; HEX0[4]     ; 12.774 ; 12.774 ; 12.774 ; 12.774 ;
; SW[3]      ; HEX0[5]     ; 12.499 ; 12.499 ; 12.499 ; 12.499 ;
; SW[3]      ; HEX0[6]     ; 11.816 ; 11.816 ; 11.816 ; 11.816 ;
; SW[3]      ; HEX1[0]     ; 14.285 ; 14.285 ; 14.285 ; 14.285 ;
; SW[3]      ; HEX1[3]     ; 14.101 ; 14.101 ; 14.101 ; 14.101 ;
; SW[3]      ; HEX1[4]     ; 14.121 ; 14.121 ; 14.121 ; 14.121 ;
; SW[3]      ; HEX1[5]     ; 13.655 ; 13.655 ; 13.655 ; 13.655 ;
; SW[3]      ; HEX6[0]     ;        ; 8.361  ; 8.361  ;        ;
; SW[3]      ; HEX6[1]     ;        ; 8.739  ; 8.739  ;        ;
; SW[3]      ; HEX6[2]     ;        ; 8.140  ; 8.140  ;        ;
; SW[3]      ; HEX6[3]     ;        ; 8.639  ; 8.639  ;        ;
; SW[3]      ; HEX6[4]     ;        ; 8.012  ; 8.012  ;        ;
; SW[3]      ; HEX6[5]     ;        ; 7.754  ; 7.754  ;        ;
; SW[3]      ; HEX6[6]     ; 7.784  ; 7.784  ; 7.784  ; 7.784  ;
; SW[3]      ; LEDG[0]     ; 10.432 ; 10.432 ; 10.432 ; 10.432 ;
; SW[3]      ; LEDG[1]     ; 10.643 ; 10.643 ; 10.643 ; 10.643 ;
; SW[3]      ; LEDG[2]     ; 10.898 ; 10.898 ; 10.898 ; 10.898 ;
; SW[3]      ; LEDG[3]     ; 10.780 ; 10.780 ; 10.780 ; 10.780 ;
; SW[3]      ; LEDG[4]     ; 9.741  ; 9.949  ; 9.949  ; 9.741  ;
; SW[3]      ; LEDR[3]     ; 6.441  ;        ;        ; 6.441  ;
; SW[4]      ; HEX0[0]     ; 11.119 ; 11.119 ; 11.119 ; 11.119 ;
; SW[4]      ; HEX0[1]     ; 11.751 ; 11.751 ; 11.751 ; 11.751 ;
; SW[4]      ; HEX0[2]     ; 11.095 ; 11.095 ; 11.095 ; 11.095 ;
; SW[4]      ; HEX0[3]     ; 11.099 ; 11.099 ; 11.099 ; 11.099 ;
; SW[4]      ; HEX0[4]     ; 11.846 ; 11.846 ; 11.846 ; 11.846 ;
; SW[4]      ; HEX0[5]     ; 11.571 ; 11.571 ; 11.571 ; 11.571 ;
; SW[4]      ; HEX0[6]     ; 10.888 ; 10.888 ; 10.888 ; 10.888 ;
; SW[4]      ; HEX1[0]     ; 13.357 ; 13.357 ; 13.357 ; 13.357 ;
; SW[4]      ; HEX1[3]     ; 13.173 ; 13.173 ; 13.173 ; 13.173 ;
; SW[4]      ; HEX1[4]     ; 13.193 ; 13.193 ; 13.193 ; 13.193 ;
; SW[4]      ; HEX1[5]     ; 12.727 ; 12.727 ; 12.727 ; 12.727 ;
; SW[4]      ; HEX4[0]     ; 7.284  ; 7.284  ; 7.284  ; 7.284  ;
; SW[4]      ; HEX4[1]     ; 7.734  ; 7.734  ; 7.734  ; 7.734  ;
; SW[4]      ; HEX4[2]     ;        ; 8.388  ; 8.388  ;        ;
; SW[4]      ; HEX4[3]     ; 6.988  ; 6.988  ; 6.988  ; 6.988  ;
; SW[4]      ; HEX4[4]     ; 7.670  ;        ;        ; 7.670  ;
; SW[4]      ; HEX4[5]     ; 8.119  ;        ;        ; 8.119  ;
; SW[4]      ; HEX4[6]     ; 7.059  ;        ;        ; 7.059  ;
; SW[4]      ; LEDG[0]     ; 9.505  ; 9.505  ; 9.505  ; 9.505  ;
; SW[4]      ; LEDG[1]     ; 9.715  ; 9.715  ; 9.715  ; 9.715  ;
; SW[4]      ; LEDG[2]     ; 9.970  ; 9.970  ; 9.970  ; 9.970  ;
; SW[4]      ; LEDG[3]     ; 9.852  ; 9.852  ; 9.852  ; 9.852  ;
; SW[4]      ; LEDG[4]     ; 9.021  ;        ;        ; 9.021  ;
; SW[4]      ; LEDR[4]     ; 5.280  ;        ;        ; 5.280  ;
; SW[5]      ; HEX0[0]     ; 11.201 ; 11.201 ; 11.201 ; 11.201 ;
; SW[5]      ; HEX0[1]     ; 11.833 ; 11.833 ; 11.833 ; 11.833 ;
; SW[5]      ; HEX0[2]     ; 11.177 ; 11.177 ; 11.177 ; 11.177 ;
; SW[5]      ; HEX0[3]     ; 11.181 ; 11.181 ; 11.181 ; 11.181 ;
; SW[5]      ; HEX0[4]     ; 11.928 ; 11.928 ; 11.928 ; 11.928 ;
; SW[5]      ; HEX0[5]     ; 11.653 ; 11.653 ; 11.653 ; 11.653 ;
; SW[5]      ; HEX0[6]     ; 10.970 ; 10.970 ; 10.970 ; 10.970 ;
; SW[5]      ; HEX1[0]     ; 13.439 ; 13.439 ; 13.439 ; 13.439 ;
; SW[5]      ; HEX1[3]     ; 13.255 ; 13.255 ; 13.255 ; 13.255 ;
; SW[5]      ; HEX1[4]     ; 13.275 ; 13.275 ; 13.275 ; 13.275 ;
; SW[5]      ; HEX1[5]     ; 12.809 ; 12.809 ; 12.809 ; 12.809 ;
; SW[5]      ; HEX4[0]     ;        ; 7.360  ; 7.360  ;        ;
; SW[5]      ; HEX4[1]     ; 7.848  ; 7.848  ; 7.848  ; 7.848  ;
; SW[5]      ; HEX4[2]     ; 8.496  ;        ;        ; 8.496  ;
; SW[5]      ; HEX4[3]     ;        ; 7.064  ; 7.064  ;        ;
; SW[5]      ; HEX4[4]     ;        ; 7.752  ; 7.752  ;        ;
; SW[5]      ; HEX4[5]     ; 8.227  ;        ;        ; 8.227  ;
; SW[5]      ; HEX4[6]     ; 7.165  ; 7.165  ; 7.165  ; 7.165  ;
; SW[5]      ; LEDG[0]     ; 9.587  ; 9.587  ; 9.587  ; 9.587  ;
; SW[5]      ; LEDG[1]     ; 9.797  ; 9.797  ; 9.797  ; 9.797  ;
; SW[5]      ; LEDG[2]     ; 10.052 ; 10.052 ; 10.052 ; 10.052 ;
; SW[5]      ; LEDG[3]     ; 9.934  ; 9.934  ; 9.934  ; 9.934  ;
; SW[5]      ; LEDG[4]     ; 8.841  ; 9.316  ; 9.316  ; 8.841  ;
; SW[5]      ; LEDR[5]     ; 5.704  ;        ;        ; 5.704  ;
; SW[6]      ; HEX0[0]     ; 11.186 ; 11.186 ; 11.186 ; 11.186 ;
; SW[6]      ; HEX0[1]     ; 11.818 ; 11.818 ; 11.818 ; 11.818 ;
; SW[6]      ; HEX0[2]     ; 11.162 ; 11.162 ; 11.162 ; 11.162 ;
; SW[6]      ; HEX0[3]     ; 11.166 ; 11.166 ; 11.166 ; 11.166 ;
; SW[6]      ; HEX0[4]     ; 11.913 ; 11.913 ; 11.913 ; 11.913 ;
; SW[6]      ; HEX0[5]     ; 11.638 ; 11.638 ; 11.638 ; 11.638 ;
; SW[6]      ; HEX0[6]     ; 10.955 ; 10.955 ; 10.955 ; 10.955 ;
; SW[6]      ; HEX1[0]     ; 13.424 ; 13.424 ; 13.424 ; 13.424 ;
; SW[6]      ; HEX1[3]     ; 13.240 ; 13.240 ; 13.240 ; 13.240 ;
; SW[6]      ; HEX1[4]     ; 13.260 ; 13.260 ; 13.260 ; 13.260 ;
; SW[6]      ; HEX1[5]     ; 12.794 ; 12.794 ; 12.794 ; 12.794 ;
; SW[6]      ; HEX4[0]     ; 7.365  ; 7.365  ; 7.365  ; 7.365  ;
; SW[6]      ; HEX4[1]     ; 7.813  ;        ;        ; 7.813  ;
; SW[6]      ; HEX4[2]     ;        ; 8.452  ; 8.452  ;        ;
; SW[6]      ; HEX4[3]     ; 7.069  ; 7.069  ; 7.069  ; 7.069  ;
; SW[6]      ; HEX4[4]     ; 7.735  ; 7.735  ; 7.735  ; 7.735  ;
; SW[6]      ; HEX4[5]     ;        ; 8.193  ; 8.193  ;        ;
; SW[6]      ; HEX4[6]     ; 7.127  ; 7.127  ; 7.127  ; 7.127  ;
; SW[6]      ; LEDG[0]     ; 9.572  ; 9.572  ; 9.572  ; 9.572  ;
; SW[6]      ; LEDG[1]     ; 9.782  ; 9.782  ; 9.782  ; 9.782  ;
; SW[6]      ; LEDG[2]     ; 10.037 ; 10.037 ; 10.037 ; 10.037 ;
; SW[6]      ; LEDG[3]     ; 9.919  ; 9.919  ; 9.919  ; 9.919  ;
; SW[6]      ; LEDG[4]     ; 8.947  ; 9.322  ; 9.322  ; 8.947  ;
; SW[6]      ; LEDR[6]     ; 5.338  ;        ;        ; 5.338  ;
; SW[7]      ; HEX0[0]     ; 11.866 ; 11.866 ; 11.866 ; 11.866 ;
; SW[7]      ; HEX0[1]     ; 12.498 ; 12.498 ; 12.498 ; 12.498 ;
; SW[7]      ; HEX0[2]     ; 11.842 ; 11.842 ; 11.842 ; 11.842 ;
; SW[7]      ; HEX0[3]     ; 11.846 ; 11.846 ; 11.846 ; 11.846 ;
; SW[7]      ; HEX0[4]     ; 12.593 ; 12.593 ; 12.593 ; 12.593 ;
; SW[7]      ; HEX0[5]     ; 12.318 ; 12.318 ; 12.318 ; 12.318 ;
; SW[7]      ; HEX0[6]     ; 11.635 ; 11.635 ; 11.635 ; 11.635 ;
; SW[7]      ; HEX1[0]     ; 14.104 ; 14.104 ; 14.104 ; 14.104 ;
; SW[7]      ; HEX1[3]     ; 13.920 ; 13.920 ; 13.920 ; 13.920 ;
; SW[7]      ; HEX1[4]     ; 13.940 ; 13.940 ; 13.940 ; 13.940 ;
; SW[7]      ; HEX1[5]     ; 13.474 ; 13.474 ; 13.474 ; 13.474 ;
; SW[7]      ; HEX4[0]     ;        ; 8.015  ; 8.015  ;        ;
; SW[7]      ; HEX4[1]     ;        ; 8.471  ; 8.471  ;        ;
; SW[7]      ; HEX4[2]     ;        ; 9.126  ; 9.126  ;        ;
; SW[7]      ; HEX4[3]     ;        ; 7.719  ; 7.719  ;        ;
; SW[7]      ; HEX4[4]     ;        ; 8.416  ; 8.416  ;        ;
; SW[7]      ; HEX4[5]     ;        ; 8.857  ; 8.857  ;        ;
; SW[7]      ; HEX4[6]     ; 7.836  ; 7.836  ; 7.836  ; 7.836  ;
; SW[7]      ; LEDG[0]     ; 10.252 ; 10.252 ; 10.252 ; 10.252 ;
; SW[7]      ; LEDG[1]     ; 10.462 ; 10.462 ; 10.462 ; 10.462 ;
; SW[7]      ; LEDG[2]     ; 10.717 ; 10.717 ; 10.717 ; 10.717 ;
; SW[7]      ; LEDG[3]     ; 10.599 ; 10.599 ; 10.599 ; 10.599 ;
; SW[7]      ; LEDG[4]     ; 10.027 ; 9.768  ; 9.768  ; 10.027 ;
; SW[7]      ; LEDR[7]     ; 6.300  ;        ;        ; 6.300  ;
; SW[8]      ; HEX0[0]     ; 11.771 ; 11.771 ; 11.771 ; 11.771 ;
; SW[8]      ; HEX0[1]     ; 12.403 ; 12.403 ; 12.403 ; 12.403 ;
; SW[8]      ; HEX0[2]     ; 11.747 ; 11.747 ; 11.747 ; 11.747 ;
; SW[8]      ; HEX0[3]     ; 11.751 ; 11.751 ; 11.751 ; 11.751 ;
; SW[8]      ; HEX0[4]     ; 12.498 ; 12.498 ; 12.498 ; 12.498 ;
; SW[8]      ; HEX0[5]     ; 12.223 ; 12.223 ; 12.223 ; 12.223 ;
; SW[8]      ; HEX0[6]     ; 11.540 ; 11.540 ; 11.540 ; 11.540 ;
; SW[8]      ; HEX1[0]     ; 14.009 ; 14.009 ; 14.009 ; 14.009 ;
; SW[8]      ; HEX1[3]     ; 13.825 ; 13.825 ; 13.825 ; 13.825 ;
; SW[8]      ; HEX1[4]     ; 13.845 ; 13.845 ; 13.845 ; 13.845 ;
; SW[8]      ; HEX1[5]     ; 13.379 ; 13.379 ; 13.379 ; 13.379 ;
; SW[8]      ; LEDG[0]     ; 10.472 ; 10.472 ; 10.472 ; 10.472 ;
; SW[8]      ; LEDG[1]     ; 10.367 ; 10.367 ; 10.367 ; 10.367 ;
; SW[8]      ; LEDG[2]     ; 10.622 ; 10.622 ; 10.622 ; 10.622 ;
; SW[8]      ; LEDG[3]     ; 10.504 ; 10.504 ; 10.504 ; 10.504 ;
; SW[8]      ; LEDG[4]     ; 9.673  ;        ;        ; 9.673  ;
; SW[8]      ; LEDR[8]     ; 5.894  ;        ;        ; 5.894  ;
+------------+-------------+--------+--------+--------+--------+


+----------------------------------------------------------+
; Minimum Progagation Delay                                ;
+------------+-------------+-------+-------+-------+-------+
; Input Port ; Output Port ; RR    ; RF    ; FR    ; FF    ;
+------------+-------------+-------+-------+-------+-------+
; SW[0]      ; HEX0[0]     ; 4.959 ; 4.959 ; 4.959 ; 4.959 ;
; SW[0]      ; HEX0[1]     ; 4.907 ; 4.907 ; 4.907 ; 4.907 ;
; SW[0]      ; HEX0[2]     ; 4.916 ; 4.916 ; 4.916 ; 4.916 ;
; SW[0]      ; HEX0[3]     ; 4.942 ; 4.942 ; 4.942 ; 4.942 ;
; SW[0]      ; HEX0[4]     ; 4.824 ; 4.824 ; 4.824 ; 4.824 ;
; SW[0]      ; HEX0[5]     ; 4.910 ; 4.910 ; 4.910 ; 4.910 ;
; SW[0]      ; HEX0[6]     ; 4.808 ; 4.808 ; 4.808 ; 4.808 ;
; SW[0]      ; HEX1[0]     ; 5.952 ; 5.952 ; 5.952 ; 5.952 ;
; SW[0]      ; HEX1[3]     ; 5.807 ; 5.807 ; 5.807 ; 5.807 ;
; SW[0]      ; HEX1[4]     ; 5.827 ; 5.827 ; 5.827 ; 5.827 ;
; SW[0]      ; HEX1[5]     ; 5.627 ; 5.627 ; 5.627 ; 5.627 ;
; SW[0]      ; HEX6[0]     ; 4.212 ; 4.212 ; 4.212 ; 4.212 ;
; SW[0]      ; HEX6[1]     ; 4.511 ; 4.511 ; 4.511 ; 4.511 ;
; SW[0]      ; HEX6[2]     ;       ; 4.135 ; 4.135 ;       ;
; SW[0]      ; HEX6[3]     ; 4.341 ; 4.341 ; 4.341 ; 4.341 ;
; SW[0]      ; HEX6[4]     ; 4.061 ;       ;       ; 4.061 ;
; SW[0]      ; HEX6[5]     ; 3.975 ;       ;       ; 3.975 ;
; SW[0]      ; HEX6[6]     ; 3.951 ;       ;       ; 3.951 ;
; SW[0]      ; LEDG[0]     ; 5.174 ; 5.174 ; 5.174 ; 5.174 ;
; SW[0]      ; LEDG[1]     ; 5.248 ; 5.248 ; 5.248 ; 5.248 ;
; SW[0]      ; LEDG[2]     ; 5.340 ; 5.340 ; 5.340 ; 5.340 ;
; SW[0]      ; LEDG[3]     ; 5.339 ; 5.339 ; 5.339 ; 5.339 ;
; SW[0]      ; LEDG[4]     ; 4.998 ;       ;       ; 4.998 ;
; SW[0]      ; LEDR[0]     ; 2.994 ;       ;       ; 2.994 ;
; SW[1]      ; HEX0[0]     ; 4.750 ; 4.750 ; 4.750 ; 4.750 ;
; SW[1]      ; HEX0[1]     ; 4.802 ; 4.802 ; 4.802 ; 4.802 ;
; SW[1]      ; HEX0[2]     ; 4.811 ; 4.811 ; 4.811 ; 4.811 ;
; SW[1]      ; HEX0[3]     ; 4.733 ; 4.733 ; 4.733 ; 4.733 ;
; SW[1]      ; HEX0[4]     ; 4.719 ; 4.719 ; 4.719 ; 4.719 ;
; SW[1]      ; HEX0[5]     ; 4.701 ; 4.701 ; 4.701 ; 4.701 ;
; SW[1]      ; HEX0[6]     ; 4.703 ; 4.703 ; 4.703 ; 4.703 ;
; SW[1]      ; HEX1[0]     ; 5.843 ; 5.843 ; 5.843 ; 5.843 ;
; SW[1]      ; HEX1[3]     ; 5.698 ; 5.698 ; 5.698 ; 5.698 ;
; SW[1]      ; HEX1[4]     ; 5.718 ; 5.718 ; 5.718 ; 5.718 ;
; SW[1]      ; HEX1[5]     ; 5.518 ; 5.518 ; 5.518 ; 5.518 ;
; SW[1]      ; HEX6[0]     ;       ; 4.110 ; 4.110 ;       ;
; SW[1]      ; HEX6[1]     ; 4.413 ; 4.413 ; 4.413 ; 4.413 ;
; SW[1]      ; HEX6[2]     ; 4.057 ;       ;       ; 4.057 ;
; SW[1]      ; HEX6[3]     ;       ; 4.239 ; 4.239 ;       ;
; SW[1]      ; HEX6[4]     ;       ; 3.961 ; 3.961 ;       ;
; SW[1]      ; HEX6[5]     ; 3.871 ;       ;       ; 3.871 ;
; SW[1]      ; HEX6[6]     ; 3.851 ; 3.851 ; 3.851 ; 3.851 ;
; SW[1]      ; LEDG[0]     ; 5.069 ; 5.069 ; 5.069 ; 5.069 ;
; SW[1]      ; LEDG[1]     ; 5.039 ; 5.039 ; 5.039 ; 5.039 ;
; SW[1]      ; LEDG[2]     ; 5.235 ; 5.235 ; 5.235 ; 5.235 ;
; SW[1]      ; LEDG[3]     ; 5.033 ; 5.033 ; 5.033 ; 5.033 ;
; SW[1]      ; LEDG[4]     ; 4.894 ; 4.795 ; 4.795 ; 4.894 ;
; SW[1]      ; LEDR[1]     ; 3.023 ;       ;       ; 3.023 ;
; SW[2]      ; HEX0[0]     ; 4.838 ; 4.838 ; 4.838 ; 4.838 ;
; SW[2]      ; HEX0[1]     ; 4.616 ; 4.616 ; 4.616 ; 4.616 ;
; SW[2]      ; HEX0[2]     ; 4.625 ; 4.625 ; 4.625 ; 4.625 ;
; SW[2]      ; HEX0[3]     ; 4.821 ; 4.821 ; 4.821 ; 4.821 ;
; SW[2]      ; HEX0[4]     ; 4.533 ; 4.533 ; 4.533 ; 4.533 ;
; SW[2]      ; HEX0[5]     ; 4.716 ; 4.753 ; 4.753 ; 4.716 ;
; SW[2]      ; HEX0[6]     ; 4.517 ; 4.517 ; 4.517 ; 4.517 ;
; SW[2]      ; HEX1[0]     ; 5.661 ; 5.661 ; 5.661 ; 5.661 ;
; SW[2]      ; HEX1[3]     ; 5.516 ; 5.516 ; 5.516 ; 5.516 ;
; SW[2]      ; HEX1[4]     ; 5.536 ; 5.536 ; 5.536 ; 5.536 ;
; SW[2]      ; HEX1[5]     ; 5.336 ; 5.336 ; 5.336 ; 5.336 ;
; SW[2]      ; HEX6[0]     ; 4.110 ; 4.110 ; 4.110 ; 4.110 ;
; SW[2]      ; HEX6[1]     ; 4.398 ;       ;       ; 4.398 ;
; SW[2]      ; HEX6[2]     ;       ; 4.019 ; 4.019 ;       ;
; SW[2]      ; HEX6[3]     ; 4.239 ; 4.239 ; 4.239 ; 4.239 ;
; SW[2]      ; HEX6[4]     ; 3.956 ; 3.956 ; 3.956 ; 3.956 ;
; SW[2]      ; HEX6[5]     ;       ; 3.861 ; 3.861 ;       ;
; SW[2]      ; HEX6[6]     ; 3.850 ; 3.850 ; 3.850 ; 3.850 ;
; SW[2]      ; LEDG[0]     ; 5.053 ; 5.053 ; 5.053 ; 5.053 ;
; SW[2]      ; LEDG[1]     ; 5.127 ; 5.127 ; 5.127 ; 5.127 ;
; SW[2]      ; LEDG[2]     ; 5.049 ; 5.049 ; 5.049 ; 5.049 ;
; SW[2]      ; LEDG[3]     ; 5.011 ; 5.011 ; 5.011 ; 5.011 ;
; SW[2]      ; LEDG[4]     ; 4.810 ; 4.773 ; 4.773 ; 4.810 ;
; SW[2]      ; LEDR[2]     ; 2.794 ;       ;       ; 2.794 ;
; SW[3]      ; HEX0[0]     ; 4.742 ; 4.742 ; 4.742 ; 4.742 ;
; SW[3]      ; HEX0[1]     ; 4.756 ; 4.756 ; 4.756 ; 4.756 ;
; SW[3]      ; HEX0[2]     ; 4.765 ; 4.765 ; 4.765 ; 4.765 ;
; SW[3]      ; HEX0[3]     ; 4.725 ; 4.725 ; 4.725 ; 4.725 ;
; SW[3]      ; HEX0[4]     ; 4.673 ; 4.673 ; 4.673 ; 4.673 ;
; SW[3]      ; HEX0[5]     ; 4.693 ; 4.693 ; 4.693 ; 4.693 ;
; SW[3]      ; HEX0[6]     ; 4.657 ; 4.657 ; 4.657 ; 4.657 ;
; SW[3]      ; HEX1[0]     ; 5.801 ; 5.801 ; 5.801 ; 5.801 ;
; SW[3]      ; HEX1[3]     ; 5.656 ; 5.656 ; 5.656 ; 5.656 ;
; SW[3]      ; HEX1[4]     ; 5.676 ; 5.676 ; 5.676 ; 5.676 ;
; SW[3]      ; HEX1[5]     ; 5.476 ; 5.476 ; 5.476 ; 5.476 ;
; SW[3]      ; HEX6[0]     ;       ; 4.255 ; 4.255 ;       ;
; SW[3]      ; HEX6[1]     ;       ; 4.540 ; 4.540 ;       ;
; SW[3]      ; HEX6[2]     ;       ; 4.169 ; 4.169 ;       ;
; SW[3]      ; HEX6[3]     ;       ; 4.384 ; 4.384 ;       ;
; SW[3]      ; HEX6[4]     ;       ; 4.101 ; 4.101 ;       ;
; SW[3]      ; HEX6[5]     ;       ; 4.010 ; 4.010 ;       ;
; SW[3]      ; HEX6[6]     ; 3.995 ; 3.995 ; 3.995 ; 3.995 ;
; SW[3]      ; LEDG[0]     ; 5.197 ; 5.197 ; 5.197 ; 5.197 ;
; SW[3]      ; LEDG[1]     ; 5.031 ; 5.031 ; 5.031 ; 5.031 ;
; SW[3]      ; LEDG[2]     ; 5.189 ; 5.189 ; 5.189 ; 5.189 ;
; SW[3]      ; LEDG[3]     ; 5.158 ; 5.158 ; 5.158 ; 5.158 ;
; SW[3]      ; LEDG[4]     ; 4.920 ; 4.886 ; 4.886 ; 4.920 ;
; SW[3]      ; LEDR[3]     ; 3.493 ;       ;       ; 3.493 ;
; SW[4]      ; HEX0[0]     ; 4.576 ; 4.576 ; 4.576 ; 4.576 ;
; SW[4]      ; HEX0[1]     ; 4.524 ; 4.524 ; 4.524 ; 4.524 ;
; SW[4]      ; HEX0[2]     ; 4.533 ; 4.533 ; 4.533 ; 4.533 ;
; SW[4]      ; HEX0[3]     ; 4.559 ; 4.559 ; 4.559 ; 4.559 ;
; SW[4]      ; HEX0[4]     ; 4.441 ; 4.441 ; 4.441 ; 4.441 ;
; SW[4]      ; HEX0[5]     ; 4.527 ; 4.527 ; 4.527 ; 4.527 ;
; SW[4]      ; HEX0[6]     ; 4.425 ; 4.425 ; 4.425 ; 4.425 ;
; SW[4]      ; HEX1[0]     ; 5.569 ; 5.569 ; 5.569 ; 5.569 ;
; SW[4]      ; HEX1[3]     ; 5.424 ; 5.424 ; 5.424 ; 5.424 ;
; SW[4]      ; HEX1[4]     ; 5.444 ; 5.444 ; 5.444 ; 5.444 ;
; SW[4]      ; HEX1[5]     ; 5.244 ; 5.244 ; 5.244 ; 5.244 ;
; SW[4]      ; HEX4[0]     ; 3.776 ; 3.776 ; 3.776 ; 3.776 ;
; SW[4]      ; HEX4[1]     ; 3.955 ; 3.955 ; 3.955 ; 3.955 ;
; SW[4]      ; HEX4[2]     ;       ; 4.351 ; 4.351 ;       ;
; SW[4]      ; HEX4[3]     ; 3.638 ; 3.638 ; 3.638 ; 3.638 ;
; SW[4]      ; HEX4[4]     ; 3.919 ;       ;       ; 3.919 ;
; SW[4]      ; HEX4[5]     ; 4.264 ;       ;       ; 4.264 ;
; SW[4]      ; HEX4[6]     ; 3.682 ;       ;       ; 3.682 ;
; SW[4]      ; LEDG[0]     ; 4.789 ; 4.789 ; 4.789 ; 4.789 ;
; SW[4]      ; LEDG[1]     ; 4.865 ; 4.865 ; 4.865 ; 4.865 ;
; SW[4]      ; LEDG[2]     ; 4.957 ; 4.957 ; 4.957 ; 4.957 ;
; SW[4]      ; LEDG[3]     ; 4.956 ; 4.956 ; 4.956 ; 4.956 ;
; SW[4]      ; LEDG[4]     ; 4.615 ;       ;       ; 4.615 ;
; SW[4]      ; LEDR[4]     ; 2.842 ;       ;       ; 2.842 ;
; SW[5]      ; HEX0[0]     ; 4.354 ; 4.354 ; 4.354 ; 4.354 ;
; SW[5]      ; HEX0[1]     ; 4.405 ; 4.405 ; 4.405 ; 4.405 ;
; SW[5]      ; HEX0[2]     ; 4.414 ; 4.414 ; 4.414 ; 4.414 ;
; SW[5]      ; HEX0[3]     ; 4.337 ; 4.337 ; 4.337 ; 4.337 ;
; SW[5]      ; HEX0[4]     ; 4.322 ; 4.322 ; 4.322 ; 4.322 ;
; SW[5]      ; HEX0[5]     ; 4.305 ; 4.305 ; 4.305 ; 4.305 ;
; SW[5]      ; HEX0[6]     ; 4.306 ; 4.306 ; 4.306 ; 4.306 ;
; SW[5]      ; HEX1[0]     ; 5.447 ; 5.447 ; 5.447 ; 5.447 ;
; SW[5]      ; HEX1[3]     ; 5.302 ; 5.302 ; 5.302 ; 5.302 ;
; SW[5]      ; HEX1[4]     ; 5.322 ; 5.322 ; 5.322 ; 5.322 ;
; SW[5]      ; HEX1[5]     ; 5.122 ; 5.122 ; 5.122 ; 5.122 ;
; SW[5]      ; HEX4[0]     ;       ; 3.770 ; 3.770 ;       ;
; SW[5]      ; HEX4[1]     ; 3.947 ; 3.947 ; 3.947 ; 3.947 ;
; SW[5]      ; HEX4[2]     ; 4.344 ;       ;       ; 4.344 ;
; SW[5]      ; HEX4[3]     ;       ; 3.632 ; 3.632 ;       ;
; SW[5]      ; HEX4[4]     ;       ; 3.905 ; 3.905 ;       ;
; SW[5]      ; HEX4[5]     ; 4.254 ;       ;       ; 4.254 ;
; SW[5]      ; HEX4[6]     ; 3.668 ; 3.668 ; 3.668 ; 3.668 ;
; SW[5]      ; LEDG[0]     ; 4.775 ; 4.775 ; 4.775 ; 4.775 ;
; SW[5]      ; LEDG[1]     ; 4.643 ; 4.643 ; 4.643 ; 4.643 ;
; SW[5]      ; LEDG[2]     ; 4.838 ; 4.838 ; 4.838 ; 4.838 ;
; SW[5]      ; LEDG[3]     ; 4.837 ; 4.837 ; 4.837 ; 4.837 ;
; SW[5]      ; LEDG[4]     ; 4.496 ; 4.601 ; 4.601 ; 4.496 ;
; SW[5]      ; LEDR[5]     ; 3.062 ;       ;       ; 3.062 ;
; SW[6]      ; HEX0[0]     ; 4.578 ; 4.578 ; 4.578 ; 4.578 ;
; SW[6]      ; HEX0[1]     ; 4.378 ; 4.378 ; 4.378 ; 4.378 ;
; SW[6]      ; HEX0[2]     ; 4.387 ; 4.387 ; 4.387 ; 4.387 ;
; SW[6]      ; HEX0[3]     ; 4.561 ; 4.561 ; 4.561 ; 4.561 ;
; SW[6]      ; HEX0[4]     ; 4.295 ; 4.295 ; 4.295 ; 4.295 ;
; SW[6]      ; HEX0[5]     ; 4.529 ; 4.517 ; 4.517 ; 4.529 ;
; SW[6]      ; HEX0[6]     ; 4.279 ; 4.279 ; 4.279 ; 4.279 ;
; SW[6]      ; HEX1[0]     ; 5.423 ; 5.423 ; 5.423 ; 5.423 ;
; SW[6]      ; HEX1[3]     ; 5.278 ; 5.278 ; 5.278 ; 5.278 ;
; SW[6]      ; HEX1[4]     ; 5.298 ; 5.298 ; 5.298 ; 5.298 ;
; SW[6]      ; HEX1[5]     ; 5.098 ; 5.098 ; 5.098 ; 5.098 ;
; SW[6]      ; HEX4[0]     ; 3.790 ; 3.790 ; 3.790 ; 3.790 ;
; SW[6]      ; HEX4[1]     ; 3.994 ;       ;       ; 3.994 ;
; SW[6]      ; HEX4[2]     ;       ; 4.352 ; 4.352 ;       ;
; SW[6]      ; HEX4[3]     ; 3.652 ; 3.652 ; 3.652 ; 3.652 ;
; SW[6]      ; HEX4[4]     ; 3.921 ; 3.921 ; 3.921 ; 3.921 ;
; SW[6]      ; HEX4[5]     ;       ; 4.272 ; 4.272 ;       ;
; SW[6]      ; HEX4[6]     ; 3.688 ; 3.688 ; 3.688 ; 3.688 ;
; SW[6]      ; LEDG[0]     ; 4.791 ; 4.791 ; 4.791 ; 4.791 ;
; SW[6]      ; LEDG[1]     ; 4.867 ; 4.867 ; 4.867 ; 4.867 ;
; SW[6]      ; LEDG[2]     ; 4.811 ; 4.811 ; 4.811 ; 4.811 ;
; SW[6]      ; LEDG[3]     ; 4.915 ; 4.915 ; 4.915 ; 4.915 ;
; SW[6]      ; LEDG[4]     ; 4.574 ; 4.617 ; 4.617 ; 4.574 ;
; SW[6]      ; LEDR[6]     ; 2.870 ;       ;       ; 2.870 ;
; SW[7]      ; HEX0[0]     ; 4.814 ; 4.814 ; 4.814 ; 4.814 ;
; SW[7]      ; HEX0[1]     ; 4.743 ; 4.743 ; 4.743 ; 4.743 ;
; SW[7]      ; HEX0[2]     ; 4.752 ; 4.752 ; 4.752 ; 4.752 ;
; SW[7]      ; HEX0[3]     ; 4.797 ; 4.797 ; 4.797 ; 4.797 ;
; SW[7]      ; HEX0[4]     ; 4.660 ; 4.660 ; 4.660 ; 4.660 ;
; SW[7]      ; HEX0[5]     ; 4.765 ; 4.765 ; 4.765 ; 4.765 ;
; SW[7]      ; HEX0[6]     ; 4.644 ; 4.644 ; 4.644 ; 4.644 ;
; SW[7]      ; HEX1[0]     ; 5.788 ; 5.788 ; 5.788 ; 5.788 ;
; SW[7]      ; HEX1[3]     ; 5.643 ; 5.643 ; 5.643 ; 5.643 ;
; SW[7]      ; HEX1[4]     ; 5.663 ; 5.663 ; 5.663 ; 5.663 ;
; SW[7]      ; HEX1[5]     ; 5.463 ; 5.463 ; 5.463 ; 5.463 ;
; SW[7]      ; HEX4[0]     ;       ; 4.173 ; 4.173 ;       ;
; SW[7]      ; HEX4[1]     ;       ; 4.351 ; 4.351 ;       ;
; SW[7]      ; HEX4[2]     ;       ; 4.753 ; 4.753 ;       ;
; SW[7]      ; HEX4[3]     ;       ; 4.035 ; 4.035 ;       ;
; SW[7]      ; HEX4[4]     ;       ; 4.316 ; 4.316 ;       ;
; SW[7]      ; HEX4[5]     ;       ; 4.661 ; 4.661 ;       ;
; SW[7]      ; HEX4[6]     ; 4.079 ; 4.079 ; 4.079 ; 4.079 ;
; SW[7]      ; LEDG[0]     ; 5.186 ; 5.186 ; 5.186 ; 5.186 ;
; SW[7]      ; LEDG[1]     ; 5.103 ; 5.103 ; 5.103 ; 5.103 ;
; SW[7]      ; LEDG[2]     ; 5.176 ; 5.176 ; 5.176 ; 5.176 ;
; SW[7]      ; LEDG[3]     ; 5.280 ; 5.280 ; 5.280 ; 5.280 ;
; SW[7]      ; LEDG[4]     ; 5.110 ; 4.939 ; 4.939 ; 5.110 ;
; SW[7]      ; LEDR[7]     ; 3.448 ;       ;       ; 3.448 ;
; SW[8]      ; HEX0[0]     ; 4.941 ; 4.941 ; 4.941 ; 4.941 ;
; SW[8]      ; HEX0[1]     ; 4.889 ; 4.889 ; 4.889 ; 4.889 ;
; SW[8]      ; HEX0[2]     ; 4.898 ; 4.898 ; 4.898 ; 4.898 ;
; SW[8]      ; HEX0[3]     ; 4.924 ; 4.924 ; 4.924 ; 4.924 ;
; SW[8]      ; HEX0[4]     ; 4.806 ; 4.806 ; 4.806 ; 4.806 ;
; SW[8]      ; HEX0[5]     ; 4.892 ; 4.892 ; 4.892 ; 4.892 ;
; SW[8]      ; HEX0[6]     ; 4.790 ; 4.790 ; 4.790 ; 4.790 ;
; SW[8]      ; HEX1[0]     ; 5.934 ; 5.934 ; 5.934 ; 5.934 ;
; SW[8]      ; HEX1[3]     ; 5.789 ; 5.789 ; 5.789 ; 5.789 ;
; SW[8]      ; HEX1[4]     ; 5.809 ; 5.809 ; 5.809 ; 5.809 ;
; SW[8]      ; HEX1[5]     ; 5.609 ; 5.609 ; 5.609 ; 5.609 ;
; SW[8]      ; LEDG[0]     ; 5.259 ; 5.259 ; 5.259 ; 5.259 ;
; SW[8]      ; LEDG[1]     ; 5.230 ; 5.230 ; 5.230 ; 5.230 ;
; SW[8]      ; LEDG[2]     ; 5.322 ; 5.322 ; 5.322 ; 5.322 ;
; SW[8]      ; LEDG[3]     ; 5.321 ; 5.321 ; 5.321 ; 5.321 ;
; SW[8]      ; LEDG[4]     ; 4.980 ;       ;       ; 4.980 ;
; SW[8]      ; LEDR[8]     ; 3.227 ;       ;       ; 3.227 ;
+------------+-------------+-------+-------+-------+-------+


-------------------
; Clock Transfers ;
-------------------
Nothing to report.


---------------
; Report TCCS ;
---------------
No dedicated SERDES Transmitter circuitry present in device or used in design


---------------
; Report RSKM ;
---------------
No dedicated SERDES Receiver circuitry present in device or used in design


+------------------------------------------------+
; Unconstrained Paths                            ;
+---------------------------------+-------+------+
; Property                        ; Setup ; Hold ;
+---------------------------------+-------+------+
; Illegal Clocks                  ; 0     ; 0    ;
; Unconstrained Clocks            ; 0     ; 0    ;
; Unconstrained Input Ports       ; 9     ; 9    ;
; Unconstrained Input Port Paths  ; 209   ; 209  ;
; Unconstrained Output Ports      ; 39    ; 39   ;
; Unconstrained Output Port Paths ; 209   ; 209  ;
+---------------------------------+-------+------+


+------------------------------------+
; TimeQuest Timing Analyzer Messages ;
+------------------------------------+
Info: *******************************************************************
Info: Running Quartus II 64-Bit TimeQuest Timing Analyzer
    Info: Version 13.0.1 Build 232 06/12/2013 Service Pack 1 SJ Web Edition
    Info: Processing started: Wed May 04 17:57:17 2016
Info: Command: quartus_sta Part4 -c Part4
Info: qsta_default_script.tcl version: #1
Warning (20028): Parallel compilation is not licensed and has been disabled
Info (21077): Low junction temperature is 0 degrees C
Info (21077): High junction temperature is 85 degrees C
Critical Warning (332012): Synopsys Design Constraints File file not found: 'Part4.sdc'. A Synopsys Design Constraints File is required by the TimeQuest Timing Analyzer to get proper timing constraints. Without it, the Compiler will not properly optimize the design.
Info (332142): No user constrained base clocks found in the design. Calling "derive_clocks -period 1.0"
Info (332096): The command derive_clocks did not find any clocks to derive.  No clocks were created or changed.
Warning (332068): No clocks defined in design.
Info: Found TIMEQUEST_REPORT_SCRIPT_INCLUDE_DEFAULT_ANALYSIS = ON
Info (332159): No clocks to report
Info: Analyzing Slow Model
Info (332140): No fmax paths to report
Info (332140): No Setup paths to report
Info (332140): No Hold paths to report
Info (332140): No Recovery paths to report
Info (332140): No Removal paths to report
Info (332140): No Minimum Pulse Width paths to report
Info (332001): The selected device family is not supported by the report_metastability command.
Info: Analyzing Fast Model
Info (332142): No user constrained base clocks found in the design. Calling "derive_clocks -period 1.0"
Info (332096): The command derive_clocks did not find any clocks to derive.  No clocks were created or changed.
Warning (332068): No clocks defined in design.
Info (332140): No Setup paths to report
Info (332140): No Hold paths to report
Info (332140): No Recovery paths to report
Info (332140): No Removal paths to report
Info (332140): No Minimum Pulse Width paths to report
Info (332001): The selected device family is not supported by the report_metastability command.
Info (332102): Design is not fully constrained for setup requirements
Info (332102): Design is not fully constrained for hold requirements
Info: Quartus II 64-Bit TimeQuest Timing Analyzer was successful. 0 errors, 4 warnings
    Info: Peak virtual memory: 429 megabytes
    Info: Processing ended: Wed May 04 17:57:19 2016
    Info: Elapsed time: 00:00:02
    Info: Total CPU time (on all processors): 00:00:01


