Analysis & Synthesis report for PartIII
Sat May 14 15:11:06 2016
Quartus II 64-Bit Version 13.0.1 Build 232 06/12/2013 Service Pack 1 SJ Web Edition


---------------------
; Table of Contents ;
---------------------
  1. Legal Notice
  2. Analysis & Synthesis Summary
  3. Analysis & Synthesis Settings
  4. Parallel Compilation
  5. Analysis & Synthesis Source Files Read
  6. Analysis & Synthesis Resource Usage Summary
  7. Analysis & Synthesis Resource Utilization by Entity
  8. Registers Removed During Synthesis
  9. Removed Registers Triggering Further Register Optimizations
 10. General Register Statistics
 11. Multiplexer Restructuring Statistics (Restructuring Performed)
 12. Elapsed Time Per Partition
 13. Analysis & Synthesis Messages



----------------
; Legal Notice ;
----------------
Copyright (C) 1991-2013 Altera Corporation
Your use of Altera Corporation's design tools, logic functions 
and other software and tools, and its AMPP partner logic 
functions, and any output files from any of the foregoing 
(including device programming or simulation files), and any 
associated documentation or information are expressly subject 
to the terms and conditions of the Altera Program License 
Subscription Agreement, Altera MegaCore Function License 
Agreement, or other applicable license agreement, including, 
without limitation, that your use is for the sole purpose of 
programming logic devices manufactured by Altera and sold by 
Altera or its authorized distributors.  Please refer to the 
applicable agreement for further details.



+--------------------------------------------------------------------------------------+
; Analysis & Synthesis Summary                                                         ;
+------------------------------------+-------------------------------------------------+
; Analysis & Synthesis Status        ; Successful - Sat May 14 15:11:06 2016           ;
; Quartus II 64-Bit Version          ; 13.0.1 Build 232 06/12/2013 SP 1 SJ Web Edition ;
; Revision Name                      ; PartIII                                         ;
; Top-level Entity Name              ; PartIII                                         ;
; Family                             ; Cyclone II                                      ;
; Total logic elements               ; 0                                               ;
;     Total combinational functions  ; 0                                               ;
;     Dedicated logic registers      ; 0                                               ;
; Total registers                    ; 0                                               ;
; Total pins                         ; 35                                              ;
; Total virtual pins                 ; 0                                               ;
; Total memory bits                  ; 0                                               ;
; Embedded Multiplier 9-bit elements ; 0                                               ;
; Total PLLs                         ; 0                                               ;
+------------------------------------+-------------------------------------------------+


+----------------------------------------------------------------------------------------------------------------------+
; Analysis & Synthesis Settings                                                                                        ;
+----------------------------------------------------------------------------+--------------------+--------------------+
; Option                                                                     ; Setting            ; Default Value      ;
+----------------------------------------------------------------------------+--------------------+--------------------+
; Device                                                                     ; EP2C35F672C6       ;                    ;
; Top-level entity name                                                      ; PartIII            ; PartIII            ;
; Family name                                                                ; Cyclone II         ; Cyclone IV GX      ;
; Use smart compilation                                                      ; Off                ; Off                ;
; Enable parallel Assembler and TimeQuest Timing Analyzer during compilation ; On                 ; On                 ;
; Enable compact report table                                                ; Off                ; Off                ;
; Restructure Multiplexers                                                   ; Auto               ; Auto               ;
; Create Debugging Nodes for IP Cores                                        ; Off                ; Off                ;
; Preserve fewer node names                                                  ; On                 ; On                 ;
; Disable OpenCore Plus hardware evaluation                                  ; Off                ; Off                ;
; Verilog Version                                                            ; Verilog_2001       ; Verilog_2001       ;
; VHDL Version                                                               ; VHDL_1993          ; VHDL_1993          ;
; State Machine Processing                                                   ; Auto               ; Auto               ;
; Safe State Machine                                                         ; Off                ; Off                ;
; Extract Verilog State Machines                                             ; On                 ; On                 ;
; Extract VHDL State Machines                                                ; On                 ; On                 ;
; Ignore Verilog initial constructs                                          ; Off                ; Off                ;
; Iteration limit for constant Verilog loops                                 ; 5000               ; 5000               ;
; Iteration limit for non-constant Verilog loops                             ; 250                ; 250                ;
; Add Pass-Through Logic to Inferred RAMs                                    ; On                 ; On                 ;
; Infer RAMs from Raw Logic                                                  ; On                 ; On                 ;
; Parallel Synthesis                                                         ; On                 ; On                 ;
; DSP Block Balancing                                                        ; Auto               ; Auto               ;
; NOT Gate Push-Back                                                         ; On                 ; On                 ;
; Power-Up Don't Care                                                        ; On                 ; On                 ;
; Remove Redundant Logic Cells                                               ; Off                ; Off                ;
; Remove Duplicate Registers                                                 ; On                 ; On                 ;
; Ignore CARRY Buffers                                                       ; Off                ; Off                ;
; Ignore CASCADE Buffers                                                     ; Off                ; Off                ;
; Ignore GLOBAL Buffers                                                      ; Off                ; Off                ;
; Ignore ROW GLOBAL Buffers                                                  ; Off                ; Off                ;
; Ignore LCELL Buffers                                                       ; Off                ; Off                ;
; Ignore SOFT Buffers                                                        ; On                 ; On                 ;
; Limit AHDL Integers to 32 Bits                                             ; Off                ; Off                ;
; Optimization Technique                                                     ; Balanced           ; Balanced           ;
; Carry Chain Length                                                         ; 70                 ; 70                 ;
; Auto Carry Chains                                                          ; On                 ; On                 ;
; Auto Open-Drain Pins                                                       ; On                 ; On                 ;
; Perform WYSIWYG Primitive Resynthesis                                      ; Off                ; Off                ;
; Auto ROM Replacement                                                       ; On                 ; On                 ;
; Auto RAM Replacement                                                       ; On                 ; On                 ;
; Auto Shift Register Replacement                                            ; Auto               ; Auto               ;
; Allow Shift Register Merging across Hierarchies                            ; Auto               ; Auto               ;
; Auto Clock Enable Replacement                                              ; On                 ; On                 ;
; Strict RAM Replacement                                                     ; Off                ; Off                ;
; Allow Synchronous Control Signals                                          ; On                 ; On                 ;
; Force Use of Synchronous Clear Signals                                     ; Off                ; Off                ;
; Auto RAM to Logic Cell Conversion                                          ; Off                ; Off                ;
; Auto Resource Sharing                                                      ; Off                ; Off                ;
; Allow Any RAM Size For Recognition                                         ; Off                ; Off                ;
; Allow Any ROM Size For Recognition                                         ; Off                ; Off                ;
; Allow Any Shift Register Size For Recognition                              ; Off                ; Off                ;
; Use LogicLock Constraints during Resource Balancing                        ; On                 ; On                 ;
; Ignore translate_off and synthesis_off directives                          ; Off                ; Off                ;
; Timing-Driven Synthesis                                                    ; Off                ; Off                ;
; Report Parameter Settings                                                  ; On                 ; On                 ;
; Report Source Assignments                                                  ; On                 ; On                 ;
; Report Connectivity Checks                                                 ; On                 ; On                 ;
; Ignore Maximum Fan-Out Assignments                                         ; Off                ; Off                ;
; Synchronization Register Chain Length                                      ; 2                  ; 2                  ;
; PowerPlay Power Optimization                                               ; Normal compilation ; Normal compilation ;
; HDL message level                                                          ; Level2             ; Level2             ;
; Suppress Register Optimization Related Messages                            ; Off                ; Off                ;
; Number of Removed Registers Reported in Synthesis Report                   ; 5000               ; 5000               ;
; Number of Swept Nodes Reported in Synthesis Report                         ; 5000               ; 5000               ;
; Number of Inverted Registers Reported in Synthesis Report                  ; 100                ; 100                ;
; Clock MUX Protection                                                       ; On                 ; On                 ;
; Auto Gated Clock Conversion                                                ; Off                ; Off                ;
; Block Design Naming                                                        ; Auto               ; Auto               ;
; SDC constraint protection                                                  ; Off                ; Off                ;
; Synthesis Effort                                                           ; Auto               ; Auto               ;
; Shift Register Replacement - Allow Asynchronous Clear Signal               ; On                 ; On                 ;
; Pre-Mapping Resynthesis Optimization                                       ; Off                ; Off                ;
; Analysis & Synthesis Message Level                                         ; Medium             ; Medium             ;
; Disable Register Merging Across Hierarchies                                ; Auto               ; Auto               ;
; Resource Aware Inference For Block RAM                                     ; On                 ; On                 ;
; Synthesis Seed                                                             ; 1                  ; 1                  ;
+----------------------------------------------------------------------------+--------------------+--------------------+


Parallel compilation was disabled, but you have multiple processors available. Enable parallel compilation to reduce compilation time.
+-------------------------------------+
; Parallel Compilation                ;
+----------------------------+--------+
; Processors                 ; Number ;
+----------------------------+--------+
; Number detected on machine ; 4      ;
; Maximum allowed            ; 1      ;
+----------------------------+--------+


+----------------------------------------------------------------------------------------------------------------------------+
; Analysis & Synthesis Source Files Read                                                                                     ;
+----------------------------------+-----------------+-----------------+-------------------------------------------+---------+
; File Name with User-Entered Path ; Used in Netlist ; File Type       ; File Name with Absolute Path              ; Library ;
+----------------------------------+-----------------+-----------------+-------------------------------------------+---------+
; vhdl/decod7seg.vhd               ; yes             ; User VHDL File  ; G:/PLAB2/partIII/vhdl/decod7seg.vhd       ;         ;
; vhdl/reactionCounter.vhd         ; yes             ; User VHDL File  ; G:/PLAB2/partIII/vhdl/reactionCounter.vhd ;         ;
; PartIII.vhd                      ; yes             ; User VHDL File  ; G:/PLAB2/partIII/PartIII.vhd              ;         ;
+----------------------------------+-----------------+-----------------+-------------------------------------------+---------+


+-----------------------------------------------------+
; Analysis & Synthesis Resource Usage Summary         ;
+---------------------------------------------+-------+
; Resource                                    ; Usage ;
+---------------------------------------------+-------+
;                                             ;       ;
; Total combinational functions               ; 0     ;
; Logic element usage by number of LUT inputs ;       ;
;     -- 4 input functions                    ; 0     ;
;     -- 3 input functions                    ; 0     ;
;     -- <=2 input functions                  ; 0     ;
;                                             ;       ;
; Logic elements by mode                      ;       ;
;     -- normal mode                          ; 0     ;
;     -- arithmetic mode                      ; 0     ;
;                                             ;       ;
; Total registers                             ; 0     ;
;     -- Dedicated logic registers            ; 0     ;
;     -- I/O registers                        ; 0     ;
;                                             ;       ;
; I/O pins                                    ; 35    ;
; Embedded Multiplier 9-bit elements          ; 0     ;
+---------------------------------------------+-------+


+-----------------------------------------------------------------------------------------------------------------------------------------------------------------------------+
; Analysis & Synthesis Resource Utilization by Entity                                                                                                                         ;
+----------------------------+-------------------+--------------+-------------+--------------+---------+-----------+------+--------------+---------------------+--------------+
; Compilation Hierarchy Node ; LC Combinationals ; LC Registers ; Memory Bits ; DSP Elements ; DSP 9x9 ; DSP 18x18 ; Pins ; Virtual Pins ; Full Hierarchy Name ; Library Name ;
+----------------------------+-------------------+--------------+-------------+--------------+---------+-----------+------+--------------+---------------------+--------------+
; |PartIII                   ; 0 (0)             ; 0 (0)        ; 0           ; 0            ; 0       ; 0         ; 35   ; 0            ; |PartIII            ; work         ;
+----------------------------+-------------------+--------------+-------------+--------------+---------+-----------+------+--------------+---------------------+--------------+
Note: For table entries with two numbers listed, the numbers in parentheses indicate the number of resources of the given type used by the specific entity alone. The numbers listed outside of parentheses indicate the total resources of the given type used by the specific entity and all of its sub-entities in the hierarchy.


+--------------------------------------------------------------------------------------+
; Registers Removed During Synthesis                                                   ;
+----------------------------------------+---------------------------------------------+
; Register name                          ; Reason for Removal                          ;
+----------------------------------------+---------------------------------------------+
; reactionCounter:rC|sai                 ; Stuck at GND due to stuck port data_in      ;
; reactionCounter:rC|o1[0..3]            ; Stuck at GND due to stuck port clock_enable ;
; reactionCounter:rC|o2[0..3]            ; Stuck at GND due to stuck port clock_enable ;
; reactionCounter:rC|o3[0..3]            ; Stuck at GND due to stuck port clock_enable ;
; reactionCounter:rC|i2[1,2]             ; Stuck at GND due to stuck port clock_enable ;
; reactionCounter:rC|i2[0]               ; Stuck at VCC due to stuck port clock_enable ;
; reactionCounter:rC|i3[3]               ; Stuck at VCC due to stuck port clock_enable ;
; reactionCounter:rC|i3[1,2]             ; Stuck at GND due to stuck port clock_enable ;
; reactionCounter:rC|i3[0]               ; Stuck at VCC due to stuck port clock_enable ;
; reactionCounter:rC|i1[1,2]             ; Stuck at GND due to stuck port clock_enable ;
; reactionCounter:rC|i1[0]               ; Stuck at VCC due to stuck port clock_enable ;
; reactionCounter:rC|i2[3]               ; Lost fanout                                 ;
; reactionCounter:rC|miliseg[0..12]      ; Lost fanout                                 ;
; reactionCounter:rC|i1[3]               ; Lost fanout                                 ;
; reactionCounter:rC|secs[0..7]          ; Lost fanout                                 ;
; reactionCounter:rC|segundo[0..22]      ; Lost fanout                                 ;
; Total Number of Removed Registers = 69 ;                                             ;
+----------------------------------------+---------------------------------------------+


+------------------------------------------------------------------------------------------------------------------------------------------+
; Removed Registers Triggering Further Register Optimizations                                                                              ;
+------------------------+---------------------------+-------------------------------------------------------------------------------------+
; Register name          ; Reason for Removal        ; Registers Removed due to This Register                                              ;
+------------------------+---------------------------+-------------------------------------------------------------------------------------+
; reactionCounter:rC|sai ; Stuck at GND              ; reactionCounter:rC|o1[3], reactionCounter:rC|o1[2], reactionCounter:rC|o1[1],       ;
;                        ; due to stuck port data_in ; reactionCounter:rC|o1[0], reactionCounter:rC|o2[3], reactionCounter:rC|o2[2],       ;
;                        ;                           ; reactionCounter:rC|o2[1], reactionCounter:rC|o2[0], reactionCounter:rC|o3[3],       ;
;                        ;                           ; reactionCounter:rC|o3[2], reactionCounter:rC|o3[1], reactionCounter:rC|o3[0],       ;
;                        ;                           ; reactionCounter:rC|i2[2], reactionCounter:rC|i2[1], reactionCounter:rC|i3[3],       ;
;                        ;                           ; reactionCounter:rC|i3[2], reactionCounter:rC|i3[1], reactionCounter:rC|i3[0],       ;
;                        ;                           ; reactionCounter:rC|i1[0], reactionCounter:rC|i2[3], reactionCounter:rC|miliseg[12], ;
;                        ;                           ; reactionCounter:rC|miliseg[11], reactionCounter:rC|miliseg[10],                     ;
;                        ;                           ; reactionCounter:rC|miliseg[9], reactionCounter:rC|miliseg[8],                       ;
;                        ;                           ; reactionCounter:rC|miliseg[7], reactionCounter:rC|miliseg[6],                       ;
;                        ;                           ; reactionCounter:rC|i1[3], reactionCounter:rC|secs[7], reactionCounter:rC|secs[6],   ;
;                        ;                           ; reactionCounter:rC|secs[5], reactionCounter:rC|secs[4], reactionCounter:rC|secs[3], ;
;                        ;                           ; reactionCounter:rC|secs[2], reactionCounter:rC|secs[1], reactionCounter:rC|secs[0], ;
;                        ;                           ; reactionCounter:rC|segundo[22], reactionCounter:rC|segundo[21],                     ;
;                        ;                           ; reactionCounter:rC|segundo[20], reactionCounter:rC|segundo[19],                     ;
;                        ;                           ; reactionCounter:rC|segundo[18], reactionCounter:rC|segundo[17],                     ;
;                        ;                           ; reactionCounter:rC|segundo[16], reactionCounter:rC|segundo[15],                     ;
;                        ;                           ; reactionCounter:rC|segundo[14], reactionCounter:rC|segundo[13],                     ;
;                        ;                           ; reactionCounter:rC|segundo[12], reactionCounter:rC|segundo[11],                     ;
;                        ;                           ; reactionCounter:rC|segundo[10], reactionCounter:rC|segundo[9],                      ;
;                        ;                           ; reactionCounter:rC|segundo[8], reactionCounter:rC|segundo[7],                       ;
;                        ;                           ; reactionCounter:rC|segundo[6], reactionCounter:rC|segundo[5],                       ;
;                        ;                           ; reactionCounter:rC|segundo[4], reactionCounter:rC|segundo[3],                       ;
;                        ;                           ; reactionCounter:rC|segundo[2], reactionCounter:rC|segundo[1],                       ;
;                        ;                           ; reactionCounter:rC|segundo[0]                                                       ;
+------------------------+---------------------------+-------------------------------------------------------------------------------------+


+------------------------------------------------------+
; General Register Statistics                          ;
+----------------------------------------------+-------+
; Statistic                                    ; Value ;
+----------------------------------------------+-------+
; Total registers                              ; 0     ;
; Number of registers using Synchronous Clear  ; 0     ;
; Number of registers using Synchronous Load   ; 0     ;
; Number of registers using Asynchronous Clear ; 0     ;
; Number of registers using Asynchronous Load  ; 0     ;
; Number of registers using Clock Enable       ; 0     ;
; Number of registers using Preset             ; 0     ;
+----------------------------------------------+-------+


+-------------------------------------------------------------------------------------------------------------------------------------------------------+
; Multiplexer Restructuring Statistics (Restructuring Performed)                                                                                        ;
+--------------------+-----------+---------------+----------------------+------------------------+------------+-----------------------------------------+
; Multiplexer Inputs ; Bus Width ; Baseline Area ; Area if Restructured ; Saving if Restructured ; Registered ; Example Multiplexer Output              ;
+--------------------+-----------+---------------+----------------------+------------------------+------------+-----------------------------------------+
; 3:1                ; 2 bits    ; 4 LEs         ; 2 LEs                ; 2 LEs                  ; Yes        ; |PartIII|reactionCounter:rC|i2[2]       ;
; 4:1                ; 2 bits    ; 4 LEs         ; 2 LEs                ; 2 LEs                  ; Yes        ; |PartIII|reactionCounter:rC|i1[2]       ;
; 3:1                ; 14 bits   ; 28 LEs        ; 14 LEs               ; 14 LEs                 ; Yes        ; |PartIII|reactionCounter:rC|segundo[12] ;
; 5:1                ; 7 bits    ; 21 LEs        ; 7 LEs                ; 14 LEs                 ; Yes        ; |PartIII|reactionCounter:rC|miliseg[11] ;
; 3:1                ; 2 bits    ; 4 LEs         ; 2 LEs                ; 2 LEs                  ; Yes        ; |PartIII|reactionCounter:rC|i2[3]       ;
; 4:1                ; 2 bits    ; 4 LEs         ; 2 LEs                ; 2 LEs                  ; Yes        ; |PartIII|reactionCounter:rC|i1[0]       ;
; 3:1                ; 9 bits    ; 18 LEs        ; 9 LEs                ; 9 LEs                  ; Yes        ; |PartIII|reactionCounter:rC|segundo[22] ;
; 5:1                ; 6 bits    ; 18 LEs        ; 6 LEs                ; 12 LEs                 ; Yes        ; |PartIII|reactionCounter:rC|miliseg[0]  ;
+--------------------+-----------+---------------+----------------------+------------------------+------------+-----------------------------------------+


+-------------------------------+
; Elapsed Time Per Partition    ;
+----------------+--------------+
; Partition Name ; Elapsed Time ;
+----------------+--------------+
; Top            ; 00:00:00     ;
+----------------+--------------+


+-------------------------------+
; Analysis & Synthesis Messages ;
+-------------------------------+
Info: *******************************************************************
Info: Running Quartus II 64-Bit Analysis & Synthesis
    Info: Version 13.0.1 Build 232 06/12/2013 Service Pack 1 SJ Web Edition
    Info: Processing started: Sat May 14 15:11:04 2016
Info: Command: quartus_map --read_settings_files=on --write_settings_files=off PartIII -c PartIII
Warning (20028): Parallel compilation is not licensed and has been disabled
Info (12021): Found 2 design units, including 1 entities, in source file vhdl/decod7seg.vhd
    Info (12022): Found design unit 1: decod7seg-decod7seg_behv
    Info (12023): Found entity 1: decod7seg
Info (12021): Found 2 design units, including 1 entities, in source file vhdl/reactioncounter.vhd
    Info (12022): Found design unit 1: reactionCounter-reactionCounter_behv
    Info (12023): Found entity 1: reactionCounter
Info (12021): Found 2 design units, including 1 entities, in source file partiii.vhd
    Info (12022): Found design unit 1: partIII-PARTIII_behv
    Info (12023): Found entity 1: PartIII
Info (12127): Elaborating entity "PartIII" for the top level hierarchy
Info (12128): Elaborating entity "reactionCounter" for hierarchy "reactionCounter:rC"
Warning (10492): VHDL Process Statement warning at reactionCounter.vhd(24): signal "inp1" is read inside the Process Statement but isn't in the Process Statement's sensitivity list
Warning (10492): VHDL Process Statement warning at reactionCounter.vhd(25): signal "inp1" is read inside the Process Statement but isn't in the Process Statement's sensitivity list
Info (12128): Elaborating entity "decod7seg" for hierarchy "decod7seg:D1"
Warning (13024): Output pins are stuck at VCC or GND
    Warning (13410): Pin "LEDR" is stuck at GND
    Warning (13410): Pin "HEX0[0]" is stuck at GND
    Warning (13410): Pin "HEX0[1]" is stuck at GND
    Warning (13410): Pin "HEX0[2]" is stuck at GND
    Warning (13410): Pin "HEX0[3]" is stuck at GND
    Warning (13410): Pin "HEX0[4]" is stuck at GND
    Warning (13410): Pin "HEX0[5]" is stuck at GND
    Warning (13410): Pin "HEX0[6]" is stuck at VCC
    Warning (13410): Pin "HEX1[0]" is stuck at GND
    Warning (13410): Pin "HEX1[1]" is stuck at GND
    Warning (13410): Pin "HEX1[2]" is stuck at GND
    Warning (13410): Pin "HEX1[3]" is stuck at GND
    Warning (13410): Pin "HEX1[4]" is stuck at GND
    Warning (13410): Pin "HEX1[5]" is stuck at GND
    Warning (13410): Pin "HEX1[6]" is stuck at VCC
    Warning (13410): Pin "HEX2[0]" is stuck at GND
    Warning (13410): Pin "HEX2[1]" is stuck at GND
    Warning (13410): Pin "HEX2[2]" is stuck at GND
    Warning (13410): Pin "HEX2[3]" is stuck at GND
    Warning (13410): Pin "HEX2[4]" is stuck at GND
    Warning (13410): Pin "HEX2[5]" is stuck at GND
    Warning (13410): Pin "HEX2[6]" is stuck at VCC
Info (17049): 46 registers lost all their fanouts during netlist optimizations.
Info (16010): Generating hard_block partition "hard_block:auto_generated_inst"
    Info (16011): Adding 0 node(s), including 0 DDIO, 0 PLL, 0 transceiver and 0 LCELL
Warning (21074): Design contains 13 input pin(s) that do not drive logic
    Warning (15610): No output dependent on input pin "KEY[1]"
    Warning (15610): No output dependent on input pin "KEY[2]"
    Warning (15610): No output dependent on input pin "KEY[3]"
    Warning (15610): No output dependent on input pin "KEY[0]"
    Warning (15610): No output dependent on input pin "CLOCK_50"
    Warning (15610): No output dependent on input pin "SW[7]"
    Warning (15610): No output dependent on input pin "SW[6]"
    Warning (15610): No output dependent on input pin "SW[5]"
    Warning (15610): No output dependent on input pin "SW[4]"
    Warning (15610): No output dependent on input pin "SW[2]"
    Warning (15610): No output dependent on input pin "SW[3]"
    Warning (15610): No output dependent on input pin "SW[1]"
    Warning (15610): No output dependent on input pin "SW[0]"
Info (21057): Implemented 35 device resources after synthesis - the final resource count might be different
    Info (21058): Implemented 13 input pins
    Info (21059): Implemented 22 output pins
Info: Quartus II 64-Bit Analysis & Synthesis was successful. 0 errors, 40 warnings
    Info: Peak virtual memory: 523 megabytes
    Info: Processing ended: Sat May 14 15:11:06 2016
    Info: Elapsed time: 00:00:02
    Info: Total CPU time (on all processors): 00:00:02


